nohup: ignoring input
Hostname bagration not defined in /conf/study_paths/study_paths.yaml. Using default paths.
[1mParser[0m Injecting argv ['model=clip_conv', 'dset.selections=["gwilliams2022"]', 'dset.bandpass=true', 'dset.bandpass_high=0.1', 'dset.bandpass_lower=40.0', 'seed=2037', 'simpleconv.conv_dropout=0.2', 'simpleconv.depth=6', 'is_sound=true'] from sig dad01feb
{'wandb': {'use_wandb': True, 'project': 'brainmagick', 'group': 'brainmagick-group'}, 'num_prints': 5, 'device': 'cuda:5', 'verbose': 0, 'show': 0, 'download_only': False, 'is_sound': True, 'slurm': {'mem_per_gpu': 100, 'time': 4320}, 'continue_sig': None, 'continue_best': True, 'seed': 2037, 'dummy': None, 'cache': './cache', 'features_models': './features_models', 'early_stop_patience': 10, 'eval_every': 1, 'eval_train_set': False, 'optim': {'name': 'adam', 'shuffle': False, 'lr': 0.0003, 'beta2': 0.999, 'eps': 1e-08, 'epochs': 200, 'batch_size': 256, 'loss': 'clip', 'weight_decay': 0.0, 'use_weighting': False, 'max_batches': 1200, 'svd': 0.0, 'negatives': None, 'negative_pool_size': None, 'scheduler': {'name': 'None'}}, 'clip': {'linear': None, 'twin': True, 'pool': False, 'tmin': None, 'tmax': None, 'tmin_train': None, 'tmax_train': None, 'center': False, 'probabilities': False}, 'test': {'wer_negatives': 10000, 'wer_topx': 10, 'wer_random': False, 'wer_recordings': 40, 'wer_study': None}, 'dset': {'selections': ['gwilliams2022'], 'tmin': -0.5, 'tmax': 2.5, 'n_recordings': 1000, 'n_subjects': None, 'n_subjects_test': None, 'shuffle_recordings_seed': -1, 'skip_recordings': 0, 'test_ratio': 0.2, 'valid_ratio': 0.1, 'remove_ratio': 0.0, 'condition': 0.5, 'apply_baseline': True, 'min_block_duration': 6, 'force_uid_assignement': False, 'min_n_blocks_per_split': 1, 'ignore_end_in_block': False, 'ignore_start_in_block': False, 'sample_rate': 120, 'highpass': 0, 'bandpass': True, 'bandpass_high': 0.1, 'bandpass_lower': 40.0, 'event_mask': True, 'split_wav_as_block': True, 'allow_empty_split': False, 'autoreject': False, 'test': {'tmin': None, 'tmax': None, 'condition': 'word'}, 'features': ['Wav2VecTransformer'], 'extra_test_features': [], 'features_params': {'MelSpectrum': {'n_fft': 512, 'n_mels': 120, 'normalized': True, 'use_log_scale': True, 'log_scale_eps': 1e-05}, 'Pitch': {'min_f0': 100, 'max_f0': 350}, 'WordHash': {'buckets': 100000}, 'XlmEmbedding': {'contextual': False}, 'WordEmbedding': {'lang': 'auto'}, 'WordEmbeddingSmall': {'lang': 'auto'}, 'PartOfSpeech': {'lang': 'auto'}, 'Wav2VecTransformer': {'layers': [14, 15, 16, 17, 18], 'device': 'cpu', 'random': False, 'is_interpolate': True, 'size': 150}, 'Wav2VecChunk': {'device': 'cpu'}}}, 'override_n_subjects_model': None, 'norm': {'scaler': {'per_channel': False, 'n_samples_per_recording': 200, 'n_samples_features': 8000}, 'max_scale': 20.0, 'clip': True, 'exclude_empty_features': False}, 'task': {'type': 'decode', 'meg_init': 0.3, 'lowpass': 0, 'offset_meg_ms': 150, 'lowpass_gt': True, 'lowpass_gt_test': False, 'mask_loss': False}, 'dora': {'dir': './outputs', 'exclude': ['wandb.*', 'num_prints', 'device', 'num_workers', 'verbose', 'cache', 'features_models'], 'git_save': True}, 'model_name': 'simpleconv', 'convrnn': {'concatenate': False, 'depth': 2, 'linear_out': False, 'complex_out': False, 'kernel_size': 4, 'stride': 2, 'growth': 1.0, 'lstm': 4, 'bidirectional_lstm': False, 'flip_lstm': False, 'attention': 0, 'heads': 4, 'conv_dropout': 0.0, 'lstm_dropout': 0.0, 'dropout_input': 0.0, 'batch_norm': False, 'relu_leakiness': 0.0, 'subject_dim': 64, 'embedding_location': ['lstm'], 'embedding_scale': 1.0, 'subject_layers': False, 'subject_layers_dim': 'input'}, 'simpleconv': {'concatenate': False, 'depth': 6, 'linear_out': False, 'complex_out': True, 'dilation_growth': 2, 'dilation_period': 5, 'skip': True, 'post_skip': False, 'growth': 1.0, 'scale': None, 'rewrite': False, 'groups': 1, 'glu': 2, 'glu_context': 1, 'glu_glu': True, 'gelu': True, 'dual_path': 0, 'conv_dropout': 0.2, 'dropout_input': 0.0, 'batch_norm': True, 'relu_leakiness': 0.0, 'subject_dim': 0, 'subject_layers': True, 'embedding_scale': 1.0, 'subject_layers_dim': 'input', 'subject_layers_id': False, 'n_fft': None, 'fft_complex': True, 'merger': True, 'merger_pos_dim': 2048, 'merger_channels': 270, 'merger_dropout': 0.2, 'merger_penalty': 0.0, 'merger_per_subject': False, 'dropout': 0.0, 'dropout_rescale': True, 'initial_linear': 270, 'initial_depth': 1, 'initial_nonlin': False, 'avg_pool_out': False, 'adaptive_pooling_size': 1, 'flatten_out_channels': 512, 'strides': [1, 1, 1, 1, 1, 1, 1, 1, 1, 1], 'kernel_size': [3, 3, 3, 3, 3, 3, 3, 3, 3, 3], 'padding': [1, 1, 1, 1, 1, 1, 1, 1, 1, 1], 'seq_len': -1, 'auto_padding': True, 'is_deformable_conv': False, 'hidden': {'meg': 320}, 'flatten_out': False}, 'simpletransformer': {'hidden': {'meg': 320}, 'depth': 4, 'nhead': 8, 'subject_layers': False, 'positional_embedding': False, 'merger': False, 'merger_pos_dim': 2048, 'merger_channels': 272, 'model_type': 'basic', 'dim_ff': 2048, 'attention_window': [32, 32, 32, 32]}, 'timesnet': {'hidden': {'meg': 320}, 'depth': 2, 'subject_layers': False, 'sequence_lenth': 361, 'num_kernels': 6, 'top_k': 3, 'dropout_projection': 0.3, 'd_model': 32, 'd_ff': 32, 'flatten_out_channels': 1024, 'merger': False, 'merger_pos_dim': 2048, 'merger_channels': 270, 'enc_embedding': True}, 'cnntransformer': {'hidden': {'meg': 320}, 'batch_norm': True, 'depth': 4, 'dilation_period': 4, 'skip': True, 'subject_layers': True, 'subject_dim': 0, 'complex_out': True, 'glu': 2, 'glu_context': 1, 'merger': True, 'initial_linear': 270, 'gelu': True, 'merger_pos_dim': 2048, 'avg_pool_out': False, 'adaptive_pooling_size': 1, 'flatten_out': True, 'flatten_out_channels': 264, 'strides': [1, 1, 1, 1, 1, 1, 1, 1, 1, 1], 'conv_dropout': 0.0, 'kernel_size': [3, 3, 3, 3, 3, 3, 3, 3, 3, 3], 'padding': [1, 1, 1, 1, 1, 1, 1, 1, 1, 1], 'seq_len': 361, 'auto_padding': True, 'is_deformable_conv': False, 'in_channels_tranformer': 264, 'out_channels_transformer': 1024, 'dim_ff': 2048, 'nhead': 8, 'positional_embedding': 'False,', 'positional_embedding_dropout': 0.0}, 'num_workers': 5, 'feature_model_name': None, 'selections': {'audio_mous': {'study': 'schoffelen2019', 'modality': 'audio', 'events_filter': None}, 'audio_mous_wl': {'study': 'schoffelen2019', 'modality': 'audio', 'events_filter': 'condition == "word_list"'}, 'visual_mous': {'study': 'schoffelen2019', 'modality': 'visual', 'events_filter': None}, 'gwilliams2022': {'study': 'gwilliams2022'}, 'broderick2019': {'study': 'broderick2019'}, 'fake': {'study': 'fake'}, 'brennan2019': {'study': 'brennan2019'}}, 'study_paths': {'default': {'gwilliams2022': './data/gwilliams2022/', 'schoffelen2019': './data/schoffelen2019/', 'brennan2019': './data/brennan2019/', 'broderick2019': './data/broderick2019/'}}}
[2024-02-29 22:38:41,471][bm._env][WARNING] - Hostname bagration not defined in /conf/study_paths/study_paths.yaml. Using default paths.
[2024-02-29 22:38:41,577][bm.train][INFO] - For logs, checkpoints and samples, check /home/zubrikhina/brainmagick_MICCAI/outputs/xps/dad01feb.
[2024-02-29 22:38:41,577][bm.train][INFO] - Caching intermediate data under /home/zubrikhina/brainmagick_MICCAI/cache.
/home/zubrikhina/anaconda3/envs/bm/lib/python3.8/site-packages/hydra/_internal/hydra.py:119: UserWarning: Future Hydra versions will no longer change working directory at job runtime by default.
See https://hydra.cc/docs/1.2/upgrades/1.1_to_1.2/changes_to_job_working_dir/ for more information.
  ret = run_job(
[[36m02-29 22:38:41[0m][[34mdora.distrib[0m][[32mINFO[0m] - world_size is 1, skipping init.[0m
[[36m02-29 22:38:41[0m][[34mbm.dataset[0m][[33mWARNING[0m] - Requested 1000 recordings but only found 196[0m
[[36m02-29 22:41:42[0m][[34mbm.dataset[0m][[33mWARNING[0m] - No blocks found for split 2/3 of recording 1/196.[0m
[[36m02-29 22:41:43[0m][[34mbm.dataset[0m][[33mWARNING[0m] - No blocks found for split 2/3 of recording 2/196.[0m
[[36m02-29 22:41:53[0m][[34mbm.dataset[0m][[33mWARNING[0m] - No blocks found for split 2/3 of recording 5/196.[0m
[[36m02-29 22:41:54[0m][[34mbm.dataset[0m][[33mWARNING[0m] - No blocks found for split 2/3 of recording 6/196.[0m
[[36m02-29 22:42:03[0m][[34mbm.dataset[0m][[33mWARNING[0m] - No blocks found for split 2/3 of recording 9/196.[0m
[[36m02-29 22:42:05[0m][[34mbm.dataset[0m][[33mWARNING[0m] - No blocks found for split 2/3 of recording 10/196.[0m
[[36m02-29 22:42:13[0m][[34mbm.dataset[0m][[33mWARNING[0m] - No blocks found for split 2/3 of recording 13/196.[0m
[[36m02-29 22:42:15[0m][[34mbm.dataset[0m][[33mWARNING[0m] - No blocks found for split 2/3 of recording 14/196.[0m
[[36m02-29 22:42:25[0m][[34mbm.dataset[0m][[33mWARNING[0m] - No blocks found for split 2/3 of recording 17/196.[0m
[[36m02-29 22:42:26[0m][[34mbm.dataset[0m][[33mWARNING[0m] - No blocks found for split 2/3 of recording 18/196.[0m
[[36m02-29 22:42:36[0m][[34mbm.dataset[0m][[33mWARNING[0m] - No blocks found for split 2/3 of recording 21/196.[0m
[[36m02-29 22:42:37[0m][[34mbm.dataset[0m][[33mWARNING[0m] - No blocks found for split 2/3 of recording 22/196.[0m
[[36m02-29 22:42:46[0m][[34mbm.dataset[0m][[33mWARNING[0m] - No blocks found for split 2/3 of recording 25/196.[0m
[[36m02-29 22:42:48[0m][[34mbm.dataset[0m][[33mWARNING[0m] - No blocks found for split 2/3 of recording 26/196.[0m
[[36m02-29 22:42:57[0m][[34mbm.dataset[0m][[33mWARNING[0m] - No blocks found for split 2/3 of recording 29/196.[0m
[[36m02-29 22:42:58[0m][[34mbm.dataset[0m][[33mWARNING[0m] - No blocks found for split 2/3 of recording 30/196.[0m
[[36m02-29 22:43:08[0m][[34mbm.dataset[0m][[33mWARNING[0m] - No blocks found for split 2/3 of recording 33/196.[0m
[[36m02-29 22:43:10[0m][[34mbm.dataset[0m][[33mWARNING[0m] - No blocks found for split 2/3 of recording 34/196.[0m
[[36m02-29 22:43:19[0m][[34mbm.dataset[0m][[33mWARNING[0m] - No blocks found for split 2/3 of recording 37/196.[0m
[[36m02-29 22:43:21[0m][[34mbm.dataset[0m][[33mWARNING[0m] - No blocks found for split 2/3 of recording 38/196.[0m
[[36m02-29 22:43:29[0m][[34mbm.dataset[0m][[32mINFO[0m] - Loading Subjects | 39/196 | 0.37 it/sec[0m
[[36m02-29 22:43:30[0m][[34mbm.dataset[0m][[33mWARNING[0m] - No blocks found for split 2/3 of recording 41/196.[0m
[[36m02-29 22:43:31[0m][[34mbm.dataset[0m][[33mWARNING[0m] - No blocks found for split 2/3 of recording 42/196.[0m
[[36m02-29 22:43:40[0m][[34mbm.dataset[0m][[33mWARNING[0m] - No blocks found for split 2/3 of recording 45/196.[0m
[[36m02-29 22:43:42[0m][[34mbm.dataset[0m][[33mWARNING[0m] - No blocks found for split 2/3 of recording 46/196.[0m
[[36m02-29 22:43:59[0m][[34mbm.dataset[0m][[33mWARNING[0m] - No blocks found for split 2/3 of recording 49/196.[0m
[[36m02-29 22:44:32[0m][[34mbm.dataset[0m][[33mWARNING[0m] - No blocks found for split 2/3 of recording 50/196.[0m
[[36m02-29 22:45:35[0m][[34mbm.dataset[0m][[33mWARNING[0m] - No blocks found for split 2/3 of recording 53/196.[0m
[[36m02-29 22:45:38[0m][[34mbm.dataset[0m][[33mWARNING[0m] - No blocks found for split 2/3 of recording 54/196.[0m
[[36m02-29 22:45:53[0m][[34mbm.dataset[0m][[33mWARNING[0m] - No blocks found for split 2/3 of recording 57/196.[0m
[[36m02-29 22:45:55[0m][[34mbm.dataset[0m][[33mWARNING[0m] - No blocks found for split 2/3 of recording 58/196.[0m
[[36m02-29 22:46:06[0m][[34mbm.dataset[0m][[33mWARNING[0m] - No blocks found for split 2/3 of recording 61/196.[0m
[[36m02-29 22:46:08[0m][[34mbm.dataset[0m][[33mWARNING[0m] - No blocks found for split 2/3 of recording 62/196.[0m
[[36m02-29 22:46:20[0m][[34mbm.dataset[0m][[33mWARNING[0m] - No blocks found for split 2/3 of recording 65/196.[0m
[[36m02-29 22:46:21[0m][[34mbm.dataset[0m][[33mWARNING[0m] - No blocks found for split 2/3 of recording 66/196.[0m
[[36m02-29 22:46:31[0m][[34mbm.dataset[0m][[33mWARNING[0m] - No blocks found for split 2/3 of recording 69/196.[0m
[[36m02-29 22:46:33[0m][[34mbm.dataset[0m][[33mWARNING[0m] - No blocks found for split 2/3 of recording 70/196.[0m
[[36m02-29 22:46:42[0m][[34mbm.dataset[0m][[33mWARNING[0m] - No blocks found for split 2/3 of recording 73/196.[0m
[[36m02-29 22:46:44[0m][[34mbm.dataset[0m][[33mWARNING[0m] - No blocks found for split 2/3 of recording 74/196.[0m
[[36m02-29 22:46:52[0m][[34mbm.dataset[0m][[33mWARNING[0m] - No blocks found for split 2/3 of recording 77/196.[0m
[[36m02-29 22:46:54[0m][[34mbm.dataset[0m][[33mWARNING[0m] - No blocks found for split 2/3 of recording 78/196.[0m
[[36m02-29 22:46:57[0m][[34mbm.dataset[0m][[32mINFO[0m] - Loading Subjects | 78/196 | 0.25 it/sec[0m
[[36m02-29 22:47:02[0m][[34mbm.dataset[0m][[33mWARNING[0m] - No blocks found for split 2/3 of recording 81/196.[0m
[[36m02-29 22:47:04[0m][[34mbm.dataset[0m][[33mWARNING[0m] - No blocks found for split 2/3 of recording 82/196.[0m
[[36m02-29 22:47:12[0m][[34mbm.dataset[0m][[33mWARNING[0m] - No blocks found for split 2/3 of recording 85/196.[0m
[[36m02-29 22:47:14[0m][[34mbm.dataset[0m][[33mWARNING[0m] - No blocks found for split 2/3 of recording 86/196.[0m
[[36m02-29 22:47:22[0m][[34mbm.dataset[0m][[33mWARNING[0m] - No blocks found for split 2/3 of recording 89/196.[0m
[[36m02-29 22:47:23[0m][[34mbm.dataset[0m][[33mWARNING[0m] - No blocks found for split 2/3 of recording 90/196.[0m
[[36m02-29 22:47:32[0m][[34mbm.dataset[0m][[33mWARNING[0m] - No blocks found for split 2/3 of recording 93/196.[0m
[[36m02-29 22:47:33[0m][[34mbm.dataset[0m][[33mWARNING[0m] - No blocks found for split 2/3 of recording 94/196.[0m
[[36m02-29 22:47:42[0m][[34mbm.dataset[0m][[33mWARNING[0m] - No blocks found for split 2/3 of recording 97/196.[0m
[[36m02-29 22:47:43[0m][[34mbm.dataset[0m][[33mWARNING[0m] - No blocks found for split 2/3 of recording 98/196.[0m
[[36m02-29 22:47:52[0m][[34mbm.dataset[0m][[33mWARNING[0m] - No blocks found for split 2/3 of recording 101/196.[0m
[[36m02-29 22:47:54[0m][[34mbm.dataset[0m][[33mWARNING[0m] - No blocks found for split 2/3 of recording 102/196.[0m
[[36m02-29 22:48:03[0m][[34mbm.dataset[0m][[33mWARNING[0m] - No blocks found for split 2/3 of recording 105/196.[0m
[[36m02-29 22:48:04[0m][[34mbm.dataset[0m][[33mWARNING[0m] - No blocks found for split 2/3 of recording 106/196.[0m
[[36m02-29 22:48:13[0m][[34mbm.dataset[0m][[33mWARNING[0m] - No blocks found for split 2/3 of recording 109/196.[0m
[[36m02-29 22:48:14[0m][[34mbm.dataset[0m][[33mWARNING[0m] - No blocks found for split 2/3 of recording 110/196.[0m
[[36m02-29 22:48:23[0m][[34mbm.dataset[0m][[33mWARNING[0m] - No blocks found for split 2/3 of recording 113/196.[0m
[[36m02-29 22:48:24[0m][[34mbm.dataset[0m][[33mWARNING[0m] - No blocks found for split 2/3 of recording 114/196.[0m
[[36m02-29 22:48:33[0m][[34mbm.dataset[0m][[33mWARNING[0m] - No blocks found for split 2/3 of recording 117/196.[0m
[[36m02-29 22:48:34[0m][[34mbm.dataset[0m][[33mWARNING[0m] - No blocks found for split 2/3 of recording 118/196.[0m
[[36m02-29 22:48:35[0m][[34mbm.dataset[0m][[32mINFO[0m] - Loading Subjects | 117/196 | 0.28 it/sec[0m
[[36m02-29 22:48:43[0m][[34mbm.dataset[0m][[33mWARNING[0m] - No blocks found for split 2/3 of recording 121/196.[0m
[[36m02-29 22:48:44[0m][[34mbm.dataset[0m][[33mWARNING[0m] - No blocks found for split 2/3 of recording 122/196.[0m
[[36m02-29 22:48:53[0m][[34mbm.dataset[0m][[33mWARNING[0m] - No blocks found for split 2/3 of recording 125/196.[0m
[[36m02-29 22:48:54[0m][[34mbm.dataset[0m][[33mWARNING[0m] - No blocks found for split 2/3 of recording 126/196.[0m
[[36m02-29 22:49:02[0m][[34mbm.dataset[0m][[33mWARNING[0m] - No blocks found for split 2/3 of recording 129/196.[0m
[[36m02-29 22:49:04[0m][[34mbm.dataset[0m][[33mWARNING[0m] - No blocks found for split 2/3 of recording 130/196.[0m
[[36m02-29 22:49:12[0m][[34mbm.dataset[0m][[33mWARNING[0m] - No blocks found for split 2/3 of recording 133/196.[0m
[[36m02-29 22:49:14[0m][[34mbm.dataset[0m][[33mWARNING[0m] - No blocks found for split 2/3 of recording 134/196.[0m
[[36m02-29 22:49:22[0m][[34mbm.dataset[0m][[33mWARNING[0m] - No blocks found for split 2/3 of recording 137/196.[0m
[[36m02-29 22:49:24[0m][[34mbm.dataset[0m][[33mWARNING[0m] - No blocks found for split 2/3 of recording 138/196.[0m
[[36m02-29 22:49:33[0m][[34mbm.dataset[0m][[33mWARNING[0m] - No blocks found for split 2/3 of recording 141/196.[0m
[[36m02-29 22:49:35[0m][[34mbm.dataset[0m][[33mWARNING[0m] - No blocks found for split 2/3 of recording 142/196.[0m
[[36m02-29 22:49:43[0m][[34mbm.dataset[0m][[33mWARNING[0m] - No blocks found for split 2/3 of recording 145/196.[0m
[[36m02-29 22:49:44[0m][[34mbm.dataset[0m][[33mWARNING[0m] - No blocks found for split 2/3 of recording 146/196.[0m
[[36m02-29 22:49:53[0m][[34mbm.dataset[0m][[33mWARNING[0m] - No blocks found for split 2/3 of recording 149/196.[0m
[[36m02-29 22:49:55[0m][[34mbm.dataset[0m][[33mWARNING[0m] - No blocks found for split 2/3 of recording 150/196.[0m
[[36m02-29 22:50:03[0m][[34mbm.dataset[0m][[33mWARNING[0m] - No blocks found for split 2/3 of recording 153/196.[0m
[[36m02-29 22:50:05[0m][[34mbm.dataset[0m][[33mWARNING[0m] - No blocks found for split 2/3 of recording 154/196.[0m
[[36m02-29 22:50:13[0m][[34mbm.dataset[0m][[33mWARNING[0m] - No blocks found for split 2/3 of recording 157/196.[0m
[[36m02-29 22:50:13[0m][[34mbm.dataset[0m][[32mINFO[0m] - Loading Subjects | 156/196 | 0.31 it/sec[0m
[[36m02-29 22:50:14[0m][[34mbm.dataset[0m][[33mWARNING[0m] - No blocks found for split 2/3 of recording 158/196.[0m
[[36m02-29 22:50:23[0m][[34mbm.dataset[0m][[33mWARNING[0m] - No blocks found for split 2/3 of recording 161/196.[0m
[[36m02-29 22:50:24[0m][[34mbm.dataset[0m][[33mWARNING[0m] - No blocks found for split 2/3 of recording 162/196.[0m
[[36m02-29 22:50:33[0m][[34mbm.dataset[0m][[33mWARNING[0m] - No blocks found for split 2/3 of recording 165/196.[0m
[[36m02-29 22:50:34[0m][[34mbm.dataset[0m][[33mWARNING[0m] - No blocks found for split 2/3 of recording 166/196.[0m
[[36m02-29 22:50:43[0m][[34mbm.dataset[0m][[33mWARNING[0m] - No blocks found for split 2/3 of recording 169/196.[0m
[[36m02-29 22:50:44[0m][[34mbm.dataset[0m][[33mWARNING[0m] - No blocks found for split 2/3 of recording 170/196.[0m
[[36m02-29 22:50:53[0m][[34mbm.dataset[0m][[33mWARNING[0m] - No blocks found for split 2/3 of recording 173/196.[0m
[[36m02-29 22:50:55[0m][[34mbm.dataset[0m][[33mWARNING[0m] - No blocks found for split 2/3 of recording 174/196.[0m
[[36m02-29 22:51:03[0m][[34mbm.dataset[0m][[33mWARNING[0m] - No blocks found for split 2/3 of recording 177/196.[0m
[[36m02-29 22:51:04[0m][[34mbm.dataset[0m][[33mWARNING[0m] - No blocks found for split 2/3 of recording 178/196.[0m
[[36m02-29 22:51:13[0m][[34mbm.dataset[0m][[33mWARNING[0m] - No blocks found for split 2/3 of recording 181/196.[0m
[[36m02-29 22:51:14[0m][[34mbm.dataset[0m][[33mWARNING[0m] - No blocks found for split 2/3 of recording 182/196.[0m
[[36m02-29 22:51:23[0m][[34mbm.dataset[0m][[33mWARNING[0m] - No blocks found for split 2/3 of recording 185/196.[0m
[[36m02-29 22:51:24[0m][[34mbm.dataset[0m][[33mWARNING[0m] - No blocks found for split 2/3 of recording 186/196.[0m
[[36m02-29 22:51:33[0m][[34mbm.dataset[0m][[33mWARNING[0m] - No blocks found for split 2/3 of recording 189/196.[0m
[[36m02-29 22:51:34[0m][[34mbm.dataset[0m][[33mWARNING[0m] - No blocks found for split 2/3 of recording 190/196.[0m
[[36m02-29 22:51:43[0m][[34mbm.dataset[0m][[33mWARNING[0m] - No blocks found for split 2/3 of recording 193/196.[0m
[[36m02-29 22:51:44[0m][[34mbm.dataset[0m][[33mWARNING[0m] - No blocks found for split 2/3 of recording 194/196.[0m
[[36m02-29 22:51:52[0m][[34mbm.dataset[0m][[32mINFO[0m] - Loading Subjects | 195/196 | 0.32 it/sec[0m
[[36m02-29 22:51:52[0m][[34mbm.dataset[0m][[32mINFO[0m] - # Examples (train | valid | test): 314922 | 37249 | 55223[0m
[[36m02-29 22:51:53[0m][[34mbm.train[0m][[32mINFO[0m] - Model hash: 6f3b5cdfc7b2608cb3356364ab9fa3fb6352ba68[0m
/home/zubrikhina/anaconda3/envs/bm/lib/python3.8/site-packages/flashy/loggers/tensorboard.py:47: UserWarning: tensorboard package was not found: use pip install tensorboard
  warnings.warn("tensorboard package was not found: use pip install tensorboard")
wandb: Currently logged in as: almachan2358 (gnn-neuro). Use `wandb login --relogin` to force relogin
wandb: wandb version 0.16.3 is available!  To upgrade, please run:
wandb:  $ pip install wandb --upgrade
wandb: Tracking run with wandb version 0.16.1
wandb: Run data is saved locally in /home/zubrikhina/brainmagick_MICCAI/outputs/xps/dad01feb/wandb/run-20240229_225159-dad01feb
wandb: Run `wandb offline` to turn off syncing.
wandb: Resuming run dad01feb
wandb: ⭐️ View project at https://wandb.ai/gnn-neuro/brainmagick
wandb: 🚀 View run at https://wandb.ai/gnn-neuro/brainmagick/runs/dad01feb
[[36m02-29 22:52:02[0m][[34mbm.solver[0m][[32mINFO[0m] - Replaying past metrics...[0m
[[36m02-29 22:52:02[0m][[34mflashy.solver[0m][[32mINFO[0m] - [1mTrain Summary | Epoch 0 | loss=3.1182 | duration=2843.9531[0m
[[36m02-29 22:52:02[0m][[34mflashy.solver[0m][[32mINFO[0m] - [1mValid Summary | Epoch 0 | loss=1.7490 | duration=466.2144[0m
[[36m02-29 22:52:02[0m][[34mflashy.solver[0m][[32mINFO[0m] - [1mTest Summary | Epoch 0 | wer=46.167% | wer_vocab=20.736% | duration=556.8037[0m
[[36m02-29 22:52:02[0m][[34mflashy.solver[0m][[32mINFO[0m] - [1mTrain Summary | Epoch 1 | loss=1.7516 | duration=3023.0683[0m
[[36m02-29 22:52:02[0m][[34mflashy.solver[0m][[32mINFO[0m] - [1mValid Summary | Epoch 1 | loss=1.5478 | duration=448.3335[0m
[[36m02-29 22:52:02[0m][[34mflashy.solver[0m][[32mINFO[0m] - [1mTest Summary | Epoch 1 | wer=40.949% | wer_vocab=16.806% | duration=550.1638[0m
[[36m02-29 22:52:02[0m][[34mflashy.solver[0m][[32mINFO[0m] - [1mTrain Summary | Epoch 2 | loss=1.4267 | duration=2953.7953[0m
[[36m02-29 22:52:02[0m][[34mflashy.solver[0m][[32mINFO[0m] - [1mValid Summary | Epoch 2 | loss=1.4474 | duration=461.4204[0m
[[36m02-29 22:52:02[0m][[34mflashy.solver[0m][[32mINFO[0m] - [1mTest Summary | Epoch 2 | wer=38.119% | wer_vocab=15.546% | duration=559.5496[0m
1024
None
None
[[36m02-29 23:00:23[0m][[34mflashy.solver[0m][[32mINFO[0m] - Train | Epoch 4 | 240/1200 | 0.48 it/sec | loss 1.2426[0m
[[36m02-29 23:08:25[0m][[34mflashy.solver[0m][[32mINFO[0m] - Train | Epoch 4 | 480/1200 | 0.49 it/sec | loss 1.2395[0m
[[36m02-29 23:16:30[0m][[34mflashy.solver[0m][[32mINFO[0m] - Train | Epoch 4 | 720/1200 | 0.49 it/sec | loss 1.2235[0m
[[36m02-29 23:24:56[0m][[34mflashy.solver[0m][[32mINFO[0m] - Train | Epoch 4 | 960/1200 | 0.49 it/sec | loss 1.2157[0m
[[36m02-29 23:35:02[0m][[34mflashy.solver[0m][[32mINFO[0m] - [1mTrain Summary | Epoch 4 | loss=1.1998 | duration=2580.4789[0m
Exception ignored in: <function _MultiProcessingDataLoaderIter.__del__ at 0x7f8c3ce1fc10>
Traceback (most recent call last):
  File "/home/zubrikhina/anaconda3/envs/bm/lib/python3.8/site-packages/torch/utils/data/dataloader.py", line 1478, in __del__
    self._shutdown_workers()
  File "/home/zubrikhina/anaconda3/envs/bm/lib/python3.8/site-packages/torch/utils/data/dataloader.py", line 1461, in _shutdown_workers
    if w.is_alive():
  File "/home/zubrikhina/anaconda3/envs/bm/lib/python3.8/multiprocessing/process.py", line 160, in is_alive
    assert self._parent_pid == os.getpid(), 'can only test a child process'
AssertionError: can only test a child process
Exception ignored in: <function _MultiProcessingDataLoaderIter.__del__ at 0x7f8c3ce1fc10>
Traceback (most recent call last):
  File "/home/zubrikhina/anaconda3/envs/bm/lib/python3.8/site-packages/torch/utils/data/dataloader.py", line 1478, in __del__
    self._shutdown_workers()
  File "/home/zubrikhina/anaconda3/envs/bm/lib/python3.8/site-packages/torch/utils/data/dataloader.py", line 1461, in _shutdown_workers
    if w.is_alive():
  File "/home/zubrikhina/anaconda3/envs/bm/lib/python3.8/multiprocessing/process.py", line 160, in is_alive
    assert self._parent_pid == os.getpid(), 'can only test a child process'
AssertionError: can only test a child process
Exception ignored in: <function _MultiProcessingDataLoaderIter.__del__ at 0x7f8c3ce1fc10>
Traceback (most recent call last):
  File "/home/zubrikhina/anaconda3/envs/bm/lib/python3.8/site-packages/torch/utils/data/dataloader.py", line 1478, in __del__
    self._shutdown_workers()
  File "/home/zubrikhina/anaconda3/envs/bm/lib/python3.8/site-packages/torch/utils/data/dataloader.py", line 1461, in _shutdown_workers
    if w.is_alive():
  File "/home/zubrikhina/anaconda3/envs/bm/lib/python3.8/multiprocessing/process.py", line 160, in is_alive
    assert self._parent_pid == os.getpid(), 'can only test a child process'
AssertionError: can only test a child process
Exception ignored in: <function _MultiProcessingDataLoaderIter.__del__ at 0x7f8c3ce1fc10>
Traceback (most recent call last):
  File "/home/zubrikhina/anaconda3/envs/bm/lib/python3.8/site-packages/torch/utils/data/dataloader.py", line 1478, in __del__
    self._shutdown_workers()
  File "/home/zubrikhina/anaconda3/envs/bm/lib/python3.8/site-packages/torch/utils/data/dataloader.py", line 1461, in _shutdown_workers
    if w.is_alive():
  File "/home/zubrikhina/anaconda3/envs/bm/lib/python3.8/multiprocessing/process.py", line 160, in is_alive
    assert self._parent_pid == os.getpid(), 'can only test a child process'
AssertionError: can only test a child process
Exception ignored in: <function _MultiProcessingDataLoaderIter.__del__ at 0x7f8c3ce1fc10>
Traceback (most recent call last):
  File "/home/zubrikhina/anaconda3/envs/bm/lib/python3.8/site-packages/torch/utils/data/dataloader.py", line 1478, in __del__
    self._shutdown_workers()
  File "/home/zubrikhina/anaconda3/envs/bm/lib/python3.8/site-packages/torch/utils/data/dataloader.py", line 1461, in _shutdown_workers
    if w.is_alive():
  File "/home/zubrikhina/anaconda3/envs/bm/lib/python3.8/multiprocessing/process.py", line 160, in is_alive
    assert self._parent_pid == os.getpid(), 'can only test a child process'
AssertionError: can only test a child process
[[36m02-29 23:36:45[0m][[34mflashy.solver[0m][[32mINFO[0m] - Valid | Epoch 4 | 29/146 | 0.30 it/sec | loss 1.4599[0m
[[36m02-29 23:38:14[0m][[34mflashy.solver[0m][[32mINFO[0m] - Valid | Epoch 4 | 58/146 | 0.31 it/sec | loss 1.4722[0m
[[36m02-29 23:39:46[0m][[34mflashy.solver[0m][[32mINFO[0m] - Valid | Epoch 4 | 87/146 | 0.31 it/sec | loss 1.4586[0m
[[36m02-29 23:41:23[0m][[34mflashy.solver[0m][[32mINFO[0m] - Valid | Epoch 4 | 116/146 | 0.31 it/sec | loss 1.4661[0m
[[36m02-29 23:42:44[0m][[34mflashy.solver[0m][[32mINFO[0m] - Valid | Epoch 4 | 145/146 | 0.32 it/sec | loss 1.4552[0m
[[36m02-29 23:42:45[0m][[34mflashy.solver[0m][[32mINFO[0m] - [1mValid Summary | Epoch 4 | loss=1.4552 | duration=462.7208[0m
[[36m02-29 23:42:45[0m][[34mbm.solver[0m][[32mINFO[0m] - Scale Reject | Ratio 0.000%[0m
[[36m02-29 23:52:04[0m][[34mflashy.solver[0m][[32mINFO[0m] - Train | Epoch 5 | 240/1200 | 0.43 it/sec | loss 1.0755[0m
[[36m03-01 00:01:36[0m][[34mflashy.solver[0m][[32mINFO[0m] - Train | Epoch 5 | 480/1200 | 0.43 it/sec | loss 1.0817[0m
[[36m03-01 00:11:12[0m][[34mflashy.solver[0m][[32mINFO[0m] - Train | Epoch 5 | 720/1200 | 0.42 it/sec | loss 1.0690[0m
[[36m03-01 00:20:25[0m][[34mflashy.solver[0m][[32mINFO[0m] - Train | Epoch 5 | 960/1200 | 0.43 it/sec | loss 1.0626[0m
[[36m03-01 00:29:36[0m][[34mflashy.solver[0m][[32mINFO[0m] - [1mTrain Summary | Epoch 5 | loss=1.0586 | duration=2810.0460[0m
Exception ignored in: <function _MultiProcessingDataLoaderIter.__del__ at 0x7f8c3ce1fc10>
Traceback (most recent call last):
  File "/home/zubrikhina/anaconda3/envs/bm/lib/python3.8/site-packages/torch/utils/data/dataloader.py", line 1478, in __del__
    self._shutdown_workers()
  File "/home/zubrikhina/anaconda3/envs/bm/lib/python3.8/site-packages/torch/utils/data/dataloader.py", line 1461, in _shutdown_workers
    if w.is_alive():
  File "/home/zubrikhina/anaconda3/envs/bm/lib/python3.8/multiprocessing/process.py", line 160, in is_alive
    assert self._parent_pid == os.getpid(), 'can only test a child process'
AssertionError: can only test a child process
Exception ignored in: <function _MultiProcessingDataLoaderIter.__del__ at 0x7f8c3ce1fc10>
Traceback (most recent call last):
  File "/home/zubrikhina/anaconda3/envs/bm/lib/python3.8/site-packages/torch/utils/data/dataloader.py", line 1478, in __del__
    self._shutdown_workers()
  File "/home/zubrikhina/anaconda3/envs/bm/lib/python3.8/site-packages/torch/utils/data/dataloader.py", line 1461, in _shutdown_workers
    if w.is_alive():
  File "/home/zubrikhina/anaconda3/envs/bm/lib/python3.8/multiprocessing/process.py", line 160, in is_alive
    assert self._parent_pid == os.getpid(), 'can only test a child process'
AssertionError: can only test a child process
Exception ignored in: <function _MultiProcessingDataLoaderIter.__del__ at 0x7f8c3ce1fc10>
Traceback (most recent call last):
  File "/home/zubrikhina/anaconda3/envs/bm/lib/python3.8/site-packages/torch/utils/data/dataloader.py", line 1478, in __del__
    self._shutdown_workers()
  File "/home/zubrikhina/anaconda3/envs/bm/lib/python3.8/site-packages/torch/utils/data/dataloader.py", line 1461, in _shutdown_workers
    if w.is_alive():
  File "/home/zubrikhina/anaconda3/envs/bm/lib/python3.8/multiprocessing/process.py", line 160, in is_alive
    assert self._parent_pid == os.getpid(), 'can only test a child process'
AssertionError: can only test a child process
Exception ignored in: <function _MultiProcessingDataLoaderIter.__del__ at 0x7f8c3ce1fc10>
Traceback (most recent call last):
  File "/home/zubrikhina/anaconda3/envs/bm/lib/python3.8/site-packages/torch/utils/data/dataloader.py", line 1478, in __del__
    self._shutdown_workers()
  File "/home/zubrikhina/anaconda3/envs/bm/lib/python3.8/site-packages/torch/utils/data/dataloader.py", line 1461, in _shutdown_workers
    if w.is_alive():
  File "/home/zubrikhina/anaconda3/envs/bm/lib/python3.8/multiprocessing/process.py", line 160, in is_alive
    assert self._parent_pid == os.getpid(), 'can only test a child process'
AssertionError: can only test a child process
Exception ignored in: <function _MultiProcessingDataLoaderIter.__del__ at 0x7f8c3ce1fc10>
Traceback (most recent call last):
  File "/home/zubrikhina/anaconda3/envs/bm/lib/python3.8/site-packages/torch/utils/data/dataloader.py", line 1478, in __del__
    self._shutdown_workers()
  File "/home/zubrikhina/anaconda3/envs/bm/lib/python3.8/site-packages/torch/utils/data/dataloader.py", line 1461, in _shutdown_workers
    if w.is_alive():
  File "/home/zubrikhina/anaconda3/envs/bm/lib/python3.8/multiprocessing/process.py", line 160, in is_alive
    assert self._parent_pid == os.getpid(), 'can only test a child process'
AssertionError: can only test a child process
[[36m03-01 00:31:10[0m][[34mflashy.solver[0m][[32mINFO[0m] - Valid | Epoch 5 | 29/146 | 0.33 it/sec | loss 1.5226[0m
[[36m03-01 00:32:42[0m][[34mflashy.solver[0m][[32mINFO[0m] - Valid | Epoch 5 | 58/146 | 0.32 it/sec | loss 1.5304[0m
[[36m03-01 00:34:08[0m][[34mflashy.solver[0m][[32mINFO[0m] - Valid | Epoch 5 | 87/146 | 0.33 it/sec | loss 1.5492[0m
[[36m03-01 00:35:23[0m][[34mflashy.solver[0m][[32mINFO[0m] - Valid | Epoch 5 | 116/146 | 0.34 it/sec | loss 1.5466[0m
[[36m03-01 00:36:37[0m][[34mflashy.solver[0m][[32mINFO[0m] - Valid | Epoch 5 | 145/146 | 0.35 it/sec | loss 1.5329[0m
[[36m03-01 00:36:38[0m][[34mflashy.solver[0m][[32mINFO[0m] - [1mValid Summary | Epoch 5 | loss=1.5329 | duration=422.2818[0m
[[36m03-01 00:36:38[0m][[34mbm.solver[0m][[32mINFO[0m] - Scale Reject | Ratio 0.000%[0m
[[36m03-01 00:46:11[0m][[34mflashy.solver[0m][[32mINFO[0m] - Train | Epoch 6 | 240/1200 | 0.42 it/sec | loss 0.9407[0m
[[36m03-01 00:55:40[0m][[34mflashy.solver[0m][[32mINFO[0m] - Train | Epoch 6 | 480/1200 | 0.42 it/sec | loss 0.9343[0m
[[36m03-01 01:04:57[0m][[34mflashy.solver[0m][[32mINFO[0m] - Train | Epoch 6 | 720/1200 | 0.43 it/sec | loss 0.9401[0m
[[36m03-01 01:14:18[0m][[34mflashy.solver[0m][[32mINFO[0m] - Train | Epoch 6 | 960/1200 | 0.43 it/sec | loss 0.9361[0m
[[36m03-01 01:23:55[0m][[34mflashy.solver[0m][[32mINFO[0m] - [1mTrain Summary | Epoch 6 | loss=0.9344 | duration=2836.1890[0m
Exception ignored in: <function _MultiProcessingDataLoaderIter.__del__ at 0x7f8c3ce1fc10>
Traceback (most recent call last):
  File "/home/zubrikhina/anaconda3/envs/bm/lib/python3.8/site-packages/torch/utils/data/dataloader.py", line 1478, in __del__
    self._shutdown_workers()
  File "/home/zubrikhina/anaconda3/envs/bm/lib/python3.8/site-packages/torch/utils/data/dataloader.py", line 1461, in _shutdown_workers
    if w.is_alive():
  File "/home/zubrikhina/anaconda3/envs/bm/lib/python3.8/multiprocessing/process.py", line 160, in is_alive
    assert self._parent_pid == os.getpid(), 'can only test a child process'
AssertionError: can only test a child process
Exception ignored in: <function _MultiProcessingDataLoaderIter.__del__ at 0x7f8c3ce1fc10>
Traceback (most recent call last):
  File "/home/zubrikhina/anaconda3/envs/bm/lib/python3.8/site-packages/torch/utils/data/dataloader.py", line 1478, in __del__
    self._shutdown_workers()
  File "/home/zubrikhina/anaconda3/envs/bm/lib/python3.8/site-packages/torch/utils/data/dataloader.py", line 1461, in _shutdown_workers
    if w.is_alive():
  File "/home/zubrikhina/anaconda3/envs/bm/lib/python3.8/multiprocessing/process.py", line 160, in is_alive
    assert self._parent_pid == os.getpid(), 'can only test a child process'
AssertionError: can only test a child process
Exception ignored in: <function _MultiProcessingDataLoaderIter.__del__ at 0x7f8c3ce1fc10>
Traceback (most recent call last):
  File "/home/zubrikhina/anaconda3/envs/bm/lib/python3.8/site-packages/torch/utils/data/dataloader.py", line 1478, in __del__
    self._shutdown_workers()
  File "/home/zubrikhina/anaconda3/envs/bm/lib/python3.8/site-packages/torch/utils/data/dataloader.py", line 1461, in _shutdown_workers
    if w.is_alive():
  File "/home/zubrikhina/anaconda3/envs/bm/lib/python3.8/multiprocessing/process.py", line 160, in is_alive
    assert self._parent_pid == os.getpid(), 'can only test a child process'
AssertionError: can only test a child process
Exception ignored in: <function _MultiProcessingDataLoaderIter.__del__ at 0x7f8c3ce1fc10>
Traceback (most recent call last):
  File "/home/zubrikhina/anaconda3/envs/bm/lib/python3.8/site-packages/torch/utils/data/dataloader.py", line 1478, in __del__
    self._shutdown_workers()
  File "/home/zubrikhina/anaconda3/envs/bm/lib/python3.8/site-packages/torch/utils/data/dataloader.py", line 1461, in _shutdown_workers
    if w.is_alive():
  File "/home/zubrikhina/anaconda3/envs/bm/lib/python3.8/multiprocessing/process.py", line 160, in is_alive
    assert self._parent_pid == os.getpid(), 'can only test a child process'
AssertionError: can only test a child process
Exception ignored in: <function _MultiProcessingDataLoaderIter.__del__ at 0x7f8c3ce1fc10>
Traceback (most recent call last):
  File "/home/zubrikhina/anaconda3/envs/bm/lib/python3.8/site-packages/torch/utils/data/dataloader.py", line 1478, in __del__
    self._shutdown_workers()
  File "/home/zubrikhina/anaconda3/envs/bm/lib/python3.8/site-packages/torch/utils/data/dataloader.py", line 1461, in _shutdown_workers
    if w.is_alive():
  File "/home/zubrikhina/anaconda3/envs/bm/lib/python3.8/multiprocessing/process.py", line 160, in is_alive
    assert self._parent_pid == os.getpid(), 'can only test a child process'
AssertionError: can only test a child process
[[36m03-01 01:25:34[0m][[34mflashy.solver[0m][[32mINFO[0m] - Valid | Epoch 6 | 29/146 | 0.31 it/sec | loss 1.5226[0m
[[36m03-01 01:27:00[0m][[34mflashy.solver[0m][[32mINFO[0m] - Valid | Epoch 6 | 58/146 | 0.32 it/sec | loss 1.5035[0m
[[36m03-01 01:28:26[0m][[34mflashy.solver[0m][[32mINFO[0m] - Valid | Epoch 6 | 87/146 | 0.33 it/sec | loss 1.5034[0m
[[36m03-01 01:29:50[0m][[34mflashy.solver[0m][[32mINFO[0m] - Valid | Epoch 6 | 116/146 | 0.33 it/sec | loss 1.5041[0m
[[36m03-01 01:31:11[0m][[34mflashy.solver[0m][[32mINFO[0m] - Valid | Epoch 6 | 145/146 | 0.34 it/sec | loss 1.5078[0m
[[36m03-01 01:31:12[0m][[34mflashy.solver[0m][[32mINFO[0m] - [1mValid Summary | Epoch 6 | loss=1.5078 | duration=437.6795[0m
[[36m03-01 01:31:12[0m][[34mbm.solver[0m][[32mINFO[0m] - Scale Reject | Ratio 0.000%[0m
[[36m03-01 01:40:44[0m][[34mflashy.solver[0m][[32mINFO[0m] - Train | Epoch 7 | 240/1200 | 0.42 it/sec | loss 0.8208[0m
[[36m03-01 01:50:04[0m][[34mflashy.solver[0m][[32mINFO[0m] - Train | Epoch 7 | 480/1200 | 0.43 it/sec | loss 0.8357[0m
[[36m03-01 01:59:20[0m][[34mflashy.solver[0m][[32mINFO[0m] - Train | Epoch 7 | 720/1200 | 0.43 it/sec | loss 0.8308[0m
[[36m03-01 02:08:42[0m][[34mflashy.solver[0m][[32mINFO[0m] - Train | Epoch 7 | 960/1200 | 0.43 it/sec | loss 0.8286[0m
[[36m03-01 02:18:20[0m][[34mflashy.solver[0m][[32mINFO[0m] - [1mTrain Summary | Epoch 7 | loss=0.8311 | duration=2826.9049[0m
Exception ignored in: <function _MultiProcessingDataLoaderIter.__del__ at 0x7f8c3ce1fc10>
Traceback (most recent call last):
  File "/home/zubrikhina/anaconda3/envs/bm/lib/python3.8/site-packages/torch/utils/data/dataloader.py", line 1478, in __del__
    self._shutdown_workers()
  File "/home/zubrikhina/anaconda3/envs/bm/lib/python3.8/site-packages/torch/utils/data/dataloader.py", line 1461, in _shutdown_workers
    if w.is_alive():
  File "/home/zubrikhina/anaconda3/envs/bm/lib/python3.8/multiprocessing/process.py", line 160, in is_alive
    assert self._parent_pid == os.getpid(), 'can only test a child process'
AssertionError: can only test a child process
Exception ignored in: <function _MultiProcessingDataLoaderIter.__del__ at 0x7f8c3ce1fc10>
Traceback (most recent call last):
  File "/home/zubrikhina/anaconda3/envs/bm/lib/python3.8/site-packages/torch/utils/data/dataloader.py", line 1478, in __del__
    self._shutdown_workers()
  File "/home/zubrikhina/anaconda3/envs/bm/lib/python3.8/site-packages/torch/utils/data/dataloader.py", line 1461, in _shutdown_workers
    if w.is_alive():
  File "/home/zubrikhina/anaconda3/envs/bm/lib/python3.8/multiprocessing/process.py", line 160, in is_alive
    assert self._parent_pid == os.getpid(), 'can only test a child process'
AssertionError: can only test a child process
Exception ignored in: <function _MultiProcessingDataLoaderIter.__del__ at 0x7f8c3ce1fc10>
Traceback (most recent call last):
  File "/home/zubrikhina/anaconda3/envs/bm/lib/python3.8/site-packages/torch/utils/data/dataloader.py", line 1478, in __del__
    self._shutdown_workers()
  File "/home/zubrikhina/anaconda3/envs/bm/lib/python3.8/site-packages/torch/utils/data/dataloader.py", line 1461, in _shutdown_workers
    if w.is_alive():
  File "/home/zubrikhina/anaconda3/envs/bm/lib/python3.8/multiprocessing/process.py", line 160, in is_alive
    assert self._parent_pid == os.getpid(), 'can only test a child process'
AssertionError: can only test a child process
Exception ignored in: <function _MultiProcessingDataLoaderIter.__del__ at 0x7f8c3ce1fc10>
Traceback (most recent call last):
  File "/home/zubrikhina/anaconda3/envs/bm/lib/python3.8/site-packages/torch/utils/data/dataloader.py", line 1478, in __del__
    self._shutdown_workers()
  File "/home/zubrikhina/anaconda3/envs/bm/lib/python3.8/site-packages/torch/utils/data/dataloader.py", line 1461, in _shutdown_workers
    if w.is_alive():
  File "/home/zubrikhina/anaconda3/envs/bm/lib/python3.8/multiprocessing/process.py", line 160, in is_alive
    assert self._parent_pid == os.getpid(), 'can only test a child process'
AssertionError: can only test a child process
Exception ignored in: <function _MultiProcessingDataLoaderIter.__del__ at 0x7f8c3ce1fc10>
Traceback (most recent call last):
  File "/home/zubrikhina/anaconda3/envs/bm/lib/python3.8/site-packages/torch/utils/data/dataloader.py", line 1478, in __del__
    self._shutdown_workers()
  File "/home/zubrikhina/anaconda3/envs/bm/lib/python3.8/site-packages/torch/utils/data/dataloader.py", line 1461, in _shutdown_workers
    if w.is_alive():
  File "/home/zubrikhina/anaconda3/envs/bm/lib/python3.8/multiprocessing/process.py", line 160, in is_alive
    assert self._parent_pid == os.getpid(), 'can only test a child process'
AssertionError: can only test a child process
[[36m03-01 02:19:46[0m][[34mflashy.solver[0m][[32mINFO[0m] - Valid | Epoch 7 | 29/146 | 0.36 it/sec | loss 1.6010[0m
[[36m03-01 02:21:15[0m][[34mflashy.solver[0m][[32mINFO[0m] - Valid | Epoch 7 | 58/146 | 0.34 it/sec | loss 1.6417[0m
[[36m03-01 02:22:42[0m][[34mflashy.solver[0m][[32mINFO[0m] - Valid | Epoch 7 | 87/146 | 0.34 it/sec | loss 1.6403[0m
[[36m03-01 02:24:08[0m][[34mflashy.solver[0m][[32mINFO[0m] - Valid | Epoch 7 | 116/146 | 0.34 it/sec | loss 1.6429[0m
[[36m03-01 02:25:23[0m][[34mflashy.solver[0m][[32mINFO[0m] - Valid | Epoch 7 | 145/146 | 0.35 it/sec | loss 1.6338[0m
[[36m03-01 02:25:24[0m][[34mflashy.solver[0m][[32mINFO[0m] - [1mValid Summary | Epoch 7 | loss=1.6338 | duration=423.9740[0m
[[36m03-01 02:25:24[0m][[34mbm.solver[0m][[32mINFO[0m] - Scale Reject | Ratio 0.000%[0m
[[36m03-01 02:35:07[0m][[34mflashy.solver[0m][[32mINFO[0m] - Train | Epoch 8 | 240/1200 | 0.42 it/sec | loss 0.7958[0m
[[36m03-01 02:44:19[0m][[34mflashy.solver[0m][[32mINFO[0m] - Train | Epoch 8 | 480/1200 | 0.42 it/sec | loss 0.7881[0m
[[36m03-01 02:53:54[0m][[34mflashy.solver[0m][[32mINFO[0m] - Train | Epoch 8 | 720/1200 | 0.42 it/sec | loss 0.7707[0m
[[36m03-01 03:03:04[0m][[34mflashy.solver[0m][[32mINFO[0m] - Train | Epoch 8 | 960/1200 | 0.43 it/sec | loss 0.7653[0m
[[36m03-01 03:12:29[0m][[34mflashy.solver[0m][[32mINFO[0m] - [1mTrain Summary | Epoch 8 | loss=0.7657 | duration=2824.0004[0m
Exception ignored in: <function _MultiProcessingDataLoaderIter.__del__ at 0x7f8c3ce1fc10>
Traceback (most recent call last):
  File "/home/zubrikhina/anaconda3/envs/bm/lib/python3.8/site-packages/torch/utils/data/dataloader.py", line 1478, in __del__
    self._shutdown_workers()
  File "/home/zubrikhina/anaconda3/envs/bm/lib/python3.8/site-packages/torch/utils/data/dataloader.py", line 1461, in _shutdown_workers
    if w.is_alive():
  File "/home/zubrikhina/anaconda3/envs/bm/lib/python3.8/multiprocessing/process.py", line 160, in is_alive
    assert self._parent_pid == os.getpid(), 'can only test a child process'
AssertionError: can only test a child process
Exception ignored in: <function _MultiProcessingDataLoaderIter.__del__ at 0x7f8c3ce1fc10>
Traceback (most recent call last):
  File "/home/zubrikhina/anaconda3/envs/bm/lib/python3.8/site-packages/torch/utils/data/dataloader.py", line 1478, in __del__
    self._shutdown_workers()
  File "/home/zubrikhina/anaconda3/envs/bm/lib/python3.8/site-packages/torch/utils/data/dataloader.py", line 1461, in _shutdown_workers
    if w.is_alive():
  File "/home/zubrikhina/anaconda3/envs/bm/lib/python3.8/multiprocessing/process.py", line 160, in is_alive
    assert self._parent_pid == os.getpid(), 'can only test a child process'
AssertionError: can only test a child process
Exception ignored in: <function _MultiProcessingDataLoaderIter.__del__ at 0x7f8c3ce1fc10>
Traceback (most recent call last):
  File "/home/zubrikhina/anaconda3/envs/bm/lib/python3.8/site-packages/torch/utils/data/dataloader.py", line 1478, in __del__
    self._shutdown_workers()
  File "/home/zubrikhina/anaconda3/envs/bm/lib/python3.8/site-packages/torch/utils/data/dataloader.py", line 1461, in _shutdown_workers
    if w.is_alive():
  File "/home/zubrikhina/anaconda3/envs/bm/lib/python3.8/multiprocessing/process.py", line 160, in is_alive
    assert self._parent_pid == os.getpid(), 'can only test a child process'
AssertionError: can only test a child process
Exception ignored in: <function _MultiProcessingDataLoaderIter.__del__ at 0x7f8c3ce1fc10>
Traceback (most recent call last):
  File "/home/zubrikhina/anaconda3/envs/bm/lib/python3.8/site-packages/torch/utils/data/dataloader.py", line 1478, in __del__
    self._shutdown_workers()
  File "/home/zubrikhina/anaconda3/envs/bm/lib/python3.8/site-packages/torch/utils/data/dataloader.py", line 1461, in _shutdown_workers
    if w.is_alive():
  File "/home/zubrikhina/anaconda3/envs/bm/lib/python3.8/multiprocessing/process.py", line 160, in is_alive
    assert self._parent_pid == os.getpid(), 'can only test a child process'
AssertionError: can only test a child process
Exception ignored in: <function _MultiProcessingDataLoaderIter.__del__ at 0x7f8c3ce1fc10>
Traceback (most recent call last):
  File "/home/zubrikhina/anaconda3/envs/bm/lib/python3.8/site-packages/torch/utils/data/dataloader.py", line 1478, in __del__
    self._shutdown_workers()
  File "/home/zubrikhina/anaconda3/envs/bm/lib/python3.8/site-packages/torch/utils/data/dataloader.py", line 1461, in _shutdown_workers
    if w.is_alive():
  File "/home/zubrikhina/anaconda3/envs/bm/lib/python3.8/multiprocessing/process.py", line 160, in is_alive
    assert self._parent_pid == os.getpid(), 'can only test a child process'
AssertionError: can only test a child process
[[36m03-01 03:13:59[0m][[34mflashy.solver[0m][[32mINFO[0m] - Valid | Epoch 8 | 29/146 | 0.34 it/sec | loss 1.6210[0m
[[36m03-01 03:15:31[0m][[34mflashy.solver[0m][[32mINFO[0m] - Valid | Epoch 8 | 58/146 | 0.33 it/sec | loss 1.6349[0m
[[36m03-01 03:17:07[0m][[34mflashy.solver[0m][[32mINFO[0m] - Valid | Epoch 8 | 87/146 | 0.32 it/sec | loss 1.6400[0m
[[36m03-01 03:18:28[0m][[34mflashy.solver[0m][[32mINFO[0m] - Valid | Epoch 8 | 116/146 | 0.33 it/sec | loss 1.6403[0m
[[36m03-01 03:19:42[0m][[34mflashy.solver[0m][[32mINFO[0m] - Valid | Epoch 8 | 145/146 | 0.34 it/sec | loss 1.6331[0m
[[36m03-01 03:19:43[0m][[34mflashy.solver[0m][[32mINFO[0m] - [1mValid Summary | Epoch 8 | loss=1.6331 | duration=434.6388[0m
[[36m03-01 03:19:43[0m][[34mbm.solver[0m][[32mINFO[0m] - Scale Reject | Ratio 0.000%[0m
[[36m03-01 03:29:18[0m][[34mflashy.solver[0m][[32mINFO[0m] - Train | Epoch 9 | 240/1200 | 0.42 it/sec | loss 0.6944[0m
[[36m03-01 03:38:38[0m][[34mflashy.solver[0m][[32mINFO[0m] - Train | Epoch 9 | 480/1200 | 0.42 it/sec | loss 0.7109[0m
[[36m03-01 03:47:39[0m][[34mflashy.solver[0m][[32mINFO[0m] - Train | Epoch 9 | 720/1200 | 0.43 it/sec | loss 0.7075[0m
[[36m03-01 03:56:39[0m][[34mflashy.solver[0m][[32mINFO[0m] - Train | Epoch 9 | 960/1200 | 0.43 it/sec | loss 0.7025[0m
[[36m03-01 04:05:41[0m][[34mflashy.solver[0m][[32mINFO[0m] - [1mTrain Summary | Epoch 9 | loss=0.7047 | duration=2757.3275[0m
Exception ignored in: <function _MultiProcessingDataLoaderIter.__del__ at 0x7f8c3ce1fc10>
Traceback (most recent call last):
  File "/home/zubrikhina/anaconda3/envs/bm/lib/python3.8/site-packages/torch/utils/data/dataloader.py", line 1478, in __del__
    self._shutdown_workers()
  File "/home/zubrikhina/anaconda3/envs/bm/lib/python3.8/site-packages/torch/utils/data/dataloader.py", line 1461, in _shutdown_workers
    if w.is_alive():
  File "/home/zubrikhina/anaconda3/envs/bm/lib/python3.8/multiprocessing/process.py", line 160, in is_alive
    assert self._parent_pid == os.getpid(), 'can only test a child process'
AssertionError: can only test a child process
Exception ignored in: <function _MultiProcessingDataLoaderIter.__del__ at 0x7f8c3ce1fc10>
Traceback (most recent call last):
  File "/home/zubrikhina/anaconda3/envs/bm/lib/python3.8/site-packages/torch/utils/data/dataloader.py", line 1478, in __del__
    self._shutdown_workers()
  File "/home/zubrikhina/anaconda3/envs/bm/lib/python3.8/site-packages/torch/utils/data/dataloader.py", line 1461, in _shutdown_workers
    if w.is_alive():
  File "/home/zubrikhina/anaconda3/envs/bm/lib/python3.8/multiprocessing/process.py", line 160, in is_alive
    assert self._parent_pid == os.getpid(), 'can only test a child process'
AssertionError: can only test a child process
Exception ignored in: <function _MultiProcessingDataLoaderIter.__del__ at 0x7f8c3ce1fc10>
Traceback (most recent call last):
  File "/home/zubrikhina/anaconda3/envs/bm/lib/python3.8/site-packages/torch/utils/data/dataloader.py", line 1478, in __del__
    self._shutdown_workers()
  File "/home/zubrikhina/anaconda3/envs/bm/lib/python3.8/site-packages/torch/utils/data/dataloader.py", line 1461, in _shutdown_workers
    if w.is_alive():
  File "/home/zubrikhina/anaconda3/envs/bm/lib/python3.8/multiprocessing/process.py", line 160, in is_alive
    assert self._parent_pid == os.getpid(), 'can only test a child process'
AssertionError: can only test a child process
Exception ignored in: <function _MultiProcessingDataLoaderIter.__del__ at 0x7f8c3ce1fc10>
Traceback (most recent call last):
  File "/home/zubrikhina/anaconda3/envs/bm/lib/python3.8/site-packages/torch/utils/data/dataloader.py", line 1478, in __del__
    self._shutdown_workers()
  File "/home/zubrikhina/anaconda3/envs/bm/lib/python3.8/site-packages/torch/utils/data/dataloader.py", line 1461, in _shutdown_workers
    if w.is_alive():
  File "/home/zubrikhina/anaconda3/envs/bm/lib/python3.8/multiprocessing/process.py", line 160, in is_alive
    assert self._parent_pid == os.getpid(), 'can only test a child process'
AssertionError: can only test a child process
Exception ignored in: <function _MultiProcessingDataLoaderIter.__del__ at 0x7f8c3ce1fc10>
Traceback (most recent call last):
  File "/home/zubrikhina/anaconda3/envs/bm/lib/python3.8/site-packages/torch/utils/data/dataloader.py", line 1478, in __del__
    self._shutdown_workers()
  File "/home/zubrikhina/anaconda3/envs/bm/lib/python3.8/site-packages/torch/utils/data/dataloader.py", line 1461, in _shutdown_workers
    if w.is_alive():
  File "/home/zubrikhina/anaconda3/envs/bm/lib/python3.8/multiprocessing/process.py", line 160, in is_alive
    assert self._parent_pid == os.getpid(), 'can only test a child process'
AssertionError: can only test a child process
[[36m03-01 04:07:12[0m][[34mflashy.solver[0m][[32mINFO[0m] - Valid | Epoch 9 | 29/146 | 0.34 it/sec | loss 1.7761[0m
[[36m03-01 04:08:36[0m][[34mflashy.solver[0m][[32mINFO[0m] - Valid | Epoch 9 | 58/146 | 0.34 it/sec | loss 1.7286[0m
[[36m03-01 04:09:54[0m][[34mflashy.solver[0m][[32mINFO[0m] - Valid | Epoch 9 | 87/146 | 0.35 it/sec | loss 1.7106[0m
[[36m03-01 04:11:12[0m][[34mflashy.solver[0m][[32mINFO[0m] - Valid | Epoch 9 | 116/146 | 0.36 it/sec | loss 1.7164[0m
[[36m03-01 04:12:44[0m][[34mflashy.solver[0m][[32mINFO[0m] - Valid | Epoch 9 | 145/146 | 0.35 it/sec | loss 1.7119[0m
[[36m03-01 04:12:45[0m][[34mflashy.solver[0m][[32mINFO[0m] - [1mValid Summary | Epoch 9 | loss=1.7119 | duration=423.7991[0m
[[36m03-01 04:12:45[0m][[34mbm.solver[0m][[32mINFO[0m] - Scale Reject | Ratio 0.000%[0m
[[36m03-01 04:21:58[0m][[34mflashy.solver[0m][[32mINFO[0m] - Train | Epoch 10 | 240/1200 | 0.44 it/sec | loss 0.6621[0m
[[36m03-01 04:32:00[0m][[34mflashy.solver[0m][[32mINFO[0m] - Train | Epoch 10 | 480/1200 | 0.42 it/sec | loss 0.6559[0m
[[36m03-01 04:42:19[0m][[34mflashy.solver[0m][[32mINFO[0m] - Train | Epoch 10 | 720/1200 | 0.41 it/sec | loss 0.6583[0m
[[36m03-01 04:52:39[0m][[34mflashy.solver[0m][[32mINFO[0m] - Train | Epoch 10 | 960/1200 | 0.40 it/sec | loss 0.6536[0m
[[36m03-01 05:03:09[0m][[34mflashy.solver[0m][[32mINFO[0m] - [1mTrain Summary | Epoch 10 | loss=0.6582 | duration=3023.4624[0m
Exception ignored in: <function _MultiProcessingDataLoaderIter.__del__ at 0x7f8c3ce1fc10>
Traceback (most recent call last):
  File "/home/zubrikhina/anaconda3/envs/bm/lib/python3.8/site-packages/torch/utils/data/dataloader.py", line 1478, in __del__
    self._shutdown_workers()
  File "/home/zubrikhina/anaconda3/envs/bm/lib/python3.8/site-packages/torch/utils/data/dataloader.py", line 1461, in _shutdown_workers
    if w.is_alive():
  File "/home/zubrikhina/anaconda3/envs/bm/lib/python3.8/multiprocessing/process.py", line 160, in is_alive
    assert self._parent_pid == os.getpid(), 'can only test a child process'
AssertionError: can only test a child process
Exception ignored in: <function _MultiProcessingDataLoaderIter.__del__ at 0x7f8c3ce1fc10>
Traceback (most recent call last):
  File "/home/zubrikhina/anaconda3/envs/bm/lib/python3.8/site-packages/torch/utils/data/dataloader.py", line 1478, in __del__
    self._shutdown_workers()
  File "/home/zubrikhina/anaconda3/envs/bm/lib/python3.8/site-packages/torch/utils/data/dataloader.py", line 1461, in _shutdown_workers
    if w.is_alive():
  File "/home/zubrikhina/anaconda3/envs/bm/lib/python3.8/multiprocessing/process.py", line 160, in is_alive
    assert self._parent_pid == os.getpid(), 'can only test a child process'
AssertionError: can only test a child process
Exception ignored in: <function _MultiProcessingDataLoaderIter.__del__ at 0x7f8c3ce1fc10>
Traceback (most recent call last):
  File "/home/zubrikhina/anaconda3/envs/bm/lib/python3.8/site-packages/torch/utils/data/dataloader.py", line 1478, in __del__
    self._shutdown_workers()
  File "/home/zubrikhina/anaconda3/envs/bm/lib/python3.8/site-packages/torch/utils/data/dataloader.py", line 1461, in _shutdown_workers
    if w.is_alive():
  File "/home/zubrikhina/anaconda3/envs/bm/lib/python3.8/multiprocessing/process.py", line 160, in is_alive
    assert self._parent_pid == os.getpid(), 'can only test a child process'
AssertionError: can only test a child process
Exception ignored in: <function _MultiProcessingDataLoaderIter.__del__ at 0x7f8c3ce1fc10>
Traceback (most recent call last):
  File "/home/zubrikhina/anaconda3/envs/bm/lib/python3.8/site-packages/torch/utils/data/dataloader.py", line 1478, in __del__
    self._shutdown_workers()
  File "/home/zubrikhina/anaconda3/envs/bm/lib/python3.8/site-packages/torch/utils/data/dataloader.py", line 1461, in _shutdown_workers
    if w.is_alive():
  File "/home/zubrikhina/anaconda3/envs/bm/lib/python3.8/multiprocessing/process.py", line 160, in is_alive
    assert self._parent_pid == os.getpid(), 'can only test a child process'
AssertionError: can only test a child process
Exception ignored in: <function _MultiProcessingDataLoaderIter.__del__ at 0x7f8c3ce1fc10>
Traceback (most recent call last):
  File "/home/zubrikhina/anaconda3/envs/bm/lib/python3.8/site-packages/torch/utils/data/dataloader.py", line 1478, in __del__
    self._shutdown_workers()
  File "/home/zubrikhina/anaconda3/envs/bm/lib/python3.8/site-packages/torch/utils/data/dataloader.py", line 1461, in _shutdown_workers
    if w.is_alive():
  File "/home/zubrikhina/anaconda3/envs/bm/lib/python3.8/multiprocessing/process.py", line 160, in is_alive
    assert self._parent_pid == os.getpid(), 'can only test a child process'
AssertionError: can only test a child process
[[36m03-01 05:04:54[0m][[34mflashy.solver[0m][[32mINFO[0m] - Valid | Epoch 10 | 29/146 | 0.29 it/sec | loss 1.6676[0m
[[36m03-01 05:06:31[0m][[34mflashy.solver[0m][[32mINFO[0m] - Valid | Epoch 10 | 58/146 | 0.30 it/sec | loss 1.6697[0m
[[36m03-01 05:08:07[0m][[34mflashy.solver[0m][[32mINFO[0m] - Valid | Epoch 10 | 87/146 | 0.30 it/sec | loss 1.6900[0m
[[36m03-01 05:09:45[0m][[34mflashy.solver[0m][[32mINFO[0m] - Valid | Epoch 10 | 116/146 | 0.30 it/sec | loss 1.6989[0m
[[36m03-01 05:11:11[0m][[34mflashy.solver[0m][[32mINFO[0m] - Valid | Epoch 10 | 145/146 | 0.31 it/sec | loss 1.6894[0m
[[36m03-01 05:11:12[0m][[34mflashy.solver[0m][[32mINFO[0m] - [1mValid Summary | Epoch 10 | loss=1.6894 | duration=482.5021[0m
[[36m03-01 05:11:12[0m][[34mbm.solver[0m][[32mINFO[0m] - Scale Reject | Ratio 0.000%[0m
[[36m03-01 05:21:54[0m][[34mflashy.solver[0m][[32mINFO[0m] - Train | Epoch 11 | 240/1200 | 0.38 it/sec | loss 0.6553[0m
[[36m03-01 05:32:17[0m][[34mflashy.solver[0m][[32mINFO[0m] - Train | Epoch 11 | 480/1200 | 0.38 it/sec | loss 0.6484[0m
[[36m03-01 05:42:35[0m][[34mflashy.solver[0m][[32mINFO[0m] - Train | Epoch 11 | 720/1200 | 0.38 it/sec | loss 0.6390[0m
[[36m03-01 05:52:49[0m][[34mflashy.solver[0m][[32mINFO[0m] - Train | Epoch 11 | 960/1200 | 0.39 it/sec | loss 0.6396[0m
[[36m03-01 06:02:49[0m][[34mflashy.solver[0m][[32mINFO[0m] - [1mTrain Summary | Epoch 11 | loss=0.6444 | duration=3096.2281[0m
Exception ignored in: <function _MultiProcessingDataLoaderIter.__del__ at 0x7f8c3ce1fc10>
Traceback (most recent call last):
  File "/home/zubrikhina/anaconda3/envs/bm/lib/python3.8/site-packages/torch/utils/data/dataloader.py", line 1478, in __del__
    self._shutdown_workers()
  File "/home/zubrikhina/anaconda3/envs/bm/lib/python3.8/site-packages/torch/utils/data/dataloader.py", line 1461, in _shutdown_workers
    if w.is_alive():
  File "/home/zubrikhina/anaconda3/envs/bm/lib/python3.8/multiprocessing/process.py", line 160, in is_alive
    assert self._parent_pid == os.getpid(), 'can only test a child process'
AssertionError: can only test a child process
Exception ignored in: <function _MultiProcessingDataLoaderIter.__del__ at 0x7f8c3ce1fc10>
Traceback (most recent call last):
  File "/home/zubrikhina/anaconda3/envs/bm/lib/python3.8/site-packages/torch/utils/data/dataloader.py", line 1478, in __del__
    self._shutdown_workers()
  File "/home/zubrikhina/anaconda3/envs/bm/lib/python3.8/site-packages/torch/utils/data/dataloader.py", line 1461, in _shutdown_workers
    if w.is_alive():
  File "/home/zubrikhina/anaconda3/envs/bm/lib/python3.8/multiprocessing/process.py", line 160, in is_alive
    assert self._parent_pid == os.getpid(), 'can only test a child process'
AssertionError: can only test a child process
Exception ignored in: <function _MultiProcessingDataLoaderIter.__del__ at 0x7f8c3ce1fc10>
Traceback (most recent call last):
  File "/home/zubrikhina/anaconda3/envs/bm/lib/python3.8/site-packages/torch/utils/data/dataloader.py", line 1478, in __del__
    self._shutdown_workers()
  File "/home/zubrikhina/anaconda3/envs/bm/lib/python3.8/site-packages/torch/utils/data/dataloader.py", line 1461, in _shutdown_workers
    if w.is_alive():
  File "/home/zubrikhina/anaconda3/envs/bm/lib/python3.8/multiprocessing/process.py", line 160, in is_alive
    assert self._parent_pid == os.getpid(), 'can only test a child process'
AssertionError: can only test a child process
Exception ignored in: <function _MultiProcessingDataLoaderIter.__del__ at 0x7f8c3ce1fc10>
Traceback (most recent call last):
  File "/home/zubrikhina/anaconda3/envs/bm/lib/python3.8/site-packages/torch/utils/data/dataloader.py", line 1478, in __del__
    self._shutdown_workers()
  File "/home/zubrikhina/anaconda3/envs/bm/lib/python3.8/site-packages/torch/utils/data/dataloader.py", line 1461, in _shutdown_workers
    if w.is_alive():
  File "/home/zubrikhina/anaconda3/envs/bm/lib/python3.8/multiprocessing/process.py", line 160, in is_alive
    assert self._parent_pid == os.getpid(), 'can only test a child process'
AssertionError: can only test a child process
Exception ignored in: <function _MultiProcessingDataLoaderIter.__del__ at 0x7f8c3ce1fc10>
Traceback (most recent call last):
  File "/home/zubrikhina/anaconda3/envs/bm/lib/python3.8/site-packages/torch/utils/data/dataloader.py", line 1478, in __del__
    self._shutdown_workers()
  File "/home/zubrikhina/anaconda3/envs/bm/lib/python3.8/site-packages/torch/utils/data/dataloader.py", line 1461, in _shutdown_workers
    if w.is_alive():
  File "/home/zubrikhina/anaconda3/envs/bm/lib/python3.8/multiprocessing/process.py", line 160, in is_alive
    assert self._parent_pid == os.getpid(), 'can only test a child process'
AssertionError: can only test a child process
[[36m03-01 06:04:30[0m][[34mflashy.solver[0m][[32mINFO[0m] - Valid | Epoch 11 | 29/146 | 0.31 it/sec | loss 1.7866[0m
[[36m03-01 06:06:05[0m][[34mflashy.solver[0m][[32mINFO[0m] - Valid | Epoch 11 | 58/146 | 0.31 it/sec | loss 1.7992[0m
[[36m03-01 06:07:40[0m][[34mflashy.solver[0m][[32mINFO[0m] - Valid | Epoch 11 | 87/146 | 0.31 it/sec | loss 1.7748[0m
[[36m03-01 06:09:14[0m][[34mflashy.solver[0m][[32mINFO[0m] - Valid | Epoch 11 | 116/146 | 0.31 it/sec | loss 1.7632[0m
[[36m03-01 06:10:40[0m][[34mflashy.solver[0m][[32mINFO[0m] - Valid | Epoch 11 | 145/146 | 0.31 it/sec | loss 1.7589[0m
[[36m03-01 06:10:41[0m][[34mflashy.solver[0m][[32mINFO[0m] - [1mValid Summary | Epoch 11 | loss=1.7589 | duration=472.7725[0m
[[36m03-01 06:10:41[0m][[34mbm.solver[0m][[32mINFO[0m] - Scale Reject | Ratio 0.000%[0m
[[36m03-01 06:21:18[0m][[34mflashy.solver[0m][[32mINFO[0m] - Train | Epoch 12 | 240/1200 | 0.38 it/sec | loss 0.5669[0m
[[36m03-01 06:30:59[0m][[34mflashy.solver[0m][[32mINFO[0m] - Train | Epoch 12 | 480/1200 | 0.40 it/sec | loss 0.5875[0m
[[36m03-01 06:40:14[0m][[34mflashy.solver[0m][[32mINFO[0m] - Train | Epoch 12 | 720/1200 | 0.41 it/sec | loss 0.5904[0m
[[36m03-01 06:49:25[0m][[34mflashy.solver[0m][[32mINFO[0m] - Train | Epoch 12 | 960/1200 | 0.41 it/sec | loss 0.5932[0m
[[36m03-01 06:58:44[0m][[34mflashy.solver[0m][[32mINFO[0m] - [1mTrain Summary | Epoch 12 | loss=0.5984 | duration=2882.4329[0m
Exception ignored in: <function _MultiProcessingDataLoaderIter.__del__ at 0x7f8c3ce1fc10>
Traceback (most recent call last):
  File "/home/zubrikhina/anaconda3/envs/bm/lib/python3.8/site-packages/torch/utils/data/dataloader.py", line 1478, in __del__
    self._shutdown_workers()
  File "/home/zubrikhina/anaconda3/envs/bm/lib/python3.8/site-packages/torch/utils/data/dataloader.py", line 1461, in _shutdown_workers
    if w.is_alive():
  File "/home/zubrikhina/anaconda3/envs/bm/lib/python3.8/multiprocessing/process.py", line 160, in is_alive
    assert self._parent_pid == os.getpid(), 'can only test a child process'
AssertionError: can only test a child process
Exception ignored in: <function _MultiProcessingDataLoaderIter.__del__ at 0x7f8c3ce1fc10>
Traceback (most recent call last):
  File "/home/zubrikhina/anaconda3/envs/bm/lib/python3.8/site-packages/torch/utils/data/dataloader.py", line 1478, in __del__
    self._shutdown_workers()
  File "/home/zubrikhina/anaconda3/envs/bm/lib/python3.8/site-packages/torch/utils/data/dataloader.py", line 1461, in _shutdown_workers
    if w.is_alive():
  File "/home/zubrikhina/anaconda3/envs/bm/lib/python3.8/multiprocessing/process.py", line 160, in is_alive
    assert self._parent_pid == os.getpid(), 'can only test a child process'
AssertionError: can only test a child process
Exception ignored in: <function _MultiProcessingDataLoaderIter.__del__ at 0x7f8c3ce1fc10>
Traceback (most recent call last):
  File "/home/zubrikhina/anaconda3/envs/bm/lib/python3.8/site-packages/torch/utils/data/dataloader.py", line 1478, in __del__
    self._shutdown_workers()
  File "/home/zubrikhina/anaconda3/envs/bm/lib/python3.8/site-packages/torch/utils/data/dataloader.py", line 1461, in _shutdown_workers
    if w.is_alive():
  File "/home/zubrikhina/anaconda3/envs/bm/lib/python3.8/multiprocessing/process.py", line 160, in is_alive
    assert self._parent_pid == os.getpid(), 'can only test a child process'
AssertionError: can only test a child process
Exception ignored in: <function _MultiProcessingDataLoaderIter.__del__ at 0x7f8c3ce1fc10>
Traceback (most recent call last):
  File "/home/zubrikhina/anaconda3/envs/bm/lib/python3.8/site-packages/torch/utils/data/dataloader.py", line 1478, in __del__
    self._shutdown_workers()
  File "/home/zubrikhina/anaconda3/envs/bm/lib/python3.8/site-packages/torch/utils/data/dataloader.py", line 1461, in _shutdown_workers
    if w.is_alive():
  File "/home/zubrikhina/anaconda3/envs/bm/lib/python3.8/multiprocessing/process.py", line 160, in is_alive
    assert self._parent_pid == os.getpid(), 'can only test a child process'
AssertionError: can only test a child process
Exception ignored in: <function _MultiProcessingDataLoaderIter.__del__ at 0x7f8c3ce1fc10>
Traceback (most recent call last):
  File "/home/zubrikhina/anaconda3/envs/bm/lib/python3.8/site-packages/torch/utils/data/dataloader.py", line 1478, in __del__
    self._shutdown_workers()
  File "/home/zubrikhina/anaconda3/envs/bm/lib/python3.8/site-packages/torch/utils/data/dataloader.py", line 1461, in _shutdown_workers
    if w.is_alive():
  File "/home/zubrikhina/anaconda3/envs/bm/lib/python3.8/multiprocessing/process.py", line 160, in is_alive
    assert self._parent_pid == os.getpid(), 'can only test a child process'
AssertionError: can only test a child process
[[36m03-01 07:00:13[0m][[34mflashy.solver[0m][[32mINFO[0m] - Valid | Epoch 12 | 29/146 | 0.35 it/sec | loss 1.7263[0m
[[36m03-01 07:01:37[0m][[34mflashy.solver[0m][[32mINFO[0m] - Valid | Epoch 12 | 58/146 | 0.35 it/sec | loss 1.7578[0m
[[36m03-01 07:03:08[0m][[34mflashy.solver[0m][[32mINFO[0m] - Valid | Epoch 12 | 87/146 | 0.34 it/sec | loss 1.7463[0m
[[36m03-01 07:04:34[0m][[34mflashy.solver[0m][[32mINFO[0m] - Valid | Epoch 12 | 116/146 | 0.34 it/sec | loss 1.7371[0m
[[36m03-01 07:05:48[0m][[34mflashy.solver[0m][[32mINFO[0m] - Valid | Epoch 12 | 145/146 | 0.35 it/sec | loss 1.7369[0m
[[36m03-01 07:05:48[0m][[34mflashy.solver[0m][[32mINFO[0m] - [1mValid Summary | Epoch 12 | loss=1.7369 | duration=424.0403[0m
[[36m03-01 07:05:48[0m][[34mbm.solver[0m][[32mINFO[0m] - Scale Reject | Ratio 0.000%[0m
[[36m03-01 07:15:40[0m][[34mflashy.solver[0m][[32mINFO[0m] - Train | Epoch 13 | 240/1200 | 0.41 it/sec | loss 0.5775[0m
[[36m03-01 07:24:56[0m][[34mflashy.solver[0m][[32mINFO[0m] - Train | Epoch 13 | 480/1200 | 0.42 it/sec | loss 0.5769[0m
[[36m03-01 07:34:23[0m][[34mflashy.solver[0m][[32mINFO[0m] - Train | Epoch 13 | 720/1200 | 0.42 it/sec | loss 0.5788[0m
[[36m03-01 07:44:03[0m][[34mflashy.solver[0m][[32mINFO[0m] - Train | Epoch 13 | 960/1200 | 0.42 it/sec | loss 0.5781[0m
[[36m03-01 07:53:27[0m][[34mflashy.solver[0m][[32mINFO[0m] - [1mTrain Summary | Epoch 13 | loss=0.5793 | duration=2857.5664[0m
Exception ignored in: <function _MultiProcessingDataLoaderIter.__del__ at 0x7f8c3ce1fc10>
Traceback (most recent call last):
  File "/home/zubrikhina/anaconda3/envs/bm/lib/python3.8/site-packages/torch/utils/data/dataloader.py", line 1478, in __del__
    self._shutdown_workers()
  File "/home/zubrikhina/anaconda3/envs/bm/lib/python3.8/site-packages/torch/utils/data/dataloader.py", line 1461, in _shutdown_workers
    if w.is_alive():
  File "/home/zubrikhina/anaconda3/envs/bm/lib/python3.8/multiprocessing/process.py", line 160, in is_alive
    assert self._parent_pid == os.getpid(), 'can only test a child process'
AssertionError: can only test a child process
Exception ignored in: <function _MultiProcessingDataLoaderIter.__del__ at 0x7f8c3ce1fc10>
Traceback (most recent call last):
  File "/home/zubrikhina/anaconda3/envs/bm/lib/python3.8/site-packages/torch/utils/data/dataloader.py", line 1478, in __del__
    self._shutdown_workers()
  File "/home/zubrikhina/anaconda3/envs/bm/lib/python3.8/site-packages/torch/utils/data/dataloader.py", line 1461, in _shutdown_workers
    if w.is_alive():
  File "/home/zubrikhina/anaconda3/envs/bm/lib/python3.8/multiprocessing/process.py", line 160, in is_alive
    assert self._parent_pid == os.getpid(), 'can only test a child process'
AssertionError: can only test a child process
Exception ignored in: <function _MultiProcessingDataLoaderIter.__del__ at 0x7f8c3ce1fc10>
Traceback (most recent call last):
  File "/home/zubrikhina/anaconda3/envs/bm/lib/python3.8/site-packages/torch/utils/data/dataloader.py", line 1478, in __del__
    self._shutdown_workers()
  File "/home/zubrikhina/anaconda3/envs/bm/lib/python3.8/site-packages/torch/utils/data/dataloader.py", line 1461, in _shutdown_workers
    if w.is_alive():
  File "/home/zubrikhina/anaconda3/envs/bm/lib/python3.8/multiprocessing/process.py", line 160, in is_alive
    assert self._parent_pid == os.getpid(), 'can only test a child process'
AssertionError: can only test a child process
Exception ignored in: <function _MultiProcessingDataLoaderIter.__del__ at 0x7f8c3ce1fc10>
Traceback (most recent call last):
  File "/home/zubrikhina/anaconda3/envs/bm/lib/python3.8/site-packages/torch/utils/data/dataloader.py", line 1478, in __del__
    self._shutdown_workers()
  File "/home/zubrikhina/anaconda3/envs/bm/lib/python3.8/site-packages/torch/utils/data/dataloader.py", line 1461, in _shutdown_workers
    if w.is_alive():
  File "/home/zubrikhina/anaconda3/envs/bm/lib/python3.8/multiprocessing/process.py", line 160, in is_alive
    assert self._parent_pid == os.getpid(), 'can only test a child process'
AssertionError: can only test a child process
Exception ignored in: <function _MultiProcessingDataLoaderIter.__del__ at 0x7f8c3ce1fc10>
Traceback (most recent call last):
  File "/home/zubrikhina/anaconda3/envs/bm/lib/python3.8/site-packages/torch/utils/data/dataloader.py", line 1478, in __del__
    self._shutdown_workers()
  File "/home/zubrikhina/anaconda3/envs/bm/lib/python3.8/site-packages/torch/utils/data/dataloader.py", line 1461, in _shutdown_workers
    if w.is_alive():
  File "/home/zubrikhina/anaconda3/envs/bm/lib/python3.8/multiprocessing/process.py", line 160, in is_alive
    assert self._parent_pid == os.getpid(), 'can only test a child process'
AssertionError: can only test a child process
[[36m03-01 07:55:10[0m][[34mflashy.solver[0m][[32mINFO[0m] - Valid | Epoch 13 | 29/146 | 0.30 it/sec | loss 1.9100[0m
[[36m03-01 07:56:49[0m][[34mflashy.solver[0m][[32mINFO[0m] - Valid | Epoch 13 | 58/146 | 0.30 it/sec | loss 1.9028[0m
[[36m03-01 07:58:10[0m][[34mflashy.solver[0m][[32mINFO[0m] - Valid | Epoch 13 | 87/146 | 0.31 it/sec | loss 1.9122[0m
[[36m03-01 07:59:48[0m][[34mflashy.solver[0m][[32mINFO[0m] - Valid | Epoch 13 | 116/146 | 0.31 it/sec | loss 1.9014[0m
[[36m03-01 08:01:27[0m][[34mflashy.solver[0m][[32mINFO[0m] - Valid | Epoch 13 | 145/146 | 0.31 it/sec | loss 1.8983[0m
[[36m03-01 08:01:28[0m][[34mflashy.solver[0m][[32mINFO[0m] - [1mValid Summary | Epoch 13 | loss=1.8983 | duration=481.2419[0m
[[36m03-01 08:01:28[0m][[34mbm.solver[0m][[33mWARNING[0m] - Model valid_loss did not improve for 10 epochs. Stopping the training.[0m
[[36m03-01 08:01:28[0m][[34mbm.solver[0m][[32mINFO[0m] - Scale Reject | Ratio 0.000%[0m
wandb: WARNING No requirements.txt found, not creating job artifact. See https://docs.wandb.ai/guides/launch/create-job
wandb: - 0.000 MB of 0.000 MB uploadedwandb: \ 0.000 MB of 0.016 MB uploadedwandb: | 0.016 MB of 0.016 MB uploadedwandb: 
wandb: Run history:
wandb: train/duration ▁▄▄▄▄▃▇█▅▅
wandb:     train/loss █▆▅▄▃▂▂▂▁▁
wandb: valid/duration ▆▁▃▁▂▁█▇▁█
wandb:     valid/loss ▁▂▂▄▄▅▅▆▅█
wandb: 
wandb: Run summary:
wandb:  test/duration 550.16384
wandb:       test/wer 0.40949
wandb: test/wer_vocab 0.16806
wandb: train/duration 2857.56635
wandb:     train/loss 0.5793
wandb: valid/duration 481.24186
wandb:     valid/loss 1.89825
wandb: 
wandb: 🚀 View run dad01feb at: https://wandb.ai/gnn-neuro/brainmagick/runs/dad01feb
wandb: Synced 3 W&B file(s), 0 media file(s), 0 artifact file(s) and 0 other file(s)
wandb: Find logs at: ./wandb/run-20240229_225159-dad01feb/logs
