nohup: ignoring input
Hostname bagration not defined in /conf/study_paths/study_paths.yaml. Using default paths.
[1mParser[0m Injecting argv ['model=clip_cnntransformer', 'feature_model=conv_wave', 'dset.selections=["gwilliams2022"]', 'dset.bandpass=true', 'dset.bandpass_high=0.1', 'dset.bandpass_lower=40.0', 'seed=2037', 'feature_model_params.dropout_value=0.3', 'feature_model_params.n_out_channels=32', 'cnntransformer.depth=4', 'cnntransformer.conv_dropout=0.2', 'cnntransformer.out_channels_transformer=32', 'feature_model_params.layers_block=true', 'feature_model_params.layers_number=1', 'feature_model_params.activation="gelu"', 'feature_model_params.layers_dropout=0.6'] from sig c0c688c8
{'wandb': {'use_wandb': True, 'project': 'brainmagick', 'group': 'brainmagick-group'}, 'num_prints': 5, 'device': 'cuda:1', 'verbose': 0, 'show': 0, 'download_only': False, 'is_sound': False, 'slurm': {'mem_per_gpu': 100, 'time': 4320}, 'continue_sig': None, 'continue_best': True, 'seed': 2037, 'dummy': None, 'cache': './cache', 'features_models': './features_models', 'early_stop_patience': 10, 'eval_every': 1, 'eval_train_set': False, 'optim': {'name': 'adam', 'shuffle': False, 'lr': 0.0003, 'beta2': 0.999, 'eps': 1e-08, 'epochs': 200, 'batch_size': 256, 'loss': 'clip', 'weight_decay': 0.0, 'use_weighting': False, 'max_batches': 1200, 'svd': 0.0, 'negatives': None, 'negative_pool_size': None, 'scheduler': {'name': 'None'}}, 'clip': {'linear': None, 'twin': True, 'pool': False, 'tmin': None, 'tmax': None, 'tmin_train': None, 'tmax_train': None, 'center': False, 'probabilities': False}, 'test': {'wer_negatives': 10000, 'wer_topx': 10, 'wer_random': False, 'wer_recordings': 40, 'wer_study': None}, 'dset': {'selections': ['gwilliams2022'], 'tmin': -0.5, 'tmax': 2.5, 'n_recordings': 1000, 'n_subjects': None, 'n_subjects_test': None, 'shuffle_recordings_seed': -1, 'skip_recordings': 0, 'test_ratio': 0.2, 'valid_ratio': 0.1, 'remove_ratio': 0.0, 'condition': 0.5, 'apply_baseline': True, 'min_block_duration': 6, 'force_uid_assignement': False, 'min_n_blocks_per_split': 1, 'ignore_end_in_block': False, 'ignore_start_in_block': False, 'sample_rate': 120, 'highpass': 0, 'bandpass': True, 'bandpass_high': 0.1, 'bandpass_lower': 40.0, 'event_mask': True, 'split_wav_as_block': True, 'allow_empty_split': False, 'autoreject': False, 'test': {'tmin': None, 'tmax': None, 'condition': 'word'}, 'features': ['Wav2VecTransformer'], 'extra_test_features': [], 'features_params': {'MelSpectrum': {'n_fft': 512, 'n_mels': 120, 'normalized': True, 'use_log_scale': True, 'log_scale_eps': 1e-05}, 'Pitch': {'min_f0': 100, 'max_f0': 350}, 'WordHash': {'buckets': 100000}, 'XlmEmbedding': {'contextual': False}, 'WordEmbedding': {'lang': 'auto'}, 'WordEmbeddingSmall': {'lang': 'auto'}, 'PartOfSpeech': {'lang': 'auto'}, 'Wav2VecTransformer': {'layers': [14, 15, 16, 17, 18], 'device': 'cpu', 'random': False, 'is_interpolate': True, 'size': 150}, 'Wav2VecChunk': {'device': 'cpu'}}}, 'override_n_subjects_model': None, 'norm': {'scaler': {'per_channel': False, 'n_samples_per_recording': 200, 'n_samples_features': 8000}, 'max_scale': 20.0, 'clip': True, 'exclude_empty_features': False}, 'task': {'type': 'decode', 'meg_init': 0.3, 'lowpass': 0, 'offset_meg_ms': 150, 'lowpass_gt': True, 'lowpass_gt_test': False, 'mask_loss': False}, 'dora': {'dir': './outputs', 'exclude': ['wandb.*', 'num_prints', 'device', 'num_workers', 'verbose', 'cache', 'features_models'], 'git_save': True}, 'model_name': 'cnntransformer', 'convrnn': {'concatenate': False, 'depth': 2, 'linear_out': False, 'complex_out': False, 'kernel_size': 4, 'stride': 2, 'growth': 1.0, 'lstm': 4, 'bidirectional_lstm': False, 'flip_lstm': False, 'attention': 0, 'heads': 4, 'conv_dropout': 0.0, 'lstm_dropout': 0.0, 'dropout_input': 0.0, 'batch_norm': False, 'relu_leakiness': 0.0, 'subject_dim': 64, 'embedding_location': ['lstm'], 'embedding_scale': 1.0, 'subject_layers': False, 'subject_layers_dim': 'input'}, 'simpleconv': {'concatenate': False, 'depth': 4, 'linear_out': False, 'complex_out': False, 'dilation_growth': 2, 'dilation_period': None, 'skip': False, 'post_skip': False, 'growth': 1.0, 'scale': None, 'rewrite': False, 'groups': 1, 'glu': 0, 'glu_context': 0, 'glu_glu': True, 'gelu': False, 'dual_path': 0, 'conv_dropout': 0.0, 'dropout_input': 0.0, 'batch_norm': False, 'relu_leakiness': 0.0, 'subject_dim': 64, 'subject_layers': False, 'embedding_scale': 1.0, 'subject_layers_dim': 'input', 'subject_layers_id': False, 'n_fft': None, 'fft_complex': True, 'merger': False, 'merger_pos_dim': 256, 'merger_channels': 270, 'merger_dropout': 0.2, 'merger_penalty': 0.0, 'merger_per_subject': False, 'dropout': 0.0, 'dropout_rescale': True, 'initial_linear': 0, 'initial_depth': 1, 'initial_nonlin': False, 'avg_pool_out': False, 'adaptive_pooling_size': '1,', 'flatten_out_channels': 512, 'strides': [1, 1, 1, 1, 1, 1, 1, 1, 1, 1], 'kernel_size': [3, 3, 3, 3, 3, 3, 3, 3, 3, 3], 'padding': [1, 1, 1, 1, 1, 1, 1, 1, 1, 1], 'seq_len': -1, 'auto_padding': True, 'is_deformable_conv': False}, 'simpletransformer': {'hidden': {'meg': 320}, 'depth': 4, 'nhead': 8, 'subject_layers': False, 'positional_embedding': False, 'merger': False, 'merger_pos_dim': 2048, 'merger_channels': 272, 'model_type': 'basic', 'dim_ff': 2048, 'attention_window': [32, 32, 32, 32]}, 'timesnet': {'hidden': {'meg': 320}, 'depth': 2, 'subject_layers': False, 'sequence_lenth': 361, 'num_kernels': 6, 'top_k': 3, 'dropout_projection': 0.3, 'd_model': 32, 'd_ff': 32, 'flatten_out_channels': 1024, 'merger': False, 'merger_pos_dim': 2048, 'merger_channels': 270, 'enc_embedding': True}, 'cnntransformer': {'hidden': {'meg': 320}, 'batch_norm': True, 'depth': 4, 'dilation_period': 4, 'skip': True, 'subject_layers': True, 'subject_dim': 0, 'complex_out': True, 'glu': 2, 'glu_context': 1, 'merger': True, 'initial_linear': 270, 'gelu': True, 'merger_pos_dim': 2048, 'avg_pool_out': False, 'adaptive_pooling_size': 1, 'flatten_out': True, 'flatten_out_channels': 264, 'strides': [1, 1, 1, 1, 1, 1, 1, 1, 1, 1], 'conv_dropout': 0.2, 'kernel_size': [3, 3, 3, 3, 3, 3, 3, 3, 3, 3], 'padding': [1, 1, 1, 1, 1, 1, 1, 1, 1, 1], 'seq_len': 361, 'auto_padding': True, 'is_deformable_conv': False, 'in_channels_tranformer': 264, 'out_channels_transformer': 32, 'dim_ff': 2048, 'nhead': 8, 'positional_embedding': 'False,', 'positional_embedding_dropout': 0.0, 'depth_transformer': 2}, 'num_workers': 5, 'feature_model_name': 'conv_wave', 'feature_model_params': {'input_channels': 1024, 'kernel_sizes': [3, 3], 'strides': [1, 1], 'adaptive_pool': False, 'adaptive_pooling_size': 1, 'n_out_channels': 32, 'dropout_value': 0.3, 'layers_block': True, 'layers_number': 1, 'activation': 'gelu', 'layers_dropout': 0.6}, 'selections': {'audio_mous': {'study': 'schoffelen2019', 'modality': 'audio', 'events_filter': None}, 'audio_mous_wl': {'study': 'schoffelen2019', 'modality': 'audio', 'events_filter': 'condition == "word_list"'}, 'visual_mous': {'study': 'schoffelen2019', 'modality': 'visual', 'events_filter': None}, 'gwilliams2022': {'study': 'gwilliams2022'}, 'broderick2019': {'study': 'broderick2019'}, 'fake': {'study': 'fake'}, 'brennan2019': {'study': 'brennan2019'}}, 'study_paths': {'default': {'gwilliams2022': './data/gwilliams2022/', 'schoffelen2019': './data/schoffelen2019/', 'brennan2019': './data/brennan2019/', 'broderick2019': './data/broderick2019/'}}}
[2024-02-29 22:46:38,386][bm._env][WARNING] - Hostname bagration not defined in /conf/study_paths/study_paths.yaml. Using default paths.
[2024-02-29 22:46:38,411][bm.train][INFO] - For logs, checkpoints and samples, check /home/zubrikhina/brainmagick_MICCAI/outputs/xps/c0c688c8.
[2024-02-29 22:46:38,412][bm.train][INFO] - Caching intermediate data under /home/zubrikhina/brainmagick_MICCAI/cache.
/home/zubrikhina/anaconda3/envs/bm/lib/python3.8/site-packages/hydra/_internal/hydra.py:119: UserWarning: Future Hydra versions will no longer change working directory at job runtime by default.
See https://hydra.cc/docs/1.2/upgrades/1.1_to_1.2/changes_to_job_working_dir/ for more information.
  ret = run_job(
[[36m02-29 22:46:38[0m][[34mdora.distrib[0m][[32mINFO[0m] - world_size is 1, skipping init.[0m
[[36m02-29 22:46:38[0m][[34mbm.dataset[0m][[33mWARNING[0m] - Requested 1000 recordings but only found 196[0m
[[36m02-29 22:46:42[0m][[34mbm.dataset[0m][[33mWARNING[0m] - No blocks found for split 2/3 of recording 1/196.[0m
[[36m02-29 22:46:43[0m][[34mbm.dataset[0m][[33mWARNING[0m] - No blocks found for split 2/3 of recording 2/196.[0m
[[36m02-29 22:46:50[0m][[34mbm.dataset[0m][[33mWARNING[0m] - No blocks found for split 2/3 of recording 5/196.[0m
[[36m02-29 22:46:51[0m][[34mbm.dataset[0m][[33mWARNING[0m] - No blocks found for split 2/3 of recording 6/196.[0m
[[36m02-29 22:46:58[0m][[34mbm.dataset[0m][[33mWARNING[0m] - No blocks found for split 2/3 of recording 9/196.[0m
[[36m02-29 22:46:58[0m][[34mbm.dataset[0m][[33mWARNING[0m] - No blocks found for split 2/3 of recording 10/196.[0m
[[36m02-29 22:47:05[0m][[34mbm.dataset[0m][[33mWARNING[0m] - No blocks found for split 2/3 of recording 13/196.[0m
[[36m02-29 22:47:06[0m][[34mbm.dataset[0m][[33mWARNING[0m] - No blocks found for split 2/3 of recording 14/196.[0m
[[36m02-29 22:47:13[0m][[34mbm.dataset[0m][[33mWARNING[0m] - No blocks found for split 2/3 of recording 17/196.[0m
[[36m02-29 22:47:14[0m][[34mbm.dataset[0m][[33mWARNING[0m] - No blocks found for split 2/3 of recording 18/196.[0m
[[36m02-29 22:47:21[0m][[34mbm.dataset[0m][[33mWARNING[0m] - No blocks found for split 2/3 of recording 21/196.[0m
[[36m02-29 22:47:22[0m][[34mbm.dataset[0m][[33mWARNING[0m] - No blocks found for split 2/3 of recording 22/196.[0m
[[36m02-29 22:47:28[0m][[34mbm.dataset[0m][[33mWARNING[0m] - No blocks found for split 2/3 of recording 25/196.[0m
[[36m02-29 22:47:29[0m][[34mbm.dataset[0m][[33mWARNING[0m] - No blocks found for split 2/3 of recording 26/196.[0m
[[36m02-29 22:47:36[0m][[34mbm.dataset[0m][[33mWARNING[0m] - No blocks found for split 2/3 of recording 29/196.[0m
[[36m02-29 22:47:37[0m][[34mbm.dataset[0m][[33mWARNING[0m] - No blocks found for split 2/3 of recording 30/196.[0m
[[36m02-29 22:47:44[0m][[34mbm.dataset[0m][[33mWARNING[0m] - No blocks found for split 2/3 of recording 33/196.[0m
[[36m02-29 22:47:45[0m][[34mbm.dataset[0m][[33mWARNING[0m] - No blocks found for split 2/3 of recording 34/196.[0m
[[36m02-29 22:47:52[0m][[34mbm.dataset[0m][[33mWARNING[0m] - No blocks found for split 2/3 of recording 37/196.[0m
[[36m02-29 22:47:53[0m][[34mbm.dataset[0m][[33mWARNING[0m] - No blocks found for split 2/3 of recording 38/196.[0m
[[36m02-29 22:47:59[0m][[34mbm.dataset[0m][[32mINFO[0m] - Loading Subjects | 39/196 | 0.51 it/sec[0m
[[36m02-29 22:48:00[0m][[34mbm.dataset[0m][[33mWARNING[0m] - No blocks found for split 2/3 of recording 41/196.[0m
[[36m02-29 22:48:01[0m][[34mbm.dataset[0m][[33mWARNING[0m] - No blocks found for split 2/3 of recording 42/196.[0m
[[36m02-29 22:48:07[0m][[34mbm.dataset[0m][[33mWARNING[0m] - No blocks found for split 2/3 of recording 45/196.[0m
[[36m02-29 22:48:08[0m][[34mbm.dataset[0m][[33mWARNING[0m] - No blocks found for split 2/3 of recording 46/196.[0m
[[36m02-29 22:48:15[0m][[34mbm.dataset[0m][[33mWARNING[0m] - No blocks found for split 2/3 of recording 49/196.[0m
[[36m02-29 22:48:16[0m][[34mbm.dataset[0m][[33mWARNING[0m] - No blocks found for split 2/3 of recording 50/196.[0m
[[36m02-29 22:48:23[0m][[34mbm.dataset[0m][[33mWARNING[0m] - No blocks found for split 2/3 of recording 53/196.[0m
[[36m02-29 22:48:24[0m][[34mbm.dataset[0m][[33mWARNING[0m] - No blocks found for split 2/3 of recording 54/196.[0m
[[36m02-29 22:48:31[0m][[34mbm.dataset[0m][[33mWARNING[0m] - No blocks found for split 2/3 of recording 57/196.[0m
[[36m02-29 22:48:32[0m][[34mbm.dataset[0m][[33mWARNING[0m] - No blocks found for split 2/3 of recording 58/196.[0m
[[36m02-29 22:48:39[0m][[34mbm.dataset[0m][[33mWARNING[0m] - No blocks found for split 2/3 of recording 61/196.[0m
[[36m02-29 22:48:39[0m][[34mbm.dataset[0m][[33mWARNING[0m] - No blocks found for split 2/3 of recording 62/196.[0m
[[36m02-29 22:48:47[0m][[34mbm.dataset[0m][[33mWARNING[0m] - No blocks found for split 2/3 of recording 65/196.[0m
[[36m02-29 22:48:48[0m][[34mbm.dataset[0m][[33mWARNING[0m] - No blocks found for split 2/3 of recording 66/196.[0m
[[36m02-29 22:48:55[0m][[34mbm.dataset[0m][[33mWARNING[0m] - No blocks found for split 2/3 of recording 69/196.[0m
[[36m02-29 22:48:56[0m][[34mbm.dataset[0m][[33mWARNING[0m] - No blocks found for split 2/3 of recording 70/196.[0m
[[36m02-29 22:49:03[0m][[34mbm.dataset[0m][[33mWARNING[0m] - No blocks found for split 2/3 of recording 73/196.[0m
[[36m02-29 22:49:03[0m][[34mbm.dataset[0m][[33mWARNING[0m] - No blocks found for split 2/3 of recording 74/196.[0m
[[36m02-29 22:49:10[0m][[34mbm.dataset[0m][[33mWARNING[0m] - No blocks found for split 2/3 of recording 77/196.[0m
[[36m02-29 22:49:11[0m][[34mbm.dataset[0m][[33mWARNING[0m] - No blocks found for split 2/3 of recording 78/196.[0m
[[36m02-29 22:49:14[0m][[34mbm.dataset[0m][[32mINFO[0m] - Loading Subjects | 78/196 | 0.52 it/sec[0m
[[36m02-29 22:49:18[0m][[34mbm.dataset[0m][[33mWARNING[0m] - No blocks found for split 2/3 of recording 81/196.[0m
[[36m02-29 22:49:19[0m][[34mbm.dataset[0m][[33mWARNING[0m] - No blocks found for split 2/3 of recording 82/196.[0m
[[36m02-29 22:49:26[0m][[34mbm.dataset[0m][[33mWARNING[0m] - No blocks found for split 2/3 of recording 85/196.[0m
[[36m02-29 22:49:27[0m][[34mbm.dataset[0m][[33mWARNING[0m] - No blocks found for split 2/3 of recording 86/196.[0m
[[36m02-29 22:49:34[0m][[34mbm.dataset[0m][[33mWARNING[0m] - No blocks found for split 2/3 of recording 89/196.[0m
[[36m02-29 22:49:35[0m][[34mbm.dataset[0m][[33mWARNING[0m] - No blocks found for split 2/3 of recording 90/196.[0m
[[36m02-29 22:49:42[0m][[34mbm.dataset[0m][[33mWARNING[0m] - No blocks found for split 2/3 of recording 93/196.[0m
[[36m02-29 22:49:43[0m][[34mbm.dataset[0m][[33mWARNING[0m] - No blocks found for split 2/3 of recording 94/196.[0m
[[36m02-29 22:49:50[0m][[34mbm.dataset[0m][[33mWARNING[0m] - No blocks found for split 2/3 of recording 97/196.[0m
[[36m02-29 22:49:51[0m][[34mbm.dataset[0m][[33mWARNING[0m] - No blocks found for split 2/3 of recording 98/196.[0m
[[36m02-29 22:49:58[0m][[34mbm.dataset[0m][[33mWARNING[0m] - No blocks found for split 2/3 of recording 101/196.[0m
[[36m02-29 22:49:59[0m][[34mbm.dataset[0m][[33mWARNING[0m] - No blocks found for split 2/3 of recording 102/196.[0m
[[36m02-29 22:50:06[0m][[34mbm.dataset[0m][[33mWARNING[0m] - No blocks found for split 2/3 of recording 105/196.[0m
[[36m02-29 22:50:07[0m][[34mbm.dataset[0m][[33mWARNING[0m] - No blocks found for split 2/3 of recording 106/196.[0m
[[36m02-29 22:50:14[0m][[34mbm.dataset[0m][[33mWARNING[0m] - No blocks found for split 2/3 of recording 109/196.[0m
[[36m02-29 22:50:15[0m][[34mbm.dataset[0m][[33mWARNING[0m] - No blocks found for split 2/3 of recording 110/196.[0m
[[36m02-29 22:50:22[0m][[34mbm.dataset[0m][[33mWARNING[0m] - No blocks found for split 2/3 of recording 113/196.[0m
[[36m02-29 22:50:23[0m][[34mbm.dataset[0m][[33mWARNING[0m] - No blocks found for split 2/3 of recording 114/196.[0m
[[36m02-29 22:50:30[0m][[34mbm.dataset[0m][[33mWARNING[0m] - No blocks found for split 2/3 of recording 117/196.[0m
[[36m02-29 22:50:31[0m][[34mbm.dataset[0m][[33mWARNING[0m] - No blocks found for split 2/3 of recording 118/196.[0m
[[36m02-29 22:50:32[0m][[34mbm.dataset[0m][[32mINFO[0m] - Loading Subjects | 117/196 | 0.51 it/sec[0m
[[36m02-29 22:50:38[0m][[34mbm.dataset[0m][[33mWARNING[0m] - No blocks found for split 2/3 of recording 121/196.[0m
[[36m02-29 22:50:39[0m][[34mbm.dataset[0m][[33mWARNING[0m] - No blocks found for split 2/3 of recording 122/196.[0m
[[36m02-29 22:50:46[0m][[34mbm.dataset[0m][[33mWARNING[0m] - No blocks found for split 2/3 of recording 125/196.[0m
[[36m02-29 22:50:47[0m][[34mbm.dataset[0m][[33mWARNING[0m] - No blocks found for split 2/3 of recording 126/196.[0m
[[36m02-29 22:50:54[0m][[34mbm.dataset[0m][[33mWARNING[0m] - No blocks found for split 2/3 of recording 129/196.[0m
[[36m02-29 22:50:55[0m][[34mbm.dataset[0m][[33mWARNING[0m] - No blocks found for split 2/3 of recording 130/196.[0m
[[36m02-29 22:51:02[0m][[34mbm.dataset[0m][[33mWARNING[0m] - No blocks found for split 2/3 of recording 133/196.[0m
[[36m02-29 22:51:03[0m][[34mbm.dataset[0m][[33mWARNING[0m] - No blocks found for split 2/3 of recording 134/196.[0m
[[36m02-29 22:51:10[0m][[34mbm.dataset[0m][[33mWARNING[0m] - No blocks found for split 2/3 of recording 137/196.[0m
[[36m02-29 22:51:11[0m][[34mbm.dataset[0m][[33mWARNING[0m] - No blocks found for split 2/3 of recording 138/196.[0m
[[36m02-29 22:51:18[0m][[34mbm.dataset[0m][[33mWARNING[0m] - No blocks found for split 2/3 of recording 141/196.[0m
[[36m02-29 22:51:19[0m][[34mbm.dataset[0m][[33mWARNING[0m] - No blocks found for split 2/3 of recording 142/196.[0m
[[36m02-29 22:51:26[0m][[34mbm.dataset[0m][[33mWARNING[0m] - No blocks found for split 2/3 of recording 145/196.[0m
[[36m02-29 22:51:27[0m][[34mbm.dataset[0m][[33mWARNING[0m] - No blocks found for split 2/3 of recording 146/196.[0m
[[36m02-29 22:51:34[0m][[34mbm.dataset[0m][[33mWARNING[0m] - No blocks found for split 2/3 of recording 149/196.[0m
[[36m02-29 22:51:35[0m][[34mbm.dataset[0m][[33mWARNING[0m] - No blocks found for split 2/3 of recording 150/196.[0m
[[36m02-29 22:51:42[0m][[34mbm.dataset[0m][[33mWARNING[0m] - No blocks found for split 2/3 of recording 153/196.[0m
[[36m02-29 22:51:43[0m][[34mbm.dataset[0m][[33mWARNING[0m] - No blocks found for split 2/3 of recording 154/196.[0m
[[36m02-29 22:51:50[0m][[34mbm.dataset[0m][[33mWARNING[0m] - No blocks found for split 2/3 of recording 157/196.[0m
[[36m02-29 22:51:50[0m][[34mbm.dataset[0m][[32mINFO[0m] - Loading Subjects | 156/196 | 0.51 it/sec[0m
[[36m02-29 22:51:51[0m][[34mbm.dataset[0m][[33mWARNING[0m] - No blocks found for split 2/3 of recording 158/196.[0m
[[36m02-29 22:51:58[0m][[34mbm.dataset[0m][[33mWARNING[0m] - No blocks found for split 2/3 of recording 161/196.[0m
[[36m02-29 22:51:59[0m][[34mbm.dataset[0m][[33mWARNING[0m] - No blocks found for split 2/3 of recording 162/196.[0m
[[36m02-29 22:52:06[0m][[34mbm.dataset[0m][[33mWARNING[0m] - No blocks found for split 2/3 of recording 165/196.[0m
[[36m02-29 22:52:07[0m][[34mbm.dataset[0m][[33mWARNING[0m] - No blocks found for split 2/3 of recording 166/196.[0m
[[36m02-29 22:52:14[0m][[34mbm.dataset[0m][[33mWARNING[0m] - No blocks found for split 2/3 of recording 169/196.[0m
[[36m02-29 22:52:15[0m][[34mbm.dataset[0m][[33mWARNING[0m] - No blocks found for split 2/3 of recording 170/196.[0m
[[36m02-29 22:52:22[0m][[34mbm.dataset[0m][[33mWARNING[0m] - No blocks found for split 2/3 of recording 173/196.[0m
[[36m02-29 22:52:23[0m][[34mbm.dataset[0m][[33mWARNING[0m] - No blocks found for split 2/3 of recording 174/196.[0m
[[36m02-29 22:52:30[0m][[34mbm.dataset[0m][[33mWARNING[0m] - No blocks found for split 2/3 of recording 177/196.[0m
[[36m02-29 22:52:31[0m][[34mbm.dataset[0m][[33mWARNING[0m] - No blocks found for split 2/3 of recording 178/196.[0m
[[36m02-29 22:52:38[0m][[34mbm.dataset[0m][[33mWARNING[0m] - No blocks found for split 2/3 of recording 181/196.[0m
[[36m02-29 22:52:39[0m][[34mbm.dataset[0m][[33mWARNING[0m] - No blocks found for split 2/3 of recording 182/196.[0m
[[36m02-29 22:52:46[0m][[34mbm.dataset[0m][[33mWARNING[0m] - No blocks found for split 2/3 of recording 185/196.[0m
[[36m02-29 22:52:47[0m][[34mbm.dataset[0m][[33mWARNING[0m] - No blocks found for split 2/3 of recording 186/196.[0m
[[36m02-29 22:52:54[0m][[34mbm.dataset[0m][[33mWARNING[0m] - No blocks found for split 2/3 of recording 189/196.[0m
[[36m02-29 22:52:55[0m][[34mbm.dataset[0m][[33mWARNING[0m] - No blocks found for split 2/3 of recording 190/196.[0m
[[36m02-29 22:53:02[0m][[34mbm.dataset[0m][[33mWARNING[0m] - No blocks found for split 2/3 of recording 193/196.[0m
[[36m02-29 22:53:03[0m][[34mbm.dataset[0m][[33mWARNING[0m] - No blocks found for split 2/3 of recording 194/196.[0m
[[36m02-29 22:53:10[0m][[34mbm.dataset[0m][[32mINFO[0m] - Loading Subjects | 195/196 | 0.50 it/sec[0m
[[36m02-29 22:53:10[0m][[34mbm.dataset[0m][[32mINFO[0m] - # Examples (train | valid | test): 314922 | 37249 | 55223[0m
[[36m02-29 22:53:10[0m][[34mbm.train[0m][[32mINFO[0m] - Feature model hash: 252001c742a3655c9a1017abb0acdd718548f103[0m
[[36m02-29 22:53:10[0m][[34mbm.train[0m][[32mINFO[0m] - Model hash: cf69d51dc00b7ce1eb1020bcb0e6ba53b16d76c2[0m
/home/zubrikhina/anaconda3/envs/bm/lib/python3.8/site-packages/flashy/loggers/tensorboard.py:47: UserWarning: tensorboard package was not found: use pip install tensorboard
  warnings.warn("tensorboard package was not found: use pip install tensorboard")
wandb: Currently logged in as: almachan2358 (gnn-neuro). Use `wandb login --relogin` to force relogin
wandb: wandb version 0.16.3 is available!  To upgrade, please run:
wandb:  $ pip install wandb --upgrade
wandb: Tracking run with wandb version 0.16.1
wandb: Run data is saved locally in /home/zubrikhina/brainmagick_MICCAI/outputs/xps/c0c688c8/wandb/run-20240229_225316-c0c688c8
wandb: Run `wandb offline` to turn off syncing.
wandb: Resuming run c0c688c8
wandb: ⭐️ View project at https://wandb.ai/gnn-neuro/brainmagick
wandb: 🚀 View run at https://wandb.ai/gnn-neuro/brainmagick/runs/c0c688c8
[[36m02-29 22:53:20[0m][[34mbm.solver[0m][[32mINFO[0m] - Replaying past metrics...[0m
[[36m02-29 22:53:20[0m][[34mflashy.solver[0m][[32mINFO[0m] - [1mTrain Summary | Epoch 0 | loss=2.9504 | duration=2758.2852[0m
[[36m02-29 22:53:20[0m][[34mflashy.solver[0m][[32mINFO[0m] - [1mValid Summary | Epoch 0 | loss=1.7603 | duration=446.7010[0m
[[36m02-29 22:53:20[0m][[34mflashy.solver[0m][[32mINFO[0m] - [1mTest Summary | Epoch 0 | wer=43.949% | wer_vocab=18.891% | duration=141.5312[0m
[[36m02-29 22:53:20[0m][[34mflashy.solver[0m][[32mINFO[0m] - [1mTrain Summary | Epoch 1 | loss=1.6336 | duration=2929.9162[0m
[[36m02-29 22:53:20[0m][[34mflashy.solver[0m][[32mINFO[0m] - [1mValid Summary | Epoch 1 | loss=1.5639 | duration=463.0474[0m
[[36m02-29 22:53:20[0m][[34mflashy.solver[0m][[32mINFO[0m] - [1mTest Summary | Epoch 1 | wer=38.518% | wer_vocab=15.537% | duration=140.9435[0m
[[36m02-29 22:53:20[0m][[34mflashy.solver[0m][[32mINFO[0m] - [1mTrain Summary | Epoch 2 | loss=1.3295 | duration=2968.3449[0m
[[36m02-29 22:53:20[0m][[34mflashy.solver[0m][[32mINFO[0m] - [1mValid Summary | Epoch 2 | loss=1.5178 | duration=468.7986[0m
[[36m02-29 22:53:20[0m][[34mflashy.solver[0m][[32mINFO[0m] - [1mTest Summary | Epoch 2 | wer=37.267% | wer_vocab=14.330% | duration=138.8604[0m
[[36m02-29 22:53:20[0m][[34mflashy.solver[0m][[32mINFO[0m] - [1mTrain Summary | Epoch 3 | loss=1.1600 | duration=2989.8380[0m
[[36m02-29 22:53:20[0m][[34mflashy.solver[0m][[32mINFO[0m] - [1mValid Summary | Epoch 3 | loss=1.5107 | duration=476.9303[0m
[[36m02-29 22:53:20[0m][[34mflashy.solver[0m][[32mINFO[0m] - [1mTest Summary | Epoch 3 | wer=35.395% | wer_vocab=13.372% | duration=147.2980[0m
264
CNNTransformer(
  (merger): ChannelMerger(
    (embedding): FourierEmb()
  )
  (initial_linear): Sequential(
    (0): Conv1d(270, 270, kernel_size=(1,), stride=(1,))
  )
  (subject_layers): SubjectLayers(270, 270, 27)
  (final): Sequential(
    (0): Conv1d(320, 640, kernel_size=(1,), stride=(1,))
    (1): GELU(approximate='none')
    (2): ConvTranspose1d(640, 264, kernel_size=(1,), stride=(1,))
  )
  (encoders): ModuleDict(
    (meg): ConvSequence(
      (sequence): ModuleList(
        (0): Sequential(
          (0): Conv1d(270, 320, kernel_size=(3,), stride=(1,), padding=(1,))
          (1): BatchNorm1d(320, eps=1e-05, momentum=0.1, affine=True, track_running_stats=True)
          (2): GELU(approximate='none')
          (3): Dropout(p=0.2, inplace=False)
        )
        (1): Sequential(
          (0): Conv1d(320, 320, kernel_size=(3,), stride=(1,), padding=(2,), dilation=(2,))
          (1): BatchNorm1d(320, eps=1e-05, momentum=0.1, affine=True, track_running_stats=True)
          (2): GELU(approximate='none')
          (3): Dropout(p=0.2, inplace=False)
        )
        (2): Sequential(
          (0): Conv1d(320, 320, kernel_size=(3,), stride=(1,), padding=(4,), dilation=(4,))
          (1): BatchNorm1d(320, eps=1e-05, momentum=0.1, affine=True, track_running_stats=True)
          (2): GELU(approximate='none')
          (3): Dropout(p=0.2, inplace=False)
        )
        (3): Sequential(
          (0): Conv1d(320, 320, kernel_size=(3,), stride=(1,), padding=(8,), dilation=(8,))
          (1): BatchNorm1d(320, eps=1e-05, momentum=0.1, affine=True, track_running_stats=True)
          (2): GELU(approximate='none')
          (3): Dropout(p=0.2, inplace=False)
        )
      )
      (glus): ModuleList(
        (0): None
        (1): Sequential(
          (0): Conv1d(320, 640, kernel_size=(3,), stride=(1,), padding=(1,))
          (1): GLU(dim=1)
        )
        (2): None
        (3): Sequential(
          (0): Conv1d(320, 640, kernel_size=(3,), stride=(1,), padding=(1,))
          (1): GLU(dim=1)
        )
      )
    )
  )
  (positional_embedding): PositionalEncoding(
    (dropout): Dropout(p=0.0, inplace=False)
  )
  (layers): Sequential(
    (0): TransformerEncoderLayer(
      (self_attn): MultiheadAttention(
        (out_proj): NonDynamicallyQuantizableLinear(in_features=264, out_features=264, bias=True)
      )
      (linear1): Linear(in_features=264, out_features=2048, bias=True)
      (dropout): Dropout(p=0.1, inplace=False)
      (linear2): Linear(in_features=2048, out_features=264, bias=True)
      (norm1): LayerNorm((264,), eps=1e-05, elementwise_affine=True)
      (norm2): LayerNorm((264,), eps=1e-05, elementwise_affine=True)
      (dropout1): Dropout(p=0.1, inplace=False)
      (dropout2): Dropout(p=0.1, inplace=False)
    )
  )
  (last): Linear(in_features=264, out_features=32, bias=True)
)
ConvWave
0
ConvWave(
  (layers_block): ModuleList(
    (0): Conv1d(1024, 512, kernel_size=(3,), stride=(1,), padding=(1,))
    (1): BatchNorm1d(512, eps=1e-05, momentum=0.1, affine=True, track_running_stats=True)
    (2): GELU(approximate='none')
    (3): Dropout(p=0.6, inplace=False)
  )
  (first_layer): Conv1d(512, 32, kernel_size=(3,), stride=(1,), padding=(1,))
  (dropout): Dropout(p=0.3, inplace=False)
)
None
None
[[36m02-29 23:01:52[0m][[34mflashy.solver[0m][[32mINFO[0m] - Train | Epoch 5 | 240/1200 | 0.47 it/sec | loss 1.0045[0m
[[36m02-29 23:10:09[0m][[34mflashy.solver[0m][[32mINFO[0m] - Train | Epoch 5 | 480/1200 | 0.48 it/sec | loss 1.0119[0m
[[36m02-29 23:18:30[0m][[34mflashy.solver[0m][[32mINFO[0m] - Train | Epoch 5 | 720/1200 | 0.48 it/sec | loss 1.0055[0m
[[36m02-29 23:27:56[0m][[34mflashy.solver[0m][[32mINFO[0m] - Train | Epoch 5 | 960/1200 | 0.46 it/sec | loss 0.9959[0m
[[36m02-29 23:38:23[0m][[34mflashy.solver[0m][[32mINFO[0m] - [1mTrain Summary | Epoch 5 | loss=0.9872 | duration=2702.5819[0m
Exception ignored in: <function _MultiProcessingDataLoaderIter.__del__ at 0x7f22d0b5ec10>
Traceback (most recent call last):
  File "/home/zubrikhina/anaconda3/envs/bm/lib/python3.8/site-packages/torch/utils/data/dataloader.py", line 1478, in __del__
    self._shutdown_workers()
  File "/home/zubrikhina/anaconda3/envs/bm/lib/python3.8/site-packages/torch/utils/data/dataloader.py", line 1461, in _shutdown_workers
    if w.is_alive():
  File "/home/zubrikhina/anaconda3/envs/bm/lib/python3.8/multiprocessing/process.py", line 160, in is_alive
    assert self._parent_pid == os.getpid(), 'can only test a child process'
AssertionError: can only test a child process
Exception ignored in: <function _MultiProcessingDataLoaderIter.__del__ at 0x7f22d0b5ec10>
Traceback (most recent call last):
  File "/home/zubrikhina/anaconda3/envs/bm/lib/python3.8/site-packages/torch/utils/data/dataloader.py", line 1478, in __del__
    self._shutdown_workers()
  File "/home/zubrikhina/anaconda3/envs/bm/lib/python3.8/site-packages/torch/utils/data/dataloader.py", line 1461, in _shutdown_workers
    if w.is_alive():
  File "/home/zubrikhina/anaconda3/envs/bm/lib/python3.8/multiprocessing/process.py", line 160, in is_alive
    assert self._parent_pid == os.getpid(), 'can only test a child process'
AssertionError: can only test a child process
Exception ignored in: <function _MultiProcessingDataLoaderIter.__del__ at 0x7f22d0b5ec10>
Traceback (most recent call last):
  File "/home/zubrikhina/anaconda3/envs/bm/lib/python3.8/site-packages/torch/utils/data/dataloader.py", line 1478, in __del__
    self._shutdown_workers()
  File "/home/zubrikhina/anaconda3/envs/bm/lib/python3.8/site-packages/torch/utils/data/dataloader.py", line 1461, in _shutdown_workers
    if w.is_alive():
  File "/home/zubrikhina/anaconda3/envs/bm/lib/python3.8/multiprocessing/process.py", line 160, in is_alive
    assert self._parent_pid == os.getpid(), 'can only test a child process'
AssertionError: can only test a child process
Exception ignored in: <function _MultiProcessingDataLoaderIter.__del__ at 0x7f22d0b5ec10>
Traceback (most recent call last):
  File "/home/zubrikhina/anaconda3/envs/bm/lib/python3.8/site-packages/torch/utils/data/dataloader.py", line 1478, in __del__
    self._shutdown_workers()
  File "/home/zubrikhina/anaconda3/envs/bm/lib/python3.8/site-packages/torch/utils/data/dataloader.py", line 1461, in _shutdown_workers
    if w.is_alive():
  File "/home/zubrikhina/anaconda3/envs/bm/lib/python3.8/multiprocessing/process.py", line 160, in is_alive
    assert self._parent_pid == os.getpid(), 'can only test a child process'
AssertionError: can only test a child process
Exception ignored in: <function _MultiProcessingDataLoaderIter.__del__ at 0x7f22d0b5ec10>
Traceback (most recent call last):
  File "/home/zubrikhina/anaconda3/envs/bm/lib/python3.8/site-packages/torch/utils/data/dataloader.py", line 1478, in __del__
    self._shutdown_workers()
  File "/home/zubrikhina/anaconda3/envs/bm/lib/python3.8/site-packages/torch/utils/data/dataloader.py", line 1461, in _shutdown_workers
    if w.is_alive():
  File "/home/zubrikhina/anaconda3/envs/bm/lib/python3.8/multiprocessing/process.py", line 160, in is_alive
    assert self._parent_pid == os.getpid(), 'can only test a child process'
AssertionError: can only test a child process
[[36m02-29 23:40:01[0m][[34mflashy.solver[0m][[32mINFO[0m] - Valid | Epoch 5 | 29/146 | 0.31 it/sec | loss 1.5663[0m
[[36m02-29 23:41:32[0m][[34mflashy.solver[0m][[32mINFO[0m] - Valid | Epoch 5 | 58/146 | 0.32 it/sec | loss 1.5600[0m
[[36m02-29 23:43:04[0m][[34mflashy.solver[0m][[32mINFO[0m] - Valid | Epoch 5 | 87/146 | 0.32 it/sec | loss 1.5581[0m
[[36m02-29 23:44:30[0m][[34mflashy.solver[0m][[32mINFO[0m] - Valid | Epoch 5 | 116/146 | 0.32 it/sec | loss 1.5568[0m
[[36m02-29 23:45:51[0m][[34mflashy.solver[0m][[32mINFO[0m] - Valid | Epoch 5 | 145/146 | 0.33 it/sec | loss 1.5622[0m
[[36m02-29 23:45:52[0m][[34mflashy.solver[0m][[32mINFO[0m] - [1mValid Summary | Epoch 5 | loss=1.5622 | duration=449.5640[0m
[[36m02-29 23:45:52[0m][[34mbm.solver[0m][[32mINFO[0m] - Scale Reject | Ratio 0.000%[0m
[[36m02-29 23:55:13[0m][[34mflashy.solver[0m][[32mINFO[0m] - Train | Epoch 6 | 240/1200 | 0.43 it/sec | loss 0.9142[0m
[[36m03-01 00:04:43[0m][[34mflashy.solver[0m][[32mINFO[0m] - Train | Epoch 6 | 480/1200 | 0.43 it/sec | loss 0.9354[0m
[[36m03-01 00:13:54[0m][[34mflashy.solver[0m][[32mINFO[0m] - Train | Epoch 6 | 720/1200 | 0.43 it/sec | loss 0.9346[0m
[[36m03-01 00:23:07[0m][[34mflashy.solver[0m][[32mINFO[0m] - Train | Epoch 6 | 960/1200 | 0.43 it/sec | loss 0.9294[0m
[[36m03-01 00:32:51[0m][[34mflashy.solver[0m][[32mINFO[0m] - [1mTrain Summary | Epoch 6 | loss=0.9190 | duration=2817.7184[0m
Exception ignored in: <function _MultiProcessingDataLoaderIter.__del__ at 0x7f22d0b5ec10>
Traceback (most recent call last):
  File "/home/zubrikhina/anaconda3/envs/bm/lib/python3.8/site-packages/torch/utils/data/dataloader.py", line 1478, in __del__
    self._shutdown_workers()
  File "/home/zubrikhina/anaconda3/envs/bm/lib/python3.8/site-packages/torch/utils/data/dataloader.py", line 1461, in _shutdown_workers
    if w.is_alive():
  File "/home/zubrikhina/anaconda3/envs/bm/lib/python3.8/multiprocessing/process.py", line 160, in is_alive
    assert self._parent_pid == os.getpid(), 'can only test a child process'
AssertionError: can only test a child process
Exception ignored in: <function _MultiProcessingDataLoaderIter.__del__ at 0x7f22d0b5ec10>
Traceback (most recent call last):
  File "/home/zubrikhina/anaconda3/envs/bm/lib/python3.8/site-packages/torch/utils/data/dataloader.py", line 1478, in __del__
    self._shutdown_workers()
  File "/home/zubrikhina/anaconda3/envs/bm/lib/python3.8/site-packages/torch/utils/data/dataloader.py", line 1461, in _shutdown_workers
    if w.is_alive():
  File "/home/zubrikhina/anaconda3/envs/bm/lib/python3.8/multiprocessing/process.py", line 160, in is_alive
    assert self._parent_pid == os.getpid(), 'can only test a child process'
AssertionError: can only test a child process
Exception ignored in: <function _MultiProcessingDataLoaderIter.__del__ at 0x7f22d0b5ec10>
Traceback (most recent call last):
  File "/home/zubrikhina/anaconda3/envs/bm/lib/python3.8/site-packages/torch/utils/data/dataloader.py", line 1478, in __del__
    self._shutdown_workers()
  File "/home/zubrikhina/anaconda3/envs/bm/lib/python3.8/site-packages/torch/utils/data/dataloader.py", line 1461, in _shutdown_workers
    if w.is_alive():
  File "/home/zubrikhina/anaconda3/envs/bm/lib/python3.8/multiprocessing/process.py", line 160, in is_alive
    assert self._parent_pid == os.getpid(), 'can only test a child process'
AssertionError: can only test a child process
Exception ignored in: <function _MultiProcessingDataLoaderIter.__del__ at 0x7f22d0b5ec10>
Traceback (most recent call last):
  File "/home/zubrikhina/anaconda3/envs/bm/lib/python3.8/site-packages/torch/utils/data/dataloader.py", line 1478, in __del__
    self._shutdown_workers()
  File "/home/zubrikhina/anaconda3/envs/bm/lib/python3.8/site-packages/torch/utils/data/dataloader.py", line 1461, in _shutdown_workers
    if w.is_alive():
  File "/home/zubrikhina/anaconda3/envs/bm/lib/python3.8/multiprocessing/process.py", line 160, in is_alive
    assert self._parent_pid == os.getpid(), 'can only test a child process'
AssertionError: can only test a child process
Exception ignored in: <function _MultiProcessingDataLoaderIter.__del__ at 0x7f22d0b5ec10>
Traceback (most recent call last):
  File "/home/zubrikhina/anaconda3/envs/bm/lib/python3.8/site-packages/torch/utils/data/dataloader.py", line 1478, in __del__
    self._shutdown_workers()
  File "/home/zubrikhina/anaconda3/envs/bm/lib/python3.8/site-packages/torch/utils/data/dataloader.py", line 1461, in _shutdown_workers
    if w.is_alive():
  File "/home/zubrikhina/anaconda3/envs/bm/lib/python3.8/multiprocessing/process.py", line 160, in is_alive
    assert self._parent_pid == os.getpid(), 'can only test a child process'
AssertionError: can only test a child process
[[36m03-01 00:34:24[0m][[34mflashy.solver[0m][[32mINFO[0m] - Valid | Epoch 6 | 29/146 | 0.33 it/sec | loss 1.6151[0m
[[36m03-01 00:35:46[0m][[34mflashy.solver[0m][[32mINFO[0m] - Valid | Epoch 6 | 58/146 | 0.34 it/sec | loss 1.5823[0m
[[36m03-01 00:37:15[0m][[34mflashy.solver[0m][[32mINFO[0m] - Valid | Epoch 6 | 87/146 | 0.34 it/sec | loss 1.5716[0m
[[36m03-01 00:38:43[0m][[34mflashy.solver[0m][[32mINFO[0m] - Valid | Epoch 6 | 116/146 | 0.33 it/sec | loss 1.5820[0m
[[36m03-01 00:40:08[0m][[34mflashy.solver[0m][[32mINFO[0m] - Valid | Epoch 6 | 145/146 | 0.34 it/sec | loss 1.5852[0m
[[36m03-01 00:40:09[0m][[34mflashy.solver[0m][[32mINFO[0m] - [1mValid Summary | Epoch 6 | loss=1.5852 | duration=437.9783[0m
[[36m03-01 00:40:09[0m][[34mbm.solver[0m][[32mINFO[0m] - Scale Reject | Ratio 0.000%[0m
[[36m03-01 00:49:30[0m][[34mflashy.solver[0m][[32mINFO[0m] - Train | Epoch 7 | 240/1200 | 0.43 it/sec | loss 0.8447[0m
[[36m03-01 00:58:53[0m][[34mflashy.solver[0m][[32mINFO[0m] - Train | Epoch 7 | 480/1200 | 0.43 it/sec | loss 0.8592[0m
[[36m03-01 01:08:19[0m][[34mflashy.solver[0m][[32mINFO[0m] - Train | Epoch 7 | 720/1200 | 0.43 it/sec | loss 0.8464[0m
[[36m03-01 01:17:27[0m][[34mflashy.solver[0m][[32mINFO[0m] - Train | Epoch 7 | 960/1200 | 0.43 it/sec | loss 0.8417[0m
[[36m03-01 01:27:02[0m][[34mflashy.solver[0m][[32mINFO[0m] - [1mTrain Summary | Epoch 7 | loss=0.8434 | duration=2812.2826[0m
Exception ignored in: <function _MultiProcessingDataLoaderIter.__del__ at 0x7f22d0b5ec10>
Traceback (most recent call last):
  File "/home/zubrikhina/anaconda3/envs/bm/lib/python3.8/site-packages/torch/utils/data/dataloader.py", line 1478, in __del__
    self._shutdown_workers()
  File "/home/zubrikhina/anaconda3/envs/bm/lib/python3.8/site-packages/torch/utils/data/dataloader.py", line 1461, in _shutdown_workers
    if w.is_alive():
  File "/home/zubrikhina/anaconda3/envs/bm/lib/python3.8/multiprocessing/process.py", line 160, in is_alive
    assert self._parent_pid == os.getpid(), 'can only test a child process'
AssertionError: can only test a child process
Exception ignored in: <function _MultiProcessingDataLoaderIter.__del__ at 0x7f22d0b5ec10>
Traceback (most recent call last):
  File "/home/zubrikhina/anaconda3/envs/bm/lib/python3.8/site-packages/torch/utils/data/dataloader.py", line 1478, in __del__
    self._shutdown_workers()
  File "/home/zubrikhina/anaconda3/envs/bm/lib/python3.8/site-packages/torch/utils/data/dataloader.py", line 1461, in _shutdown_workers
    if w.is_alive():
  File "/home/zubrikhina/anaconda3/envs/bm/lib/python3.8/multiprocessing/process.py", line 160, in is_alive
    assert self._parent_pid == os.getpid(), 'can only test a child process'
AssertionError: can only test a child process
Exception ignored in: <function _MultiProcessingDataLoaderIter.__del__ at 0x7f22d0b5ec10>
Traceback (most recent call last):
  File "/home/zubrikhina/anaconda3/envs/bm/lib/python3.8/site-packages/torch/utils/data/dataloader.py", line 1478, in __del__
    self._shutdown_workers()
  File "/home/zubrikhina/anaconda3/envs/bm/lib/python3.8/site-packages/torch/utils/data/dataloader.py", line 1461, in _shutdown_workers
    if w.is_alive():
  File "/home/zubrikhina/anaconda3/envs/bm/lib/python3.8/multiprocessing/process.py", line 160, in is_alive
    assert self._parent_pid == os.getpid(), 'can only test a child process'
AssertionError: can only test a child process
Exception ignored in: <function _MultiProcessingDataLoaderIter.__del__ at 0x7f22d0b5ec10>
Traceback (most recent call last):
  File "/home/zubrikhina/anaconda3/envs/bm/lib/python3.8/site-packages/torch/utils/data/dataloader.py", line 1478, in __del__
    self._shutdown_workers()
  File "/home/zubrikhina/anaconda3/envs/bm/lib/python3.8/site-packages/torch/utils/data/dataloader.py", line 1461, in _shutdown_workers
    if w.is_alive():
  File "/home/zubrikhina/anaconda3/envs/bm/lib/python3.8/multiprocessing/process.py", line 160, in is_alive
    assert self._parent_pid == os.getpid(), 'can only test a child process'
AssertionError: can only test a child process
Exception ignored in: <function _MultiProcessingDataLoaderIter.__del__ at 0x7f22d0b5ec10>
Traceback (most recent call last):
  File "/home/zubrikhina/anaconda3/envs/bm/lib/python3.8/site-packages/torch/utils/data/dataloader.py", line 1478, in __del__
    self._shutdown_workers()
  File "/home/zubrikhina/anaconda3/envs/bm/lib/python3.8/site-packages/torch/utils/data/dataloader.py", line 1461, in _shutdown_workers
    if w.is_alive():
  File "/home/zubrikhina/anaconda3/envs/bm/lib/python3.8/multiprocessing/process.py", line 160, in is_alive
    assert self._parent_pid == os.getpid(), 'can only test a child process'
AssertionError: can only test a child process
[[36m03-01 01:28:31[0m][[34mflashy.solver[0m][[32mINFO[0m] - Valid | Epoch 7 | 29/146 | 0.34 it/sec | loss 1.6210[0m
[[36m03-01 01:30:02[0m][[34mflashy.solver[0m][[32mINFO[0m] - Valid | Epoch 7 | 58/146 | 0.33 it/sec | loss 1.6320[0m
[[36m03-01 01:31:35[0m][[34mflashy.solver[0m][[32mINFO[0m] - Valid | Epoch 7 | 87/146 | 0.32 it/sec | loss 1.6271[0m
[[36m03-01 01:32:52[0m][[34mflashy.solver[0m][[32mINFO[0m] - Valid | Epoch 7 | 116/146 | 0.34 it/sec | loss 1.6291[0m
[[36m03-01 01:34:25[0m][[34mflashy.solver[0m][[32mINFO[0m] - Valid | Epoch 7 | 145/146 | 0.33 it/sec | loss 1.6407[0m
[[36m03-01 01:34:27[0m][[34mflashy.solver[0m][[32mINFO[0m] - [1mValid Summary | Epoch 7 | loss=1.6407 | duration=444.8953[0m
[[36m03-01 01:34:27[0m][[34mbm.solver[0m][[32mINFO[0m] - Scale Reject | Ratio 0.000%[0m
[[36m03-01 01:44:17[0m][[34mflashy.solver[0m][[32mINFO[0m] - Train | Epoch 8 | 240/1200 | 0.41 it/sec | loss 0.7749[0m
[[36m03-01 01:53:51[0m][[34mflashy.solver[0m][[32mINFO[0m] - Train | Epoch 8 | 480/1200 | 0.41 it/sec | loss 0.7793[0m
[[36m03-01 02:03:24[0m][[34mflashy.solver[0m][[32mINFO[0m] - Train | Epoch 8 | 720/1200 | 0.42 it/sec | loss 0.7824[0m
[[36m03-01 02:12:59[0m][[34mflashy.solver[0m][[32mINFO[0m] - Train | Epoch 8 | 960/1200 | 0.42 it/sec | loss 0.7833[0m
[[36m03-01 02:22:18[0m][[34mflashy.solver[0m][[32mINFO[0m] - [1mTrain Summary | Epoch 8 | loss=0.7853 | duration=2870.5050[0m
Exception ignored in: <function _MultiProcessingDataLoaderIter.__del__ at 0x7f22d0b5ec10>
Traceback (most recent call last):
  File "/home/zubrikhina/anaconda3/envs/bm/lib/python3.8/site-packages/torch/utils/data/dataloader.py", line 1478, in __del__
    self._shutdown_workers()
  File "/home/zubrikhina/anaconda3/envs/bm/lib/python3.8/site-packages/torch/utils/data/dataloader.py", line 1461, in _shutdown_workers
    if w.is_alive():
  File "/home/zubrikhina/anaconda3/envs/bm/lib/python3.8/multiprocessing/process.py", line 160, in is_alive
    assert self._parent_pid == os.getpid(), 'can only test a child process'
AssertionError: can only test a child process
Exception ignored in: <function _MultiProcessingDataLoaderIter.__del__ at 0x7f22d0b5ec10>
Traceback (most recent call last):
  File "/home/zubrikhina/anaconda3/envs/bm/lib/python3.8/site-packages/torch/utils/data/dataloader.py", line 1478, in __del__
    self._shutdown_workers()
  File "/home/zubrikhina/anaconda3/envs/bm/lib/python3.8/site-packages/torch/utils/data/dataloader.py", line 1461, in _shutdown_workers
    if w.is_alive():
  File "/home/zubrikhina/anaconda3/envs/bm/lib/python3.8/multiprocessing/process.py", line 160, in is_alive
    assert self._parent_pid == os.getpid(), 'can only test a child process'
AssertionError: can only test a child process
Exception ignored in: <function _MultiProcessingDataLoaderIter.__del__ at 0x7f22d0b5ec10>
Traceback (most recent call last):
  File "/home/zubrikhina/anaconda3/envs/bm/lib/python3.8/site-packages/torch/utils/data/dataloader.py", line 1478, in __del__
    self._shutdown_workers()
  File "/home/zubrikhina/anaconda3/envs/bm/lib/python3.8/site-packages/torch/utils/data/dataloader.py", line 1461, in _shutdown_workers
    if w.is_alive():
  File "/home/zubrikhina/anaconda3/envs/bm/lib/python3.8/multiprocessing/process.py", line 160, in is_alive
    assert self._parent_pid == os.getpid(), 'can only test a child process'
AssertionError: can only test a child process
Exception ignored in: <function _MultiProcessingDataLoaderIter.__del__ at 0x7f22d0b5ec10>
Traceback (most recent call last):
  File "/home/zubrikhina/anaconda3/envs/bm/lib/python3.8/site-packages/torch/utils/data/dataloader.py", line 1478, in __del__
    self._shutdown_workers()
  File "/home/zubrikhina/anaconda3/envs/bm/lib/python3.8/site-packages/torch/utils/data/dataloader.py", line 1461, in _shutdown_workers
    if w.is_alive():
  File "/home/zubrikhina/anaconda3/envs/bm/lib/python3.8/multiprocessing/process.py", line 160, in is_alive
    assert self._parent_pid == os.getpid(), 'can only test a child process'
AssertionError: can only test a child process
Exception ignored in: <function _MultiProcessingDataLoaderIter.__del__ at 0x7f22d0b5ec10>
Traceback (most recent call last):
  File "/home/zubrikhina/anaconda3/envs/bm/lib/python3.8/site-packages/torch/utils/data/dataloader.py", line 1478, in __del__
    self._shutdown_workers()
  File "/home/zubrikhina/anaconda3/envs/bm/lib/python3.8/site-packages/torch/utils/data/dataloader.py", line 1461, in _shutdown_workers
    if w.is_alive():
  File "/home/zubrikhina/anaconda3/envs/bm/lib/python3.8/multiprocessing/process.py", line 160, in is_alive
    assert self._parent_pid == os.getpid(), 'can only test a child process'
AssertionError: can only test a child process
[[36m03-01 02:23:56[0m][[34mflashy.solver[0m][[32mINFO[0m] - Valid | Epoch 8 | 29/146 | 0.31 it/sec | loss 1.6708[0m
[[36m03-01 02:25:16[0m][[34mflashy.solver[0m][[32mINFO[0m] - Valid | Epoch 8 | 58/146 | 0.34 it/sec | loss 1.6796[0m
[[36m03-01 02:26:48[0m][[34mflashy.solver[0m][[32mINFO[0m] - Valid | Epoch 8 | 87/146 | 0.33 it/sec | loss 1.6813[0m
[[36m03-01 02:28:22[0m][[34mflashy.solver[0m][[32mINFO[0m] - Valid | Epoch 8 | 116/146 | 0.32 it/sec | loss 1.6853[0m
[[36m03-01 02:29:52[0m][[34mflashy.solver[0m][[32mINFO[0m] - Valid | Epoch 8 | 145/146 | 0.32 it/sec | loss 1.6812[0m
[[36m03-01 02:29:54[0m][[34mflashy.solver[0m][[32mINFO[0m] - [1mValid Summary | Epoch 8 | loss=1.6812 | duration=455.7242[0m
[[36m03-01 02:29:54[0m][[34mbm.solver[0m][[32mINFO[0m] - Scale Reject | Ratio 0.000%[0m
[[36m03-01 02:39:37[0m][[34mflashy.solver[0m][[32mINFO[0m] - Train | Epoch 9 | 240/1200 | 0.42 it/sec | loss 0.7207[0m
[[36m03-01 02:49:14[0m][[34mflashy.solver[0m][[32mINFO[0m] - Train | Epoch 9 | 480/1200 | 0.42 it/sec | loss 0.7232[0m
[[36m03-01 02:58:54[0m][[34mflashy.solver[0m][[32mINFO[0m] - Train | Epoch 9 | 720/1200 | 0.42 it/sec | loss 0.7261[0m
[[36m03-01 03:08:09[0m][[34mflashy.solver[0m][[32mINFO[0m] - Train | Epoch 9 | 960/1200 | 0.42 it/sec | loss 0.7294[0m
[[36m03-01 03:17:48[0m][[34mflashy.solver[0m][[32mINFO[0m] - [1mTrain Summary | Epoch 9 | loss=0.7315 | duration=2874.0137[0m
Exception ignored in: <function _MultiProcessingDataLoaderIter.__del__ at 0x7f22d0b5ec10>
Traceback (most recent call last):
  File "/home/zubrikhina/anaconda3/envs/bm/lib/python3.8/site-packages/torch/utils/data/dataloader.py", line 1478, in __del__
    self._shutdown_workers()
  File "/home/zubrikhina/anaconda3/envs/bm/lib/python3.8/site-packages/torch/utils/data/dataloader.py", line 1461, in _shutdown_workers
    if w.is_alive():
  File "/home/zubrikhina/anaconda3/envs/bm/lib/python3.8/multiprocessing/process.py", line 160, in is_alive
    assert self._parent_pid == os.getpid(), 'can only test a child process'
AssertionError: can only test a child process
Exception ignored in: <function _MultiProcessingDataLoaderIter.__del__ at 0x7f22d0b5ec10>
Traceback (most recent call last):
  File "/home/zubrikhina/anaconda3/envs/bm/lib/python3.8/site-packages/torch/utils/data/dataloader.py", line 1478, in __del__
    self._shutdown_workers()
  File "/home/zubrikhina/anaconda3/envs/bm/lib/python3.8/site-packages/torch/utils/data/dataloader.py", line 1461, in _shutdown_workers
    if w.is_alive():
  File "/home/zubrikhina/anaconda3/envs/bm/lib/python3.8/multiprocessing/process.py", line 160, in is_alive
    assert self._parent_pid == os.getpid(), 'can only test a child process'
AssertionError: can only test a child process
Exception ignored in: <function _MultiProcessingDataLoaderIter.__del__ at 0x7f22d0b5ec10>
Traceback (most recent call last):
  File "/home/zubrikhina/anaconda3/envs/bm/lib/python3.8/site-packages/torch/utils/data/dataloader.py", line 1478, in __del__
    self._shutdown_workers()
  File "/home/zubrikhina/anaconda3/envs/bm/lib/python3.8/site-packages/torch/utils/data/dataloader.py", line 1461, in _shutdown_workers
    if w.is_alive():
  File "/home/zubrikhina/anaconda3/envs/bm/lib/python3.8/multiprocessing/process.py", line 160, in is_alive
    assert self._parent_pid == os.getpid(), 'can only test a child process'
AssertionError: can only test a child process
Exception ignored in: <function _MultiProcessingDataLoaderIter.__del__ at 0x7f22d0b5ec10>
Traceback (most recent call last):
  File "/home/zubrikhina/anaconda3/envs/bm/lib/python3.8/site-packages/torch/utils/data/dataloader.py", line 1478, in __del__
    self._shutdown_workers()
  File "/home/zubrikhina/anaconda3/envs/bm/lib/python3.8/site-packages/torch/utils/data/dataloader.py", line 1461, in _shutdown_workers
    if w.is_alive():
  File "/home/zubrikhina/anaconda3/envs/bm/lib/python3.8/multiprocessing/process.py", line 160, in is_alive
    assert self._parent_pid == os.getpid(), 'can only test a child process'
AssertionError: can only test a child process
Exception ignored in: <function _MultiProcessingDataLoaderIter.__del__ at 0x7f22d0b5ec10>
Traceback (most recent call last):
  File "/home/zubrikhina/anaconda3/envs/bm/lib/python3.8/site-packages/torch/utils/data/dataloader.py", line 1478, in __del__
    self._shutdown_workers()
  File "/home/zubrikhina/anaconda3/envs/bm/lib/python3.8/site-packages/torch/utils/data/dataloader.py", line 1461, in _shutdown_workers
    if w.is_alive():
  File "/home/zubrikhina/anaconda3/envs/bm/lib/python3.8/multiprocessing/process.py", line 160, in is_alive
    assert self._parent_pid == os.getpid(), 'can only test a child process'
AssertionError: can only test a child process
[[36m03-01 03:19:20[0m][[34mflashy.solver[0m][[32mINFO[0m] - Valid | Epoch 9 | 29/146 | 0.34 it/sec | loss 1.7606[0m
[[36m03-01 03:20:58[0m][[34mflashy.solver[0m][[32mINFO[0m] - Valid | Epoch 9 | 58/146 | 0.32 it/sec | loss 1.7499[0m
[[36m03-01 03:22:34[0m][[34mflashy.solver[0m][[32mINFO[0m] - Valid | Epoch 9 | 87/146 | 0.31 it/sec | loss 1.7710[0m
[[36m03-01 03:24:04[0m][[34mflashy.solver[0m][[32mINFO[0m] - Valid | Epoch 9 | 116/146 | 0.31 it/sec | loss 1.7830[0m
[[36m03-01 03:25:22[0m][[34mflashy.solver[0m][[32mINFO[0m] - Valid | Epoch 9 | 145/146 | 0.32 it/sec | loss 1.7728[0m
[[36m03-01 03:25:23[0m][[34mflashy.solver[0m][[32mINFO[0m] - [1mValid Summary | Epoch 9 | loss=1.7728 | duration=454.4956[0m
[[36m03-01 03:25:23[0m][[34mbm.solver[0m][[32mINFO[0m] - Scale Reject | Ratio 0.000%[0m
[[36m03-01 03:35:16[0m][[34mflashy.solver[0m][[32mINFO[0m] - Train | Epoch 10 | 240/1200 | 0.41 it/sec | loss 0.6954[0m
[[36m03-01 03:44:45[0m][[34mflashy.solver[0m][[32mINFO[0m] - Train | Epoch 10 | 480/1200 | 0.42 it/sec | loss 0.7015[0m
[[36m03-01 03:53:54[0m][[34mflashy.solver[0m][[32mINFO[0m] - Train | Epoch 10 | 720/1200 | 0.42 it/sec | loss 0.6964[0m
[[36m03-01 04:03:03[0m][[34mflashy.solver[0m][[32mINFO[0m] - Train | Epoch 10 | 960/1200 | 0.43 it/sec | loss 0.6938[0m
[[36m03-01 04:12:16[0m][[34mflashy.solver[0m][[32mINFO[0m] - [1mTrain Summary | Epoch 10 | loss=0.6945 | duration=2811.8749[0m
Exception ignored in: <function _MultiProcessingDataLoaderIter.__del__ at 0x7f22d0b5ec10>
Traceback (most recent call last):
  File "/home/zubrikhina/anaconda3/envs/bm/lib/python3.8/site-packages/torch/utils/data/dataloader.py", line 1478, in __del__
    self._shutdown_workers()
  File "/home/zubrikhina/anaconda3/envs/bm/lib/python3.8/site-packages/torch/utils/data/dataloader.py", line 1461, in _shutdown_workers
    if w.is_alive():
  File "/home/zubrikhina/anaconda3/envs/bm/lib/python3.8/multiprocessing/process.py", line 160, in is_alive
    assert self._parent_pid == os.getpid(), 'can only test a child process'
AssertionError: can only test a child process
Exception ignored in: <function _MultiProcessingDataLoaderIter.__del__ at 0x7f22d0b5ec10>
Traceback (most recent call last):
  File "/home/zubrikhina/anaconda3/envs/bm/lib/python3.8/site-packages/torch/utils/data/dataloader.py", line 1478, in __del__
    self._shutdown_workers()
  File "/home/zubrikhina/anaconda3/envs/bm/lib/python3.8/site-packages/torch/utils/data/dataloader.py", line 1461, in _shutdown_workers
    if w.is_alive():
  File "/home/zubrikhina/anaconda3/envs/bm/lib/python3.8/multiprocessing/process.py", line 160, in is_alive
    assert self._parent_pid == os.getpid(), 'can only test a child process'
AssertionError: can only test a child process
Exception ignored in: <function _MultiProcessingDataLoaderIter.__del__ at 0x7f22d0b5ec10>
Traceback (most recent call last):
  File "/home/zubrikhina/anaconda3/envs/bm/lib/python3.8/site-packages/torch/utils/data/dataloader.py", line 1478, in __del__
    self._shutdown_workers()
  File "/home/zubrikhina/anaconda3/envs/bm/lib/python3.8/site-packages/torch/utils/data/dataloader.py", line 1461, in _shutdown_workers
    if w.is_alive():
  File "/home/zubrikhina/anaconda3/envs/bm/lib/python3.8/multiprocessing/process.py", line 160, in is_alive
    assert self._parent_pid == os.getpid(), 'can only test a child process'
AssertionError: can only test a child process
Exception ignored in: <function _MultiProcessingDataLoaderIter.__del__ at 0x7f22d0b5ec10>
Traceback (most recent call last):
  File "/home/zubrikhina/anaconda3/envs/bm/lib/python3.8/site-packages/torch/utils/data/dataloader.py", line 1478, in __del__
    self._shutdown_workers()
  File "/home/zubrikhina/anaconda3/envs/bm/lib/python3.8/site-packages/torch/utils/data/dataloader.py", line 1461, in _shutdown_workers
    if w.is_alive():
  File "/home/zubrikhina/anaconda3/envs/bm/lib/python3.8/multiprocessing/process.py", line 160, in is_alive
    assert self._parent_pid == os.getpid(), 'can only test a child process'
AssertionError: can only test a child process
Exception ignored in: <function _MultiProcessingDataLoaderIter.__del__ at 0x7f22d0b5ec10>
Traceback (most recent call last):
  File "/home/zubrikhina/anaconda3/envs/bm/lib/python3.8/site-packages/torch/utils/data/dataloader.py", line 1478, in __del__
    self._shutdown_workers()
  File "/home/zubrikhina/anaconda3/envs/bm/lib/python3.8/site-packages/torch/utils/data/dataloader.py", line 1461, in _shutdown_workers
    if w.is_alive():
  File "/home/zubrikhina/anaconda3/envs/bm/lib/python3.8/multiprocessing/process.py", line 160, in is_alive
    assert self._parent_pid == os.getpid(), 'can only test a child process'
AssertionError: can only test a child process
[[36m03-01 04:13:50[0m][[34mflashy.solver[0m][[32mINFO[0m] - Valid | Epoch 10 | 29/146 | 0.33 it/sec | loss 1.7271[0m
[[36m03-01 04:15:17[0m][[34mflashy.solver[0m][[32mINFO[0m] - Valid | Epoch 10 | 58/146 | 0.33 it/sec | loss 1.7435[0m
[[36m03-01 04:16:37[0m][[34mflashy.solver[0m][[32mINFO[0m] - Valid | Epoch 10 | 87/146 | 0.34 it/sec | loss 1.7585[0m
[[36m03-01 04:18:07[0m][[34mflashy.solver[0m][[32mINFO[0m] - Valid | Epoch 10 | 116/146 | 0.34 it/sec | loss 1.7483[0m
[[36m03-01 04:19:20[0m][[34mflashy.solver[0m][[32mINFO[0m] - Valid | Epoch 10 | 145/146 | 0.35 it/sec | loss 1.7390[0m
[[36m03-01 04:19:21[0m][[34mflashy.solver[0m][[32mINFO[0m] - [1mValid Summary | Epoch 10 | loss=1.7390 | duration=425.7443[0m
[[36m03-01 04:19:21[0m][[34mbm.solver[0m][[32mINFO[0m] - Scale Reject | Ratio 0.000%[0m
[[36m03-01 04:28:55[0m][[34mflashy.solver[0m][[32mINFO[0m] - Train | Epoch 11 | 240/1200 | 0.42 it/sec | loss 0.6436[0m
[[36m03-01 04:39:08[0m][[34mflashy.solver[0m][[32mINFO[0m] - Train | Epoch 11 | 480/1200 | 0.41 it/sec | loss 0.6528[0m
[[36m03-01 04:49:44[0m][[34mflashy.solver[0m][[32mINFO[0m] - Train | Epoch 11 | 720/1200 | 0.40 it/sec | loss 0.6551[0m
[[36m03-01 05:00:23[0m][[34mflashy.solver[0m][[32mINFO[0m] - Train | Epoch 11 | 960/1200 | 0.39 it/sec | loss 0.6598[0m
[[36m03-01 05:10:52[0m][[34mflashy.solver[0m][[32mINFO[0m] - [1mTrain Summary | Epoch 11 | loss=0.6551 | duration=3090.1549[0m
Exception ignored in: <function _MultiProcessingDataLoaderIter.__del__ at 0x7f22d0b5ec10>
Traceback (most recent call last):
  File "/home/zubrikhina/anaconda3/envs/bm/lib/python3.8/site-packages/torch/utils/data/dataloader.py", line 1478, in __del__
    self._shutdown_workers()
  File "/home/zubrikhina/anaconda3/envs/bm/lib/python3.8/site-packages/torch/utils/data/dataloader.py", line 1461, in _shutdown_workers
    if w.is_alive():
  File "/home/zubrikhina/anaconda3/envs/bm/lib/python3.8/multiprocessing/process.py", line 160, in is_alive
    assert self._parent_pid == os.getpid(), 'can only test a child process'
AssertionError: can only test a child process
Exception ignored in: <function _MultiProcessingDataLoaderIter.__del__ at 0x7f22d0b5ec10>
Traceback (most recent call last):
  File "/home/zubrikhina/anaconda3/envs/bm/lib/python3.8/site-packages/torch/utils/data/dataloader.py", line 1478, in __del__
    self._shutdown_workers()
  File "/home/zubrikhina/anaconda3/envs/bm/lib/python3.8/site-packages/torch/utils/data/dataloader.py", line 1461, in _shutdown_workers
    if w.is_alive():
  File "/home/zubrikhina/anaconda3/envs/bm/lib/python3.8/multiprocessing/process.py", line 160, in is_alive
    assert self._parent_pid == os.getpid(), 'can only test a child process'
AssertionError: can only test a child process
Exception ignored in: <function _MultiProcessingDataLoaderIter.__del__ at 0x7f22d0b5ec10>
Traceback (most recent call last):
  File "/home/zubrikhina/anaconda3/envs/bm/lib/python3.8/site-packages/torch/utils/data/dataloader.py", line 1478, in __del__
    self._shutdown_workers()
  File "/home/zubrikhina/anaconda3/envs/bm/lib/python3.8/site-packages/torch/utils/data/dataloader.py", line 1461, in _shutdown_workers
    if w.is_alive():
  File "/home/zubrikhina/anaconda3/envs/bm/lib/python3.8/multiprocessing/process.py", line 160, in is_alive
    assert self._parent_pid == os.getpid(), 'can only test a child process'
AssertionError: can only test a child process
Exception ignored in: <function _MultiProcessingDataLoaderIter.__del__ at 0x7f22d0b5ec10>
Traceback (most recent call last):
  File "/home/zubrikhina/anaconda3/envs/bm/lib/python3.8/site-packages/torch/utils/data/dataloader.py", line 1478, in __del__
    self._shutdown_workers()
  File "/home/zubrikhina/anaconda3/envs/bm/lib/python3.8/site-packages/torch/utils/data/dataloader.py", line 1461, in _shutdown_workers
    if w.is_alive():
  File "/home/zubrikhina/anaconda3/envs/bm/lib/python3.8/multiprocessing/process.py", line 160, in is_alive
    assert self._parent_pid == os.getpid(), 'can only test a child process'
AssertionError: can only test a child process
Exception ignored in: <function _MultiProcessingDataLoaderIter.__del__ at 0x7f22d0b5ec10>
Traceback (most recent call last):
  File "/home/zubrikhina/anaconda3/envs/bm/lib/python3.8/site-packages/torch/utils/data/dataloader.py", line 1478, in __del__
    self._shutdown_workers()
  File "/home/zubrikhina/anaconda3/envs/bm/lib/python3.8/site-packages/torch/utils/data/dataloader.py", line 1461, in _shutdown_workers
    if w.is_alive():
  File "/home/zubrikhina/anaconda3/envs/bm/lib/python3.8/multiprocessing/process.py", line 160, in is_alive
    assert self._parent_pid == os.getpid(), 'can only test a child process'
AssertionError: can only test a child process
[[36m03-01 05:12:29[0m][[34mflashy.solver[0m][[32mINFO[0m] - Valid | Epoch 11 | 29/146 | 0.32 it/sec | loss 1.7729[0m
[[36m03-01 05:14:12[0m][[34mflashy.solver[0m][[32mINFO[0m] - Valid | Epoch 11 | 58/146 | 0.30 it/sec | loss 1.8047[0m
[[36m03-01 05:15:55[0m][[34mflashy.solver[0m][[32mINFO[0m] - Valid | Epoch 11 | 87/146 | 0.29 it/sec | loss 1.8208[0m
[[36m03-01 05:17:30[0m][[34mflashy.solver[0m][[32mINFO[0m] - Valid | Epoch 11 | 116/146 | 0.30 it/sec | loss 1.8138[0m
[[36m03-01 05:19:01[0m][[34mflashy.solver[0m][[32mINFO[0m] - Valid | Epoch 11 | 145/146 | 0.30 it/sec | loss 1.8105[0m
[[36m03-01 05:19:02[0m][[34mflashy.solver[0m][[32mINFO[0m] - [1mValid Summary | Epoch 11 | loss=1.8105 | duration=489.2043[0m
[[36m03-01 05:19:02[0m][[34mbm.solver[0m][[32mINFO[0m] - Scale Reject | Ratio 0.000%[0m
[[36m03-01 05:28:48[0m][[34mflashy.solver[0m][[32mINFO[0m] - Train | Epoch 12 | 240/1200 | 0.41 it/sec | loss 0.6143[0m
[[36m03-01 05:38:19[0m][[34mflashy.solver[0m][[32mINFO[0m] - Train | Epoch 12 | 480/1200 | 0.42 it/sec | loss 0.6233[0m
[[36m03-01 05:47:45[0m][[34mflashy.solver[0m][[32mINFO[0m] - Train | Epoch 12 | 720/1200 | 0.42 it/sec | loss 0.6291[0m
[[36m03-01 05:57:11[0m][[34mflashy.solver[0m][[32mINFO[0m] - Train | Epoch 12 | 960/1200 | 0.42 it/sec | loss 0.6263[0m
[[36m03-01 06:06:18[0m][[34mflashy.solver[0m][[32mINFO[0m] - [1mTrain Summary | Epoch 12 | loss=0.6295 | duration=2835.8995[0m
Exception ignored in: <function _MultiProcessingDataLoaderIter.__del__ at 0x7f22d0b5ec10>
Traceback (most recent call last):
  File "/home/zubrikhina/anaconda3/envs/bm/lib/python3.8/site-packages/torch/utils/data/dataloader.py", line 1478, in __del__
    self._shutdown_workers()
  File "/home/zubrikhina/anaconda3/envs/bm/lib/python3.8/site-packages/torch/utils/data/dataloader.py", line 1461, in _shutdown_workers
    if w.is_alive():
  File "/home/zubrikhina/anaconda3/envs/bm/lib/python3.8/multiprocessing/process.py", line 160, in is_alive
    assert self._parent_pid == os.getpid(), 'can only test a child process'
AssertionError: can only test a child process
Exception ignored in: <function _MultiProcessingDataLoaderIter.__del__ at 0x7f22d0b5ec10>
Traceback (most recent call last):
  File "/home/zubrikhina/anaconda3/envs/bm/lib/python3.8/site-packages/torch/utils/data/dataloader.py", line 1478, in __del__
    self._shutdown_workers()
  File "/home/zubrikhina/anaconda3/envs/bm/lib/python3.8/site-packages/torch/utils/data/dataloader.py", line 1461, in _shutdown_workers
    if w.is_alive():
  File "/home/zubrikhina/anaconda3/envs/bm/lib/python3.8/multiprocessing/process.py", line 160, in is_alive
    assert self._parent_pid == os.getpid(), 'can only test a child process'
AssertionError: can only test a child process
Exception ignored in: <function _MultiProcessingDataLoaderIter.__del__ at 0x7f22d0b5ec10>
Traceback (most recent call last):
  File "/home/zubrikhina/anaconda3/envs/bm/lib/python3.8/site-packages/torch/utils/data/dataloader.py", line 1478, in __del__
    self._shutdown_workers()
  File "/home/zubrikhina/anaconda3/envs/bm/lib/python3.8/site-packages/torch/utils/data/dataloader.py", line 1461, in _shutdown_workers
    if w.is_alive():
  File "/home/zubrikhina/anaconda3/envs/bm/lib/python3.8/multiprocessing/process.py", line 160, in is_alive
    assert self._parent_pid == os.getpid(), 'can only test a child process'
AssertionError: can only test a child process
Exception ignored in: <function _MultiProcessingDataLoaderIter.__del__ at 0x7f22d0b5ec10>
Traceback (most recent call last):
  File "/home/zubrikhina/anaconda3/envs/bm/lib/python3.8/site-packages/torch/utils/data/dataloader.py", line 1478, in __del__
    self._shutdown_workers()
  File "/home/zubrikhina/anaconda3/envs/bm/lib/python3.8/site-packages/torch/utils/data/dataloader.py", line 1461, in _shutdown_workers
    if w.is_alive():
  File "/home/zubrikhina/anaconda3/envs/bm/lib/python3.8/multiprocessing/process.py", line 160, in is_alive
    assert self._parent_pid == os.getpid(), 'can only test a child process'
AssertionError: can only test a child process
Exception ignored in: <function _MultiProcessingDataLoaderIter.__del__ at 0x7f22d0b5ec10>
Traceback (most recent call last):
  File "/home/zubrikhina/anaconda3/envs/bm/lib/python3.8/site-packages/torch/utils/data/dataloader.py", line 1478, in __del__
    self._shutdown_workers()
  File "/home/zubrikhina/anaconda3/envs/bm/lib/python3.8/site-packages/torch/utils/data/dataloader.py", line 1461, in _shutdown_workers
    if w.is_alive():
  File "/home/zubrikhina/anaconda3/envs/bm/lib/python3.8/multiprocessing/process.py", line 160, in is_alive
    assert self._parent_pid == os.getpid(), 'can only test a child process'
AssertionError: can only test a child process
[[36m03-01 06:07:59[0m][[34mflashy.solver[0m][[32mINFO[0m] - Valid | Epoch 12 | 29/146 | 0.30 it/sec | loss 1.8144[0m
[[36m03-01 06:09:35[0m][[34mflashy.solver[0m][[32mINFO[0m] - Valid | Epoch 12 | 58/146 | 0.30 it/sec | loss 1.7972[0m
[[36m03-01 06:11:13[0m][[34mflashy.solver[0m][[32mINFO[0m] - Valid | Epoch 12 | 87/146 | 0.30 it/sec | loss 1.8107[0m
[[36m03-01 06:12:56[0m][[34mflashy.solver[0m][[32mINFO[0m] - Valid | Epoch 12 | 116/146 | 0.30 it/sec | loss 1.8120[0m
[[36m03-01 06:14:24[0m][[34mflashy.solver[0m][[32mINFO[0m] - Valid | Epoch 12 | 145/146 | 0.30 it/sec | loss 1.8098[0m
[[36m03-01 06:14:25[0m][[34mflashy.solver[0m][[32mINFO[0m] - [1mValid Summary | Epoch 12 | loss=1.8098 | duration=486.8176[0m
[[36m03-01 06:14:25[0m][[34mbm.solver[0m][[32mINFO[0m] - Scale Reject | Ratio 0.000%[0m
[[36m03-01 06:25:15[0m][[34mflashy.solver[0m][[32mINFO[0m] - Train | Epoch 13 | 240/1200 | 0.37 it/sec | loss 0.6029[0m
[[36m03-01 06:35:49[0m][[34mflashy.solver[0m][[32mINFO[0m] - Train | Epoch 13 | 480/1200 | 0.38 it/sec | loss 0.6007[0m
[[36m03-01 06:46:25[0m][[34mflashy.solver[0m][[32mINFO[0m] - Train | Epoch 13 | 720/1200 | 0.38 it/sec | loss 0.6029[0m
[[36m03-01 06:57:03[0m][[34mflashy.solver[0m][[32mINFO[0m] - Train | Epoch 13 | 960/1200 | 0.38 it/sec | loss 0.6130[0m
[[36m03-01 07:07:24[0m][[34mflashy.solver[0m][[32mINFO[0m] - [1mTrain Summary | Epoch 13 | loss=0.6117 | duration=3177.6981[0m
Exception ignored in: <function _MultiProcessingDataLoaderIter.__del__ at 0x7f22d0b5ec10>
Traceback (most recent call last):
  File "/home/zubrikhina/anaconda3/envs/bm/lib/python3.8/site-packages/torch/utils/data/dataloader.py", line 1478, in __del__
    self._shutdown_workers()
  File "/home/zubrikhina/anaconda3/envs/bm/lib/python3.8/site-packages/torch/utils/data/dataloader.py", line 1461, in _shutdown_workers
    if w.is_alive():
  File "/home/zubrikhina/anaconda3/envs/bm/lib/python3.8/multiprocessing/process.py", line 160, in is_alive
    assert self._parent_pid == os.getpid(), 'can only test a child process'
AssertionError: can only test a child process
Exception ignored in: <function _MultiProcessingDataLoaderIter.__del__ at 0x7f22d0b5ec10>
Traceback (most recent call last):
  File "/home/zubrikhina/anaconda3/envs/bm/lib/python3.8/site-packages/torch/utils/data/dataloader.py", line 1478, in __del__
    self._shutdown_workers()
  File "/home/zubrikhina/anaconda3/envs/bm/lib/python3.8/site-packages/torch/utils/data/dataloader.py", line 1461, in _shutdown_workers
    if w.is_alive():
  File "/home/zubrikhina/anaconda3/envs/bm/lib/python3.8/multiprocessing/process.py", line 160, in is_alive
    assert self._parent_pid == os.getpid(), 'can only test a child process'
AssertionError: can only test a child process
Exception ignored in: <function _MultiProcessingDataLoaderIter.__del__ at 0x7f22d0b5ec10>
Traceback (most recent call last):
  File "/home/zubrikhina/anaconda3/envs/bm/lib/python3.8/site-packages/torch/utils/data/dataloader.py", line 1478, in __del__
    self._shutdown_workers()
  File "/home/zubrikhina/anaconda3/envs/bm/lib/python3.8/site-packages/torch/utils/data/dataloader.py", line 1461, in _shutdown_workers
    if w.is_alive():
  File "/home/zubrikhina/anaconda3/envs/bm/lib/python3.8/multiprocessing/process.py", line 160, in is_alive
    assert self._parent_pid == os.getpid(), 'can only test a child process'
AssertionError: can only test a child process
Exception ignored in: <function _MultiProcessingDataLoaderIter.__del__ at 0x7f22d0b5ec10>
Traceback (most recent call last):
  File "/home/zubrikhina/anaconda3/envs/bm/lib/python3.8/site-packages/torch/utils/data/dataloader.py", line 1478, in __del__
    self._shutdown_workers()
  File "/home/zubrikhina/anaconda3/envs/bm/lib/python3.8/site-packages/torch/utils/data/dataloader.py", line 1461, in _shutdown_workers
    if w.is_alive():
  File "/home/zubrikhina/anaconda3/envs/bm/lib/python3.8/multiprocessing/process.py", line 160, in is_alive
    assert self._parent_pid == os.getpid(), 'can only test a child process'
AssertionError: can only test a child process
Exception ignored in: <function _MultiProcessingDataLoaderIter.__del__ at 0x7f22d0b5ec10>
Traceback (most recent call last):
  File "/home/zubrikhina/anaconda3/envs/bm/lib/python3.8/site-packages/torch/utils/data/dataloader.py", line 1478, in __del__
    self._shutdown_workers()
  File "/home/zubrikhina/anaconda3/envs/bm/lib/python3.8/site-packages/torch/utils/data/dataloader.py", line 1461, in _shutdown_workers
    if w.is_alive():
  File "/home/zubrikhina/anaconda3/envs/bm/lib/python3.8/multiprocessing/process.py", line 160, in is_alive
    assert self._parent_pid == os.getpid(), 'can only test a child process'
AssertionError: can only test a child process
[[36m03-01 07:09:06[0m][[34mflashy.solver[0m][[32mINFO[0m] - Valid | Epoch 13 | 29/146 | 0.30 it/sec | loss 1.9738[0m
[[36m03-01 07:10:47[0m][[34mflashy.solver[0m][[32mINFO[0m] - Valid | Epoch 13 | 58/146 | 0.30 it/sec | loss 1.9053[0m
[[36m03-01 07:12:22[0m][[34mflashy.solver[0m][[32mINFO[0m] - Valid | Epoch 13 | 87/146 | 0.30 it/sec | loss 1.8824[0m
[[36m03-01 07:13:57[0m][[34mflashy.solver[0m][[32mINFO[0m] - Valid | Epoch 13 | 116/146 | 0.30 it/sec | loss 1.8686[0m
[[36m03-01 07:15:25[0m][[34mflashy.solver[0m][[32mINFO[0m] - Valid | Epoch 13 | 145/146 | 0.31 it/sec | loss 1.8779[0m
[[36m03-01 07:15:26[0m][[34mflashy.solver[0m][[32mINFO[0m] - [1mValid Summary | Epoch 13 | loss=1.8779 | duration=481.8709[0m
[[36m03-01 07:15:26[0m][[34mbm.solver[0m][[32mINFO[0m] - Scale Reject | Ratio 0.000%[0m
[[36m03-01 07:26:15[0m][[34mflashy.solver[0m][[32mINFO[0m] - Train | Epoch 14 | 240/1200 | 0.37 it/sec | loss 0.5802[0m
[[36m03-01 07:37:01[0m][[34mflashy.solver[0m][[32mINFO[0m] - Train | Epoch 14 | 480/1200 | 0.37 it/sec | loss 0.5745[0m
[[36m03-01 07:47:51[0m][[34mflashy.solver[0m][[32mINFO[0m] - Train | Epoch 14 | 720/1200 | 0.37 it/sec | loss 0.5757[0m
[[36m03-01 07:58:29[0m][[34mflashy.solver[0m][[32mINFO[0m] - Train | Epoch 14 | 960/1200 | 0.37 it/sec | loss 0.5779[0m
[[36m03-01 08:08:54[0m][[34mflashy.solver[0m][[32mINFO[0m] - [1mTrain Summary | Epoch 14 | loss=0.5781 | duration=3207.6069[0m
Exception ignored in: <function _MultiProcessingDataLoaderIter.__del__ at 0x7f22d0b5ec10>
Traceback (most recent call last):
  File "/home/zubrikhina/anaconda3/envs/bm/lib/python3.8/site-packages/torch/utils/data/dataloader.py", line 1478, in __del__
    self._shutdown_workers()
  File "/home/zubrikhina/anaconda3/envs/bm/lib/python3.8/site-packages/torch/utils/data/dataloader.py", line 1461, in _shutdown_workers
    if w.is_alive():
  File "/home/zubrikhina/anaconda3/envs/bm/lib/python3.8/multiprocessing/process.py", line 160, in is_alive
    assert self._parent_pid == os.getpid(), 'can only test a child process'
AssertionError: can only test a child process
Exception ignored in: <function _MultiProcessingDataLoaderIter.__del__ at 0x7f22d0b5ec10>
Traceback (most recent call last):
  File "/home/zubrikhina/anaconda3/envs/bm/lib/python3.8/site-packages/torch/utils/data/dataloader.py", line 1478, in __del__
    self._shutdown_workers()
  File "/home/zubrikhina/anaconda3/envs/bm/lib/python3.8/site-packages/torch/utils/data/dataloader.py", line 1461, in _shutdown_workers
    if w.is_alive():
  File "/home/zubrikhina/anaconda3/envs/bm/lib/python3.8/multiprocessing/process.py", line 160, in is_alive
    assert self._parent_pid == os.getpid(), 'can only test a child process'
AssertionError: can only test a child process
Exception ignored in: <function _MultiProcessingDataLoaderIter.__del__ at 0x7f22d0b5ec10>
Traceback (most recent call last):
  File "/home/zubrikhina/anaconda3/envs/bm/lib/python3.8/site-packages/torch/utils/data/dataloader.py", line 1478, in __del__
    self._shutdown_workers()
  File "/home/zubrikhina/anaconda3/envs/bm/lib/python3.8/site-packages/torch/utils/data/dataloader.py", line 1461, in _shutdown_workers
    if w.is_alive():
  File "/home/zubrikhina/anaconda3/envs/bm/lib/python3.8/multiprocessing/process.py", line 160, in is_alive
    assert self._parent_pid == os.getpid(), 'can only test a child process'
AssertionError: can only test a child process
Exception ignored in: <function _MultiProcessingDataLoaderIter.__del__ at 0x7f22d0b5ec10>
Traceback (most recent call last):
  File "/home/zubrikhina/anaconda3/envs/bm/lib/python3.8/site-packages/torch/utils/data/dataloader.py", line 1478, in __del__
    self._shutdown_workers()
  File "/home/zubrikhina/anaconda3/envs/bm/lib/python3.8/site-packages/torch/utils/data/dataloader.py", line 1461, in _shutdown_workers
    if w.is_alive():
  File "/home/zubrikhina/anaconda3/envs/bm/lib/python3.8/multiprocessing/process.py", line 160, in is_alive
    assert self._parent_pid == os.getpid(), 'can only test a child process'
AssertionError: can only test a child process
Exception ignored in: <function _MultiProcessingDataLoaderIter.__del__ at 0x7f22d0b5ec10>
Traceback (most recent call last):
  File "/home/zubrikhina/anaconda3/envs/bm/lib/python3.8/site-packages/torch/utils/data/dataloader.py", line 1478, in __del__
    self._shutdown_workers()
  File "/home/zubrikhina/anaconda3/envs/bm/lib/python3.8/site-packages/torch/utils/data/dataloader.py", line 1461, in _shutdown_workers
    if w.is_alive():
  File "/home/zubrikhina/anaconda3/envs/bm/lib/python3.8/multiprocessing/process.py", line 160, in is_alive
    assert self._parent_pid == os.getpid(), 'can only test a child process'
AssertionError: can only test a child process
[[36m03-01 08:10:28[0m][[34mflashy.solver[0m][[32mINFO[0m] - Valid | Epoch 14 | 29/146 | 0.33 it/sec | loss 1.9603[0m
[[36m03-01 08:11:57[0m][[34mflashy.solver[0m][[32mINFO[0m] - Valid | Epoch 14 | 58/146 | 0.33 it/sec | loss 1.8968[0m
[[36m03-01 08:13:24[0m][[34mflashy.solver[0m][[32mINFO[0m] - Valid | Epoch 14 | 87/146 | 0.33 it/sec | loss 1.8816[0m
[[36m03-01 08:14:45[0m][[34mflashy.solver[0m][[32mINFO[0m] - Valid | Epoch 14 | 116/146 | 0.34 it/sec | loss 1.8973[0m
[[36m03-01 08:16:01[0m][[34mflashy.solver[0m][[32mINFO[0m] - Valid | Epoch 14 | 145/146 | 0.34 it/sec | loss 1.8900[0m
[[36m03-01 08:16:02[0m][[34mflashy.solver[0m][[32mINFO[0m] - [1mValid Summary | Epoch 14 | loss=1.8900 | duration=427.9557[0m
[[36m03-01 08:16:02[0m][[34mbm.solver[0m][[33mWARNING[0m] - Model valid_loss did not improve for 10 epochs. Stopping the training.[0m
[[36m03-01 08:16:02[0m][[34mbm.solver[0m][[32mINFO[0m] - Scale Reject | Ratio 0.000%[0m
wandb: WARNING No requirements.txt found, not creating job artifact. See https://docs.wandb.ai/guides/launch/create-job
wandb: - 0.000 MB of 0.000 MB uploadedwandb: \ 0.000 MB of 0.000 MB uploadedwandb: | 0.000 MB of 0.017 MB uploadedwandb: / 0.017 MB of 0.017 MB uploadedwandb: 
wandb: Run history:
wandb: train/duration ▁▃▃▃▃▃▆▃██
wandb:     train/loss █▇▆▅▄▃▂▂▂▁
wandb: valid/duration ▄▂▃▄▄▁██▇▁
wandb:     valid/loss ▁▁▃▄▅▅▆▆██
wandb: 
wandb: Run summary:
wandb:  test/duration 138.86042
wandb:       test/wer 0.37267
wandb: test/wer_vocab 0.1433
wandb: train/duration 3207.60689
wandb:     train/loss 0.57809
wandb: valid/duration 427.95574
wandb:     valid/loss 1.88998
wandb: 
wandb: 🚀 View run c0c688c8 at: https://wandb.ai/gnn-neuro/brainmagick/runs/c0c688c8
wandb: Synced 3 W&B file(s), 0 media file(s), 0 artifact file(s) and 0 other file(s)
wandb: Find logs at: ./wandb/run-20240229_225316-c0c688c8/logs
