nohup: ignoring input
Hostname bagration not defined in /conf/study_paths/study_paths.yaml. Using default paths.
[1mParser[0m Injecting argv ['model=clip_transformer', 'dset.selections=["gwilliams2022"]', 'dset.bandpass=true', 'dset.bandpass_high=0.1', 'dset.bandpass_lower=40.0', 'seed=2038', 'simpletransformer.subject_layers=true', 'simpletransformer.positional_embedding=true', 'simpletransformer.merger=true', 'simpletransformer.model_type="logformer"', 'simpletransformer.attention_window=[256, 256, 256, 256]', 'optim.lr=0.0003', 'optim.beta2=0.999', 'optim.eps=1e-08'] from sig 10601fb2
{'wandb': {'use_wandb': True, 'project': 'brainmagick', 'group': 'brainmagick-group'}, 'num_prints': 5, 'device': 'cuda:3', 'verbose': 0, 'show': 0, 'download_only': False, 'is_sound': True, 'slurm': {'mem_per_gpu': 100, 'time': 4320}, 'continue_sig': None, 'continue_best': True, 'seed': 2038, 'dummy': None, 'cache': './cache', 'features_models': './features_models', 'early_stop_patience': 10, 'eval_every': 1, 'eval_train_set': False, 'optim': {'name': 'adam', 'shuffle': False, 'lr': 0.0003, 'beta2': 0.999, 'eps': 1e-08, 'epochs': 200, 'batch_size': 256, 'loss': 'clip', 'weight_decay': 0.0, 'use_weighting': False, 'max_batches': 1200, 'svd': 0.0, 'negatives': None, 'negative_pool_size': None, 'scheduler': {'name': 'None', 'dim_embed': 270, 'warmup_steps': 10000}}, 'clip': {'linear': None, 'twin': True, 'pool': False, 'tmin': None, 'tmax': None, 'tmin_train': None, 'tmax_train': None, 'center': False, 'probabilities': False}, 'test': {'wer_negatives': 10000, 'wer_topx': 10, 'wer_random': False, 'wer_recordings': 40, 'wer_study': None}, 'dset': {'selections': ['gwilliams2022'], 'tmin': -0.5, 'tmax': 2.5, 'n_recordings': 1000, 'n_subjects': None, 'n_subjects_test': None, 'shuffle_recordings_seed': -1, 'skip_recordings': 0, 'test_ratio': 0.2, 'valid_ratio': 0.1, 'remove_ratio': 0.0, 'condition': 0.5, 'apply_baseline': True, 'min_block_duration': 6, 'force_uid_assignement': False, 'min_n_blocks_per_split': 1, 'ignore_end_in_block': False, 'ignore_start_in_block': False, 'sample_rate': 120, 'highpass': 0, 'bandpass': True, 'bandpass_high': 0.1, 'bandpass_lower': 40.0, 'event_mask': True, 'split_wav_as_block': True, 'allow_empty_split': False, 'autoreject': False, 'test': {'tmin': None, 'tmax': None, 'condition': 'word'}, 'features': ['Wav2VecTransformer'], 'extra_test_features': [], 'features_params': {'MelSpectrum': {'n_fft': 512, 'n_mels': 120, 'normalized': True, 'use_log_scale': True, 'log_scale_eps': 1e-05}, 'Pitch': {'min_f0': 100, 'max_f0': 350}, 'WordHash': {'buckets': 100000}, 'XlmEmbedding': {'contextual': False}, 'WordEmbedding': {'lang': 'auto'}, 'WordEmbeddingSmall': {'lang': 'auto'}, 'PartOfSpeech': {'lang': 'auto'}, 'Wav2VecTransformer': {'layers': [14, 15, 16, 17, 18], 'device': 'cpu', 'random': False, 'is_interpolate': True, 'size': 150}, 'Wav2VecChunk': {'device': 'cpu'}}}, 'override_n_subjects_model': None, 'norm': {'scaler': {'per_channel': False, 'n_samples_per_recording': 200, 'n_samples_features': 8000}, 'max_scale': 20.0, 'clip': True, 'exclude_empty_features': False}, 'task': {'type': 'decode', 'meg_init': 0.3, 'lowpass': 0, 'offset_meg_ms': 150, 'lowpass_gt': True, 'lowpass_gt_test': False, 'mask_loss': False}, 'dora': {'dir': './outputs', 'exclude': ['wandb.*', 'num_prints', 'device', 'num_workers', 'verbose', 'cache', 'features_models'], 'git_save': True}, 'model_name': 'simpletransformer', 'convrnn': {'concatenate': False, 'depth': 2, 'linear_out': False, 'complex_out': False, 'kernel_size': 4, 'stride': 2, 'growth': 1.0, 'lstm': 4, 'bidirectional_lstm': False, 'flip_lstm': False, 'attention': 0, 'heads': 4, 'conv_dropout': 0.0, 'lstm_dropout': 0.0, 'dropout_input': 0.0, 'batch_norm': False, 'relu_leakiness': 0.0, 'subject_dim': 64, 'embedding_location': ['lstm'], 'embedding_scale': 1.0, 'subject_layers': False, 'subject_layers_dim': 'input'}, 'simpleconv': {'concatenate': False, 'depth': 4, 'linear_out': False, 'complex_out': False, 'dilation_growth': 2, 'dilation_period': None, 'skip': False, 'post_skip': False, 'growth': 1.0, 'scale': None, 'rewrite': False, 'groups': 1, 'glu': 0, 'glu_context': 0, 'glu_glu': True, 'gelu': False, 'dual_path': 0, 'conv_dropout': 0.0, 'dropout_input': 0.0, 'batch_norm': False, 'relu_leakiness': 0.0, 'subject_dim': 64, 'subject_layers': False, 'embedding_scale': 1.0, 'subject_layers_dim': 'input', 'subject_layers_id': False, 'n_fft': None, 'fft_complex': True, 'merger': False, 'merger_pos_dim': 256, 'merger_channels': 270, 'merger_dropout': 0.2, 'merger_penalty': 0.0, 'merger_per_subject': False, 'dropout': 0.0, 'dropout_rescale': True, 'initial_linear': 0, 'initial_depth': 1, 'initial_nonlin': False, 'avg_pool_out': False, 'adaptive_pooling_size': '1,', 'flatten_out_channels': 512, 'strides': [1, 1, 1, 1, 1, 1, 1, 1, 1, 1], 'kernel_size': [3, 3, 3, 3, 3, 3, 3, 3, 3, 3], 'padding': [1, 1, 1, 1, 1, 1, 1, 1, 1, 1], 'seq_len': -1, 'auto_padding': True, 'is_deformable_conv': False}, 'simpletransformer': {'hidden': {'meg': 320}, 'depth': 4, 'nhead': 8, 'subject_layers': True, 'positional_embedding': True, 'merger': True, 'merger_pos_dim': 2048, 'merger_channels': 272, 'model_type': 'logformer', 'dim_ff': 2048, 'attention_window': [256, 256, 256, 256]}, 'timesnet': {'hidden': {'meg': 320}, 'depth': 2, 'subject_layers': False, 'sequence_lenth': 361, 'num_kernels': 6, 'top_k': 3, 'dropout_projection': 0.3, 'd_model': 32, 'd_ff': 32, 'flatten_out_channels': 1024, 'merger': False, 'merger_pos_dim': 2048, 'merger_channels': 270, 'enc_embedding': True}, 'num_workers': 5, 'feature_model_name': None, 'selections': {'audio_mous': {'study': 'schoffelen2019', 'modality': 'audio', 'events_filter': None}, 'audio_mous_wl': {'study': 'schoffelen2019', 'modality': 'audio', 'events_filter': 'condition == "word_list"'}, 'visual_mous': {'study': 'schoffelen2019', 'modality': 'visual', 'events_filter': None}, 'gwilliams2022': {'study': 'gwilliams2022'}, 'broderick2019': {'study': 'broderick2019'}, 'fake': {'study': 'fake'}, 'brennan2019': {'study': 'brennan2019'}}, 'study_paths': {'default': {'gwilliams2022': './data/gwilliams2022/', 'schoffelen2019': './data/schoffelen2019/', 'brennan2019': './data/brennan2019/', 'broderick2019': './data/broderick2019/'}}}
[2024-02-26 18:40:15,638][bm._env][WARNING] - Hostname bagration not defined in /conf/study_paths/study_paths.yaml. Using default paths.
[2024-02-26 18:40:15,665][bm.train][INFO] - For logs, checkpoints and samples, check /home/zubrikhina/brainmagick_MICCAI/outputs/xps/10601fb2.
[2024-02-26 18:40:15,665][bm.train][INFO] - Caching intermediate data under /home/zubrikhina/brainmagick_MICCAI/cache.
/home/zubrikhina/anaconda3/envs/bm/lib/python3.8/site-packages/hydra/_internal/hydra.py:119: UserWarning: Future Hydra versions will no longer change working directory at job runtime by default.
See https://hydra.cc/docs/1.2/upgrades/1.1_to_1.2/changes_to_job_working_dir/ for more information.
  ret = run_job(
[[36m02-26 18:40:15[0m][[34mdora.distrib[0m][[32mINFO[0m] - world_size is 1, skipping init.[0m
[[36m02-26 18:40:15[0m][[34mbm.dataset[0m][[33mWARNING[0m] - Requested 1000 recordings but only found 196[0m
[[36m02-26 18:41:50[0m][[34mbm.dataset[0m][[32mINFO[0m] - Loading Subjects | 39/196 | 0.44 it/sec[0m
[[36m02-26 18:43:16[0m][[34mbm.dataset[0m][[32mINFO[0m] - Loading Subjects | 78/196 | 0.44 it/sec[0m
[[36m02-26 18:44:50[0m][[34mbm.dataset[0m][[32mINFO[0m] - Loading Subjects | 117/196 | 0.43 it/sec[0m
[[36m02-26 18:46:24[0m][[34mbm.dataset[0m][[32mINFO[0m] - Loading Subjects | 156/196 | 0.43 it/sec[0m
[[36m02-26 18:47:56[0m][[34mbm.dataset[0m][[32mINFO[0m] - Loading Subjects | 195/196 | 0.43 it/sec[0m
[[36m02-26 18:47:56[0m][[34mbm.dataset[0m][[32mINFO[0m] - # Examples (train | valid | test): 203152 | 35156 | 69972[0m
[[36m02-26 18:47:56[0m][[34mbm.train[0m][[32mINFO[0m] - Model hash: 2a26c71d6a40bcbda8bb7828a87f7e05740c1328[0m
/home/zubrikhina/anaconda3/envs/bm/lib/python3.8/site-packages/flashy/loggers/tensorboard.py:47: UserWarning: tensorboard package was not found: use pip install tensorboard
  warnings.warn("tensorboard package was not found: use pip install tensorboard")
wandb: Currently logged in as: almachan2358 (gnn-neuro). Use `wandb login --relogin` to force relogin
wandb: wandb version 0.16.3 is available!  To upgrade, please run:
wandb:  $ pip install wandb --upgrade
wandb: Tracking run with wandb version 0.16.1
wandb: Run data is saved locally in /home/zubrikhina/brainmagick_MICCAI/outputs/xps/10601fb2/wandb/run-20240226_184802-10601fb2
wandb: Run `wandb offline` to turn off syncing.
wandb: Syncing run 10601fb2
wandb: ⭐️ View project at https://wandb.ai/gnn-neuro/brainmagick
wandb: 🚀 View run at https://wandb.ai/gnn-neuro/brainmagick/runs/10601fb2
[[36m02-26 18:48:07[0m][[34mbm.solver[0m][[32mINFO[0m] - Scaler cache file /home/zubrikhina/brainmagick_MICCAI/cache/scaler/e7138f34c964e59b/bf21a9e8fbc5a384.pkl[0m
Simple Transformer: 
self.in_channels {'meg': 208}
self.out_channels 1024
SimpleTransformer(
  (merger): ChannelMerger(
    (embedding): FourierEmb()
  )
  (subject_layers): SubjectLayers(272, 272, 27)
  (positional_embedding): PositionalEncoding(
    (dropout): Dropout(p=0.0, inplace=False)
  )
  (layers): Sequential()
  (final): Linear(in_features=272, out_features=1024, bias=True)
)
None
None
[[36m02-26 18:53:50[0m][[34mflashy.solver[0m][[32mINFO[0m] - Train | Epoch 1 | 158/794 | 0.47 it/sec | loss 5.9548[0m
[[36m02-26 18:59:22[0m][[34mflashy.solver[0m][[32mINFO[0m] - Train | Epoch 1 | 316/794 | 0.47 it/sec | loss 5.8018[0m
[[36m02-26 19:04:39[0m][[34mflashy.solver[0m][[32mINFO[0m] - Train | Epoch 1 | 474/794 | 0.48 it/sec | loss 5.8690[0m
[[36m02-26 19:09:51[0m][[34mflashy.solver[0m][[32mINFO[0m] - Train | Epoch 1 | 632/794 | 0.49 it/sec | loss 5.7965[0m
[[36m02-26 19:14:58[0m][[34mflashy.solver[0m][[32mINFO[0m] - Train | Epoch 1 | 790/794 | 0.49 it/sec | loss 5.7488[0m
[[36m02-26 19:15:09[0m][[34mflashy.solver[0m][[32mINFO[0m] - [1mTrain Summary | Epoch 1 | loss=5.7471 | duration=1621.3745[0m
[[36m02-26 19:16:13[0m][[34mflashy.solver[0m][[32mINFO[0m] - Valid | Epoch 1 | 27/138 | 0.45 it/sec | loss 5.5818[0m
[[36m02-26 19:17:02[0m][[34mflashy.solver[0m][[32mINFO[0m] - Valid | Epoch 1 | 54/138 | 0.49 it/sec | loss 5.5828[0m
[[36m02-26 19:17:59[0m][[34mflashy.solver[0m][[32mINFO[0m] - Valid | Epoch 1 | 81/138 | 0.49 it/sec | loss 5.5782[0m
[[36m02-26 19:18:54[0m][[34mflashy.solver[0m][[32mINFO[0m] - Valid | Epoch 1 | 108/138 | 0.49 it/sec | loss 5.5775[0m
[[36m02-26 19:19:47[0m][[34mflashy.solver[0m][[32mINFO[0m] - Valid | Epoch 1 | 135/138 | 0.49 it/sec | loss 5.5805[0m
[[36m02-26 19:19:49[0m][[34mbm.solver[0m][[32mINFO[0m] - [1mNew best valid loss 5.5727[0m
[[36m02-26 19:19:49[0m][[34mflashy.solver[0m][[32mINFO[0m] - [1mValid Summary | Epoch 1 | loss=5.5727 | duration=280.2299[0m
[[36m02-26 19:20:29[0m][[34mbm.wer[0m][[32mINFO[0m] - WER | 11/56 | 0.32 it/sec[0m
[[36m02-26 19:20:52[0m][[34mbm.wer[0m][[32mINFO[0m] - WER | 22/56 | 0.38 it/sec[0m
[[36m02-26 19:21:17[0m][[34mbm.wer[0m][[32mINFO[0m] - WER | 33/56 | 0.40 it/sec[0m
[[36m02-26 19:21:42[0m][[34mbm.wer[0m][[32mINFO[0m] - WER | 44/56 | 0.41 it/sec[0m
[[36m02-26 19:22:10[0m][[34mbm.wer[0m][[32mINFO[0m] - WER | 55/56 | 0.40 it/sec[0m
[[36m02-26 19:22:46[0m][[34mbm.wer[0m][[32mINFO[0m] - wer 10000 negatives selected[0m
[[36m02-26 19:24:27[0m][[34mbm.wer[0m][[32mINFO[0m] - WER Rank | 2856/14280 | 29.06 it/sec[0m
[[36m02-26 19:26:06[0m][[34mbm.wer[0m][[32mINFO[0m] - WER Rank | 5712/14280 | 29.00 it/sec[0m
[[36m02-26 19:27:45[0m][[34mbm.wer[0m][[32mINFO[0m] - WER Rank | 8568/14280 | 28.97 it/sec[0m
[[36m02-26 19:29:24[0m][[34mbm.wer[0m][[32mINFO[0m] - WER Rank | 11424/14280 | 28.97 it/sec[0m
[[36m02-26 19:31:06[0m][[34mflashy.solver[0m][[32mINFO[0m] - [1mTest Summary | Epoch 1 | wer=97.283% | wer_vocab=75.721% | duration=676.6196[0m
[[36m02-26 19:31:06[0m][[34mbm.solver[0m][[32mINFO[0m] - Scale Reject | Ratio 0.000%[0m
[[36m02-26 19:36:47[0m][[34mflashy.solver[0m][[32mINFO[0m] - Train | Epoch 2 | 158/794 | 0.47 it/sec | loss 5.5187[0m
[[36m02-26 19:42:16[0m][[34mflashy.solver[0m][[32mINFO[0m] - Train | Epoch 2 | 316/794 | 0.47 it/sec | loss 5.5183[0m
[[36m02-26 19:47:40[0m][[34mflashy.solver[0m][[32mINFO[0m] - Train | Epoch 2 | 474/794 | 0.48 it/sec | loss 5.5176[0m
[[36m02-26 19:53:02[0m][[34mflashy.solver[0m][[32mINFO[0m] - Train | Epoch 2 | 632/794 | 0.48 it/sec | loss 5.5113[0m
[[36m02-26 19:58:18[0m][[34mflashy.solver[0m][[32mINFO[0m] - Train | Epoch 2 | 790/794 | 0.49 it/sec | loss 5.5562[0m
[[36m02-26 19:58:23[0m][[34mflashy.solver[0m][[32mINFO[0m] - [1mTrain Summary | Epoch 2 | loss=5.5553 | duration=1637.8005[0m
[[36m02-26 19:59:29[0m][[34mflashy.solver[0m][[32mINFO[0m] - Valid | Epoch 2 | 27/138 | 0.44 it/sec | loss 5.5276[0m
[[36m02-26 20:00:18[0m][[34mflashy.solver[0m][[32mINFO[0m] - Valid | Epoch 2 | 54/138 | 0.49 it/sec | loss 5.5226[0m
[[36m02-26 20:01:13[0m][[34mflashy.solver[0m][[32mINFO[0m] - Valid | Epoch 2 | 81/138 | 0.49 it/sec | loss 5.5287[0m
[[36m02-26 20:02:07[0m][[34mflashy.solver[0m][[32mINFO[0m] - Valid | Epoch 2 | 108/138 | 0.49 it/sec | loss 5.5300[0m
[[36m02-26 20:03:00[0m][[34mflashy.solver[0m][[32mINFO[0m] - Valid | Epoch 2 | 135/138 | 0.50 it/sec | loss 5.5303[0m
[[36m02-26 20:03:01[0m][[34mbm.solver[0m][[32mINFO[0m] - [1mNew best valid loss 5.5214[0m
[[36m02-26 20:03:01[0m][[34mflashy.solver[0m][[32mINFO[0m] - [1mValid Summary | Epoch 2 | loss=5.5214 | duration=277.9356[0m
[[36m02-26 20:03:40[0m][[34mbm.wer[0m][[32mINFO[0m] - WER | 11/56 | 0.33 it/sec[0m
[[36m02-26 20:04:03[0m][[34mbm.wer[0m][[32mINFO[0m] - WER | 22/56 | 0.39 it/sec[0m
[[36m02-26 20:04:28[0m][[34mbm.wer[0m][[32mINFO[0m] - WER | 33/56 | 0.40 it/sec[0m
[[36m02-26 20:04:54[0m][[34mbm.wer[0m][[32mINFO[0m] - WER | 44/56 | 0.41 it/sec[0m
[[36m02-26 20:05:21[0m][[34mbm.wer[0m][[32mINFO[0m] - WER | 55/56 | 0.41 it/sec[0m
[[36m02-26 20:05:56[0m][[34mbm.wer[0m][[32mINFO[0m] - wer 10000 negatives selected[0m
[[36m02-26 20:07:37[0m][[34mbm.wer[0m][[32mINFO[0m] - WER Rank | 2856/14280 | 29.08 it/sec[0m
[[36m02-26 20:09:15[0m][[34mbm.wer[0m][[32mINFO[0m] - WER Rank | 5712/14280 | 29.07 it/sec[0m
[[36m02-26 20:10:54[0m][[34mbm.wer[0m][[32mINFO[0m] - WER Rank | 8568/14280 | 29.02 it/sec[0m
[[36m02-26 20:12:32[0m][[34mbm.wer[0m][[32mINFO[0m] - WER Rank | 11424/14280 | 28.99 it/sec[0m
[[36m02-26 20:14:15[0m][[34mflashy.solver[0m][[32mINFO[0m] - [1mTest Summary | Epoch 2 | wer=97.283% | wer_vocab=75.609% | duration=673.2378[0m
[[36m02-26 20:14:15[0m][[34mbm.solver[0m][[32mINFO[0m] - Scale Reject | Ratio 0.000%[0m
[[36m02-26 20:20:25[0m][[34mflashy.solver[0m][[32mINFO[0m] - Train | Epoch 3 | 158/794 | 0.43 it/sec | loss 5.4407[0m
[[36m02-26 20:26:23[0m][[34mflashy.solver[0m][[32mINFO[0m] - Train | Epoch 3 | 316/794 | 0.44 it/sec | loss 5.6386[0m
[[36m02-26 20:32:10[0m][[34mflashy.solver[0m][[32mINFO[0m] - Train | Epoch 3 | 474/794 | 0.44 it/sec | loss 5.6154[0m
[[36m02-26 20:37:46[0m][[34mflashy.solver[0m][[32mINFO[0m] - Train | Epoch 3 | 632/794 | 0.45 it/sec | loss 5.5693[0m
[[36m02-26 20:43:12[0m][[34mflashy.solver[0m][[32mINFO[0m] - Train | Epoch 3 | 790/794 | 0.46 it/sec | loss 5.5438[0m
[[36m02-26 20:43:14[0m][[34mflashy.solver[0m][[32mINFO[0m] - [1mTrain Summary | Epoch 3 | loss=5.5429 | duration=1738.8544[0m
[[36m02-26 20:44:16[0m][[34mflashy.solver[0m][[32mINFO[0m] - Valid | Epoch 3 | 27/138 | 0.47 it/sec | loss 5.5123[0m
[[36m02-26 20:45:05[0m][[34mflashy.solver[0m][[32mINFO[0m] - Valid | Epoch 3 | 54/138 | 0.51 it/sec | loss 5.5119[0m
[[36m02-26 20:46:07[0m][[34mflashy.solver[0m][[32mINFO[0m] - Valid | Epoch 3 | 81/138 | 0.48 it/sec | loss 5.5121[0m
[[36m02-26 20:46:57[0m][[34mflashy.solver[0m][[32mINFO[0m] - Valid | Epoch 3 | 108/138 | 0.50 it/sec | loss 5.5136[0m
[[36m02-26 20:47:56[0m][[34mflashy.solver[0m][[32mINFO[0m] - Valid | Epoch 3 | 135/138 | 0.49 it/sec | loss 5.5131[0m
[[36m02-26 20:47:57[0m][[34mbm.solver[0m][[32mINFO[0m] - [1mNew best valid loss 5.5048[0m
[[36m02-26 20:47:57[0m][[34mflashy.solver[0m][[32mINFO[0m] - [1mValid Summary | Epoch 3 | loss=5.5048 | duration=283.4916[0m
[[36m02-26 20:48:36[0m][[34mbm.wer[0m][[32mINFO[0m] - WER | 11/56 | 0.34 it/sec[0m
[[36m02-26 20:48:59[0m][[34mbm.wer[0m][[32mINFO[0m] - WER | 22/56 | 0.39 it/sec[0m
[[36m02-26 20:49:22[0m][[34mbm.wer[0m][[32mINFO[0m] - WER | 33/56 | 0.42 it/sec[0m
[[36m02-26 20:49:46[0m][[34mbm.wer[0m][[32mINFO[0m] - WER | 44/56 | 0.43 it/sec[0m
[[36m02-26 20:50:13[0m][[34mbm.wer[0m][[32mINFO[0m] - WER | 55/56 | 0.42 it/sec[0m
[[36m02-26 20:50:49[0m][[34mbm.wer[0m][[32mINFO[0m] - wer 10000 negatives selected[0m
[[36m02-26 20:52:29[0m][[34mbm.wer[0m][[32mINFO[0m] - WER Rank | 2856/14280 | 29.25 it/sec[0m
[[36m02-26 20:54:07[0m][[34mbm.wer[0m][[32mINFO[0m] - WER Rank | 5712/14280 | 29.22 it/sec[0m
[[36m02-26 20:55:45[0m][[34mbm.wer[0m][[32mINFO[0m] - WER Rank | 8568/14280 | 29.22 it/sec[0m
[[36m02-26 20:57:23[0m][[34mbm.wer[0m][[32mINFO[0m] - WER Rank | 11424/14280 | 29.21 it/sec[0m
[[36m02-26 20:59:04[0m][[34mflashy.solver[0m][[32mINFO[0m] - [1mTest Summary | Epoch 3 | wer=97.451% | wer_vocab=75.700% | duration=666.5008[0m
[[36m02-26 20:59:04[0m][[34mbm.solver[0m][[32mINFO[0m] - Scale Reject | Ratio 0.000%[0m
[[36m02-26 21:04:54[0m][[34mflashy.solver[0m][[32mINFO[0m] - Train | Epoch 4 | 158/794 | 0.46 it/sec | loss 5.3846[0m
[[36m02-26 21:10:38[0m][[34mflashy.solver[0m][[32mINFO[0m] - Train | Epoch 4 | 316/794 | 0.46 it/sec | loss 5.3915[0m
[[36m02-26 21:16:15[0m][[34mflashy.solver[0m][[32mINFO[0m] - Train | Epoch 4 | 474/794 | 0.46 it/sec | loss 5.4510[0m
[[36m02-26 21:21:47[0m][[34mflashy.solver[0m][[32mINFO[0m] - Train | Epoch 4 | 632/794 | 0.47 it/sec | loss 5.4381[0m
[[36m02-26 21:27:24[0m][[34mflashy.solver[0m][[32mINFO[0m] - Train | Epoch 4 | 790/794 | 0.47 it/sec | loss 5.4297[0m
[[36m02-26 21:27:30[0m][[34mflashy.solver[0m][[32mINFO[0m] - [1mTrain Summary | Epoch 4 | loss=5.4287 | duration=1706.1374[0m
[[36m02-26 21:28:45[0m][[34mflashy.solver[0m][[32mINFO[0m] - Valid | Epoch 4 | 27/138 | 0.40 it/sec | loss 5.5294[0m
[[36m02-26 21:29:37[0m][[34mflashy.solver[0m][[32mINFO[0m] - Valid | Epoch 4 | 54/138 | 0.45 it/sec | loss 5.5191[0m
[[36m02-26 21:30:34[0m][[34mflashy.solver[0m][[32mINFO[0m] - Valid | Epoch 4 | 81/138 | 0.45 it/sec | loss 5.5216[0m
[[36m02-26 21:31:29[0m][[34mflashy.solver[0m][[32mINFO[0m] - Valid | Epoch 4 | 108/138 | 0.46 it/sec | loss 5.5182[0m
[[36m02-26 21:32:26[0m][[34mflashy.solver[0m][[32mINFO[0m] - Valid | Epoch 4 | 135/138 | 0.47 it/sec | loss 5.5202[0m
[[36m02-26 21:32:28[0m][[34mflashy.solver[0m][[32mINFO[0m] - [1mValid Summary | Epoch 4 | loss=5.5126 | duration=297.5920[0m
[[36m02-26 21:32:28[0m][[34mbm.solver[0m][[32mINFO[0m] - Scale Reject | Ratio 0.000%[0m
[[36m02-26 21:38:18[0m][[34mflashy.solver[0m][[32mINFO[0m] - Train | Epoch 5 | 158/794 | 0.46 it/sec | loss 5.3732[0m
[[36m02-26 21:43:57[0m][[34mflashy.solver[0m][[32mINFO[0m] - Train | Epoch 5 | 316/794 | 0.46 it/sec | loss 5.3721[0m
[[36m02-26 21:49:20[0m][[34mflashy.solver[0m][[32mINFO[0m] - Train | Epoch 5 | 474/794 | 0.47 it/sec | loss 5.5405[0m
[[36m02-26 21:54:53[0m][[34mflashy.solver[0m][[32mINFO[0m] - Train | Epoch 5 | 632/794 | 0.47 it/sec | loss 5.4996[0m
[[36m02-26 22:00:27[0m][[34mflashy.solver[0m][[32mINFO[0m] - Train | Epoch 5 | 790/794 | 0.47 it/sec | loss 5.4715[0m
[[36m02-26 22:00:29[0m][[34mflashy.solver[0m][[32mINFO[0m] - [1mTrain Summary | Epoch 5 | loss=5.4703 | duration=1680.8237[0m
[[36m02-26 22:01:37[0m][[34mflashy.solver[0m][[32mINFO[0m] - Valid | Epoch 5 | 27/138 | 0.44 it/sec | loss 5.6198[0m
[[36m02-26 22:02:30[0m][[34mflashy.solver[0m][[32mINFO[0m] - Valid | Epoch 5 | 54/138 | 0.47 it/sec | loss 5.6282[0m
[[36m02-26 22:03:28[0m][[34mflashy.solver[0m][[32mINFO[0m] - Valid | Epoch 5 | 81/138 | 0.47 it/sec | loss 5.6242[0m
[[36m02-26 22:04:26[0m][[34mflashy.solver[0m][[32mINFO[0m] - Valid | Epoch 5 | 108/138 | 0.47 it/sec | loss 5.6194[0m
[[36m02-26 22:05:19[0m][[34mflashy.solver[0m][[32mINFO[0m] - Valid | Epoch 5 | 135/138 | 0.48 it/sec | loss 5.6187[0m
[[36m02-26 22:05:22[0m][[34mflashy.solver[0m][[32mINFO[0m] - [1mValid Summary | Epoch 5 | loss=5.6112 | duration=293.0152[0m
[[36m02-26 22:05:22[0m][[34mbm.solver[0m][[32mINFO[0m] - Scale Reject | Ratio 0.000%[0m
[[36m02-26 22:11:18[0m][[34mflashy.solver[0m][[32mINFO[0m] - Train | Epoch 6 | 158/794 | 0.45 it/sec | loss 5.3225[0m
[[36m02-26 22:16:49[0m][[34mflashy.solver[0m][[32mINFO[0m] - Train | Epoch 6 | 316/794 | 0.46 it/sec | loss 5.3278[0m
[[36m02-26 22:22:28[0m][[34mflashy.solver[0m][[32mINFO[0m] - Train | Epoch 6 | 474/794 | 0.46 it/sec | loss 5.3343[0m
[[36m02-26 22:28:06[0m][[34mflashy.solver[0m][[32mINFO[0m] - Train | Epoch 6 | 632/794 | 0.47 it/sec | loss 5.3312[0m
[[36m02-26 22:33:50[0m][[34mflashy.solver[0m][[32mINFO[0m] - Train | Epoch 6 | 790/794 | 0.46 it/sec | loss 5.3323[0m
[[36m02-26 22:33:51[0m][[34mflashy.solver[0m][[32mINFO[0m] - [1mTrain Summary | Epoch 6 | loss=5.3316 | duration=1709.0369[0m
[[36m02-26 22:35:02[0m][[34mflashy.solver[0m][[32mINFO[0m] - Valid | Epoch 6 | 27/138 | 0.42 it/sec | loss 5.5298[0m
[[36m02-26 22:36:00[0m][[34mflashy.solver[0m][[32mINFO[0m] - Valid | Epoch 6 | 54/138 | 0.44 it/sec | loss 5.5264[0m
[[36m02-26 22:36:54[0m][[34mflashy.solver[0m][[32mINFO[0m] - Valid | Epoch 6 | 81/138 | 0.46 it/sec | loss 5.5206[0m
[[36m02-26 22:37:49[0m][[34mflashy.solver[0m][[32mINFO[0m] - Valid | Epoch 6 | 108/138 | 0.47 it/sec | loss 5.5231[0m
[[36m02-26 22:38:49[0m][[34mflashy.solver[0m][[32mINFO[0m] - Valid | Epoch 6 | 135/138 | 0.46 it/sec | loss 5.5245[0m
[[36m02-26 22:38:51[0m][[34mflashy.solver[0m][[32mINFO[0m] - [1mValid Summary | Epoch 6 | loss=5.5174 | duration=299.6524[0m
[[36m02-26 22:38:51[0m][[34mbm.solver[0m][[32mINFO[0m] - Scale Reject | Ratio 0.000%[0m
[[36m02-26 22:44:43[0m][[34mflashy.solver[0m][[32mINFO[0m] - Train | Epoch 7 | 158/794 | 0.46 it/sec | loss 5.2863[0m
[[36m02-26 22:50:20[0m][[34mflashy.solver[0m][[32mINFO[0m] - Train | Epoch 7 | 316/794 | 0.46 it/sec | loss 5.4619[0m
[[36m02-26 22:55:48[0m][[34mflashy.solver[0m][[32mINFO[0m] - Train | Epoch 7 | 474/794 | 0.47 it/sec | loss 5.5033[0m
[[36m02-26 23:01:32[0m][[34mflashy.solver[0m][[32mINFO[0m] - Train | Epoch 7 | 632/794 | 0.47 it/sec | loss 5.4561[0m
[[36m02-26 23:07:02[0m][[34mflashy.solver[0m][[32mINFO[0m] - Train | Epoch 7 | 790/794 | 0.47 it/sec | loss 5.4267[0m
[[36m02-26 23:07:12[0m][[34mflashy.solver[0m][[32mINFO[0m] - [1mTrain Summary | Epoch 7 | loss=5.4257 | duration=1700.4788[0m
[[36m02-26 23:08:18[0m][[34mflashy.solver[0m][[32mINFO[0m] - Valid | Epoch 7 | 27/138 | 0.45 it/sec | loss 5.5562[0m
[[36m02-26 23:09:10[0m][[34mflashy.solver[0m][[32mINFO[0m] - Valid | Epoch 7 | 54/138 | 0.48 it/sec | loss 5.5446[0m
[[36m02-26 23:10:09[0m][[34mflashy.solver[0m][[32mINFO[0m] - Valid | Epoch 7 | 81/138 | 0.47 it/sec | loss 5.5416[0m
[[36m02-26 23:10:58[0m][[34mflashy.solver[0m][[32mINFO[0m] - Valid | Epoch 7 | 108/138 | 0.49 it/sec | loss 5.5447[0m
[[36m02-26 23:12:01[0m][[34mflashy.solver[0m][[32mINFO[0m] - Valid | Epoch 7 | 135/138 | 0.48 it/sec | loss 5.5443[0m
[[36m02-26 23:12:02[0m][[34mflashy.solver[0m][[32mINFO[0m] - [1mValid Summary | Epoch 7 | loss=5.5350 | duration=290.4196[0m
[[36m02-26 23:12:02[0m][[34mbm.solver[0m][[32mINFO[0m] - Scale Reject | Ratio 0.000%[0m
[[36m02-26 23:17:39[0m][[34mflashy.solver[0m][[32mINFO[0m] - Train | Epoch 8 | 158/794 | 0.48 it/sec | loss 5.2534[0m
[[36m02-26 23:22:59[0m][[34mflashy.solver[0m][[32mINFO[0m] - Train | Epoch 8 | 316/794 | 0.49 it/sec | loss 5.2654[0m
[[36m02-26 23:28:21[0m][[34mflashy.solver[0m][[32mINFO[0m] - Train | Epoch 8 | 474/794 | 0.49 it/sec | loss 5.2653[0m
[[36m02-26 23:33:56[0m][[34mflashy.solver[0m][[32mINFO[0m] - Train | Epoch 8 | 632/794 | 0.48 it/sec | loss 5.2680[0m
[[36m02-26 23:39:26[0m][[34mflashy.solver[0m][[32mINFO[0m] - Train | Epoch 8 | 790/794 | 0.48 it/sec | loss 5.2733[0m
[[36m02-26 23:39:35[0m][[34mflashy.solver[0m][[32mINFO[0m] - [1mTrain Summary | Epoch 8 | loss=5.2731 | duration=1651.7549[0m
[[36m02-26 23:40:42[0m][[34mflashy.solver[0m][[32mINFO[0m] - Valid | Epoch 8 | 27/138 | 0.44 it/sec | loss 5.6239[0m
[[36m02-26 23:41:31[0m][[34mflashy.solver[0m][[32mINFO[0m] - Valid | Epoch 8 | 54/138 | 0.49 it/sec | loss 5.6290[0m
[[36m02-26 23:42:32[0m][[34mflashy.solver[0m][[32mINFO[0m] - Valid | Epoch 8 | 81/138 | 0.47 it/sec | loss 5.6392[0m
[[36m02-26 23:43:22[0m][[34mflashy.solver[0m][[32mINFO[0m] - Valid | Epoch 8 | 108/138 | 0.49 it/sec | loss 5.6458[0m
[[36m02-26 23:44:19[0m][[34mflashy.solver[0m][[32mINFO[0m] - Valid | Epoch 8 | 135/138 | 0.48 it/sec | loss 5.6468[0m
[[36m02-26 23:44:22[0m][[34mflashy.solver[0m][[32mINFO[0m] - [1mValid Summary | Epoch 8 | loss=5.6376 | duration=287.1159[0m
[[36m02-26 23:44:22[0m][[34mbm.solver[0m][[32mINFO[0m] - Scale Reject | Ratio 0.000%[0m
[[36m02-26 23:50:04[0m][[34mflashy.solver[0m][[32mINFO[0m] - Train | Epoch 9 | 158/794 | 0.47 it/sec | loss 5.5088[0m
[[36m02-26 23:55:32[0m][[34mflashy.solver[0m][[32mINFO[0m] - Train | Epoch 9 | 316/794 | 0.48 it/sec | loss 5.4451[0m
[[36m02-27 00:00:57[0m][[34mflashy.solver[0m][[32mINFO[0m] - Train | Epoch 9 | 474/794 | 0.48 it/sec | loss 5.3788[0m
[[36m02-27 00:06:33[0m][[34mflashy.solver[0m][[32mINFO[0m] - Train | Epoch 9 | 632/794 | 0.48 it/sec | loss 5.3476[0m
[[36m02-27 00:11:57[0m][[34mflashy.solver[0m][[32mINFO[0m] - Train | Epoch 9 | 790/794 | 0.48 it/sec | loss 5.3445[0m
[[36m02-27 00:12:07[0m][[34mflashy.solver[0m][[32mINFO[0m] - [1mTrain Summary | Epoch 9 | loss=5.3432 | duration=1664.9527[0m
[[36m02-27 00:13:15[0m][[34mflashy.solver[0m][[32mINFO[0m] - Valid | Epoch 9 | 27/138 | 0.43 it/sec | loss 5.5738[0m
[[36m02-27 00:14:06[0m][[34mflashy.solver[0m][[32mINFO[0m] - Valid | Epoch 9 | 54/138 | 0.48 it/sec | loss 5.5802[0m
[[36m02-27 00:15:04[0m][[34mflashy.solver[0m][[32mINFO[0m] - Valid | Epoch 9 | 81/138 | 0.47 it/sec | loss 5.5731[0m
[[36m02-27 00:15:58[0m][[34mflashy.solver[0m][[32mINFO[0m] - Valid | Epoch 9 | 108/138 | 0.48 it/sec | loss 5.5635[0m
[[36m02-27 00:16:53[0m][[34mflashy.solver[0m][[32mINFO[0m] - Valid | Epoch 9 | 135/138 | 0.48 it/sec | loss 5.5657[0m
[[36m02-27 00:16:55[0m][[34mflashy.solver[0m][[32mINFO[0m] - [1mValid Summary | Epoch 9 | loss=5.5577 | duration=287.7802[0m
[[36m02-27 00:16:55[0m][[34mbm.solver[0m][[32mINFO[0m] - Scale Reject | Ratio 0.000%[0m
[[36m02-27 00:22:35[0m][[34mflashy.solver[0m][[32mINFO[0m] - Train | Epoch 10 | 158/794 | 0.47 it/sec | loss 5.1920[0m
[[36m02-27 00:28:03[0m][[34mflashy.solver[0m][[32mINFO[0m] - Train | Epoch 10 | 316/794 | 0.48 it/sec | loss 5.2059[0m
[[36m02-27 00:33:34[0m][[34mflashy.solver[0m][[32mINFO[0m] - Train | Epoch 10 | 474/794 | 0.48 it/sec | loss 5.2223[0m
[[36m02-27 00:38:55[0m][[34mflashy.solver[0m][[32mINFO[0m] - Train | Epoch 10 | 632/794 | 0.48 it/sec | loss 5.2293[0m
[[36m02-27 00:44:15[0m][[34mflashy.solver[0m][[32mINFO[0m] - Train | Epoch 10 | 790/794 | 0.48 it/sec | loss 5.2304[0m
[[36m02-27 00:44:17[0m][[34mflashy.solver[0m][[32mINFO[0m] - [1mTrain Summary | Epoch 10 | loss=5.2301 | duration=1641.6433[0m
[[36m02-27 00:45:19[0m][[34mflashy.solver[0m][[32mINFO[0m] - Valid | Epoch 10 | 27/138 | 0.48 it/sec | loss 5.6441[0m
[[36m02-27 00:46:09[0m][[34mflashy.solver[0m][[32mINFO[0m] - Valid | Epoch 10 | 54/138 | 0.50 it/sec | loss 5.6441[0m
[[36m02-27 00:47:08[0m][[34mflashy.solver[0m][[32mINFO[0m] - Valid | Epoch 10 | 81/138 | 0.49 it/sec | loss 5.6421[0m
[[36m02-27 00:47:56[0m][[34mflashy.solver[0m][[32mINFO[0m] - Valid | Epoch 10 | 108/138 | 0.51 it/sec | loss 5.6468[0m
[[36m02-27 00:48:53[0m][[34mflashy.solver[0m][[32mINFO[0m] - Valid | Epoch 10 | 135/138 | 0.50 it/sec | loss 5.6507[0m
[[36m02-27 00:48:54[0m][[34mflashy.solver[0m][[32mINFO[0m] - [1mValid Summary | Epoch 10 | loss=5.6432 | duration=277.4171[0m
[[36m02-27 00:48:54[0m][[34mbm.solver[0m][[32mINFO[0m] - Scale Reject | Ratio 0.000%[0m
[[36m02-27 00:54:34[0m][[34mflashy.solver[0m][[32mINFO[0m] - Train | Epoch 11 | 158/794 | 0.47 it/sec | loss 5.2316[0m
[[36m02-27 01:00:04[0m][[34mflashy.solver[0m][[32mINFO[0m] - Train | Epoch 11 | 316/794 | 0.48 it/sec | loss 5.2199[0m
[[36m02-27 01:05:26[0m][[34mflashy.solver[0m][[32mINFO[0m] - Train | Epoch 11 | 474/794 | 0.48 it/sec | loss 5.2102[0m
[[36m02-27 01:10:51[0m][[34mflashy.solver[0m][[32mINFO[0m] - Train | Epoch 11 | 632/794 | 0.48 it/sec | loss 5.2116[0m
[[36m02-27 01:16:17[0m][[34mflashy.solver[0m][[32mINFO[0m] - Train | Epoch 11 | 790/794 | 0.48 it/sec | loss 5.2101[0m
[[36m02-27 01:16:22[0m][[34mflashy.solver[0m][[32mINFO[0m] - [1mTrain Summary | Epoch 11 | loss=5.2093 | duration=1647.8307[0m
[[36m02-27 01:17:25[0m][[34mflashy.solver[0m][[32mINFO[0m] - Valid | Epoch 11 | 27/138 | 0.48 it/sec | loss 5.6274[0m
[[36m02-27 01:18:12[0m][[34mflashy.solver[0m][[32mINFO[0m] - Valid | Epoch 11 | 54/138 | 0.52 it/sec | loss 5.6438[0m
[[36m02-27 01:19:10[0m][[34mflashy.solver[0m][[32mINFO[0m] - Valid | Epoch 11 | 81/138 | 0.50 it/sec | loss 5.6451[0m
[[36m02-27 01:19:58[0m][[34mflashy.solver[0m][[32mINFO[0m] - Valid | Epoch 11 | 108/138 | 0.52 it/sec | loss 5.6426[0m
[[36m02-27 01:20:53[0m][[34mflashy.solver[0m][[32mINFO[0m] - Valid | Epoch 11 | 135/138 | 0.51 it/sec | loss 5.6414[0m
[[36m02-27 01:20:54[0m][[34mflashy.solver[0m][[32mINFO[0m] - [1mValid Summary | Epoch 11 | loss=5.6328 | duration=271.8309[0m
[[36m02-27 01:20:54[0m][[34mbm.solver[0m][[32mINFO[0m] - Scale Reject | Ratio 0.000%[0m
[[36m02-27 01:26:17[0m][[34mflashy.solver[0m][[32mINFO[0m] - Train | Epoch 12 | 158/794 | 0.50 it/sec | loss 5.3027[0m
[[36m02-27 01:31:30[0m][[34mflashy.solver[0m][[32mINFO[0m] - Train | Epoch 12 | 316/794 | 0.50 it/sec | loss 5.2420[0m
[[36m02-27 01:36:35[0m][[34mflashy.solver[0m][[32mINFO[0m] - Train | Epoch 12 | 474/794 | 0.51 it/sec | loss 5.2280[0m
[[36m02-27 01:41:49[0m][[34mflashy.solver[0m][[32mINFO[0m] - Train | Epoch 12 | 632/794 | 0.51 it/sec | loss 5.2161[0m
[[36m02-27 01:47:04[0m][[34mflashy.solver[0m][[32mINFO[0m] - Train | Epoch 12 | 790/794 | 0.51 it/sec | loss 5.2145[0m
[[36m02-27 01:47:06[0m][[34mflashy.solver[0m][[32mINFO[0m] - [1mTrain Summary | Epoch 12 | loss=5.2135 | duration=1571.4005[0m
[[36m02-27 01:48:08[0m][[34mflashy.solver[0m][[32mINFO[0m] - Valid | Epoch 12 | 27/138 | 0.48 it/sec | loss 5.6861[0m
[[36m02-27 01:48:58[0m][[34mflashy.solver[0m][[32mINFO[0m] - Valid | Epoch 12 | 54/138 | 0.51 it/sec | loss 5.6725[0m
[[36m02-27 01:49:54[0m][[34mflashy.solver[0m][[32mINFO[0m] - Valid | Epoch 12 | 81/138 | 0.50 it/sec | loss 5.6766[0m
[[36m02-27 01:50:44[0m][[34mflashy.solver[0m][[32mINFO[0m] - Valid | Epoch 12 | 108/138 | 0.51 it/sec | loss 5.6736[0m
[[36m02-27 01:51:39[0m][[34mflashy.solver[0m][[32mINFO[0m] - Valid | Epoch 12 | 135/138 | 0.50 it/sec | loss 5.6721[0m
[[36m02-27 01:51:41[0m][[34mflashy.solver[0m][[32mINFO[0m] - [1mValid Summary | Epoch 12 | loss=5.6628 | duration=275.0964[0m
[[36m02-27 01:51:41[0m][[34mbm.solver[0m][[32mINFO[0m] - Scale Reject | Ratio 0.000%[0m
[[36m02-27 01:56:57[0m][[34mflashy.solver[0m][[32mINFO[0m] - Train | Epoch 13 | 158/794 | 0.51 it/sec | loss 5.4363[0m
[[36m02-27 02:02:00[0m][[34mflashy.solver[0m][[32mINFO[0m] - Train | Epoch 13 | 316/794 | 0.52 it/sec | loss 5.2830[0m
[[36m02-27 02:07:04[0m][[34mflashy.solver[0m][[32mINFO[0m] - Train | Epoch 13 | 474/794 | 0.52 it/sec | loss 5.2336[0m
[[36m02-27 02:12:10[0m][[34mflashy.solver[0m][[32mINFO[0m] - Train | Epoch 13 | 632/794 | 0.52 it/sec | loss 5.2129[0m
[[36m02-27 02:17:10[0m][[34mflashy.solver[0m][[32mINFO[0m] - Train | Epoch 13 | 790/794 | 0.52 it/sec | loss 5.2073[0m
[[36m02-27 02:17:18[0m][[34mflashy.solver[0m][[32mINFO[0m] - [1mTrain Summary | Epoch 13 | loss=5.2064 | duration=1536.1172[0m
[[36m02-27 02:18:19[0m][[34mflashy.solver[0m][[32mINFO[0m] - Valid | Epoch 13 | 27/138 | 0.48 it/sec | loss 5.6760[0m
[[36m02-27 02:19:13[0m][[34mflashy.solver[0m][[32mINFO[0m] - Valid | Epoch 13 | 54/138 | 0.49 it/sec | loss 5.6793[0m
[[36m02-27 02:20:01[0m][[34mflashy.solver[0m][[32mINFO[0m] - Valid | Epoch 13 | 81/138 | 0.51 it/sec | loss 5.6834[0m
[[36m02-27 02:20:51[0m][[34mflashy.solver[0m][[32mINFO[0m] - Valid | Epoch 13 | 108/138 | 0.52 it/sec | loss 5.6825[0m
[[36m02-27 02:21:47[0m][[34mflashy.solver[0m][[32mINFO[0m] - Valid | Epoch 13 | 135/138 | 0.51 it/sec | loss 5.6801[0m
[[36m02-27 02:21:48[0m][[34mflashy.solver[0m][[32mINFO[0m] - [1mValid Summary | Epoch 13 | loss=5.6725 | duration=270.6659[0m
[[36m02-27 02:21:48[0m][[34mbm.solver[0m][[33mWARNING[0m] - Model valid_loss did not improve for 10 epochs. Stopping the training.[0m
[[36m02-27 02:21:48[0m][[34mbm.solver[0m][[32mINFO[0m] - Scale Reject | Ratio 0.000%[0m
wandb: - 0.015 MB of 0.015 MB uploadedwandb: WARNING No program path found, not creating job artifact. See https://docs.wandb.ai/guides/launch/create-job
wandb: \ 0.015 MB of 0.015 MB uploadedwandb: | 0.015 MB of 0.050 MB uploadedwandb: / 0.051 MB of 0.051 MB uploadedwandb: 
wandb: Run history:
wandb:  test/duration █▆▁
wandb:       test/wer ▁▁█
wandb: test/wer_vocab █▁▇
wandb: train/duration ▄▅█▇▆▇▇▅▅▅▅▂▁
wandb:     train/loss █▆▅▄▄▃▄▂▃▁▁▁▁
wandb: valid/duration ▃▃▄█▆█▆▅▅▃▁▂▁
wandb:     valid/loss ▄▂▁▁▅▂▂▇▃▇▆██
wandb: 
wandb: Run summary:
wandb:  test/duration 666.50084
wandb:       test/wer 0.97451
wandb: test/wer_vocab 0.757
wandb: train/duration 1536.11721
wandb:     train/loss 5.20637
wandb: valid/duration 270.66594
wandb:     valid/loss 5.67248
wandb: 
wandb: 🚀 View run 10601fb2 at: https://wandb.ai/gnn-neuro/brainmagick/runs/10601fb2
wandb: Synced 6 W&B file(s), 0 media file(s), 0 artifact file(s) and 0 other file(s)
wandb: Find logs at: ./wandb/run-20240226_184802-10601fb2/logs
